[2015.11.26-01.09.46:260][  0]Log file open, 11/25/15 19:09:46
[2015.11.26-01.09.46:260][  0]LogInit:Display: Running engine for game: SillyGeo
[2015.11.26-01.09.46:261][  0]LogPlatformFile: Not using cached read wrapper
[2015.11.26-01.09.46:261][  0]LogInit:Display: RandInit(1230105246) SRandInit(1230105249).
[2015.11.26-01.09.46:261][  0]LogTaskGraph: Started task graph with 4 named threads and 5 total threads.
[2015.11.26-01.09.46:261][  0]LogStats: Stats thread started at 3.289713
[2015.11.26-01.09.46:261][  0]LogInit: Version: 4.10.0-2758231+++depot+UE4-Releases+4.10
[2015.11.26-01.09.46:261][  0]LogInit: API Version: 2758231
[2015.11.26-01.09.46:261][  0]LogInit: Compiled (64-bit): Nov  7 2015 05:13:45
[2015.11.26-01.09.46:261][  0]LogInit: Compiled with Visual C++: 19.00.23026.00
[2015.11.26-01.09.46:261][  0]LogInit: Build Configuration: Development
[2015.11.26-01.09.46:261][  0]LogInit: Branch Name: ++depot+UE4-Releases+4.10
[2015.11.26-01.09.46:261][  0]LogInit: Command line:  
[2015.11.26-01.09.46:261][  0]LogInit: Base directory: C:/Program Files/Epic Games/4.10/Engine/Binaries/Win64/
[2015.11.26-01.09.46:261][  0]LogInit: Rocket: 1
[2015.11.26-01.09.46:434][  0]LogInit: Using libcurl 7.41.0
[2015.11.26-01.09.46:434][  0]LogInit:  - built for x86_64-pc-win32
[2015.11.26-01.09.46:434][  0]LogInit:  - supports SSL with WinSSL
[2015.11.26-01.09.46:434][  0]LogInit:  - other features:
[2015.11.26-01.09.46:434][  0]LogInit:      CURL_VERSION_SSL
[2015.11.26-01.09.46:434][  0]LogInit:      CURL_VERSION_IPV6
[2015.11.26-01.09.46:434][  0]LogInit:      CURL_VERSION_ASYNCHDNS
[2015.11.26-01.09.46:434][  0]LogInit:      CURL_VERSION_LARGEFILE
[2015.11.26-01.09.46:434][  0]LogInit:      CURL_VERSION_IDN
[2015.11.26-01.09.46:435][  0]LogInit:  CurlRequestOptions (configurable via config and command line):
[2015.11.26-01.09.46:435][  0]LogInit:  - bVerifyPeer = true  - Libcurl will verify peer certificate
[2015.11.26-01.09.46:435][  0]LogInit:  - bUseHttpProxy = false  - Libcurl will NOT use HTTP proxy
[2015.11.26-01.09.46:435][  0]LogInit:  - bDontReuseConnections = false  - Libcurl will reuse connections
[2015.11.26-01.09.46:435][  0]LogInit:  - CertBundlePath = nullptr  - Libcurl will use whatever was configured at build time.
[2015.11.26-01.09.46:578][  0]LogInit: Presizing for 0 objects not considered by GC, pre-allocating 0 bytes.
[2015.11.26-01.09.46:810][  0]LogInit: Object subsystem initialized
[2015.11.26-01.09.46:969][  0]LogInit: Selected Device Profile: [Windows]
[2015.11.26-01.09.46:969][  0]LogInit: Applying CVar settings loaded from the selected device profile: [Windows]
[2015.11.26-01.09.47:156][  0]LogInit: Computer: JAMES
[2015.11.26-01.09.47:156][  0]LogInit: User: untamed
[2015.11.26-01.09.47:156][  0]LogInit: CPU Page size=4096, Cores=2
[2015.11.26-01.09.47:156][  0]LogInit: High frequency timer resolution =3.710937 MHz
[2015.11.26-01.09.47:156][  0]LogMemory: Memory total: Physical=8.0GB (8GB approx)
[2015.11.26-01.09.47:156][  0]LogMemory: Platform Memory Stats for Windows
[2015.11.26-01.09.47:156][  0]LogMemory: Process Physical Memory: 57.16 MB used, 57.16 MB peak
[2015.11.26-01.09.47:156][  0]LogMemory: Process Virtual Memory: 55.60 MB used, 55.60 MB peak
[2015.11.26-01.09.47:156][  0]LogMemory: Physical Memory: 3409.31 MB used, 8191.18 MB total
[2015.11.26-01.09.47:156][  0]LogMemory: Virtual Memory: 380.88 MB used, 134217728.00 MB total
[2015.11.26-01.09.48:173][  0]LogTextLocalizationManager: No specific translations for ('en-US') exist, so ('en') translations will be used.
[2015.11.26-01.09.49:499][  0]LogD3D11RHI: Found D3D11 adapter 0: NVIDIA GeForce GTX 970 (Feature Level 11_0)
[2015.11.26-01.09.49:499][  0]LogD3D11RHI: Adapter has 4008MB of dedicated video memory, 0MB of dedicated system memory, and 4095MB of shared system memory, 1 output[s]
[2015.11.26-01.09.49:501][  0]LogD3D11RHI: Found D3D11 adapter 1: Microsoft Basic Render Driver (Feature Level 11_0)
[2015.11.26-01.09.49:501][  0]LogD3D11RHI: Adapter has 0MB of dedicated video memory, 0MB of dedicated system memory, and 4095MB of shared system memory, 0 output[s]
[2015.11.26-01.09.49:501][  0]LogD3D11RHI: Chosen D3D11 Adapter Id = 0
[2015.11.26-01.09.49:509][  0]LogD3D11RHI: !Direct3DDevice
[2015.11.26-01.09.49:509][  0]LogRHI: Texture pool is 1361 MB (70% of 1945 MB)
[2015.11.26-01.09.49:546][  0]LogD3D11RHI: Async texture creation enabled
[2015.11.26-01.09.49:907][  0]LogShaderCompilers: Guid format shader working directory is -19 characters bigger than the processId version (../../../../../../Users/untamed/Documents/GitHub/TestGame/SillyGeo/Intermediate/Shaders/WorkingDirectory/10244/).
[2015.11.26-01.09.49:908][  0]LogShaderCompilers: Cleaned the shader compiler working directory 'C:/Users/untamed/AppData/Local/Temp/UnrealShaderWorkingDir/C1454FA0495BCC8C3570CDA3F7F1FA64/'.
[2015.11.26-01.09.49:908][  0]LogShaderCompilers:Display: Using Local Shader Compiler.
[2015.11.26-01.09.57:276][  0]LogTemp:Display: Loaded TP AllDesktopTargetPlatform
[2015.11.26-01.09.57:283][  0]LogTemp:Display: Loaded TP WindowsClientTargetPlatform
[2015.11.26-01.09.57:290][  0]LogTemp:Display: Loaded TP WindowsNoEditorTargetPlatform
[2015.11.26-01.09.57:297][  0]LogTemp:Display: Loaded TP WindowsServerTargetPlatform
[2015.11.26-01.09.57:313][  0]LogTemp:Display: Loaded TP WindowsTargetPlatform
[2015.11.26-01.09.57:331][  0]LogTemp:Display: Loaded TP AndroidTargetPlatform
[2015.11.26-01.09.57:335][  0]LogTemp:Display: Loaded TP Android_ASTCTargetPlatform
[2015.11.26-01.09.57:341][  0]LogTemp:Display: Loaded TP Android_ATCTargetPlatform
[2015.11.26-01.09.57:345][  0]LogTemp:Display: Loaded TP Android_DXTTargetPlatform
[2015.11.26-01.09.57:350][  0]LogTemp:Display: Loaded TP Android_ETC1TargetPlatform
[2015.11.26-01.09.57:355][  0]LogTemp:Display: Loaded TP Android_ETC2TargetPlatform
[2015.11.26-01.09.57:365][  0]LogTemp:Display: Loaded TP Android_MultiTargetPlatform
[2015.11.26-01.09.57:365][  0]LogTemp:Display: Loaded TP Android_PVRTCTargetPlatform
[2015.11.26-01.09.57:366][  0]LogTemp:Display: Loaded TP HTML5TargetPlatform
[2015.11.26-01.09.57:464][  0]LogTemp:Display: Loaded TP IOSTargetPlatform
[2015.11.26-01.09.57:469][  0]LogTemp:Display: Loaded TP LinuxNoEditorTargetPlatform
[2015.11.26-01.09.57:474][  0]LogTemp:Display: Loaded TP LinuxServerTargetPlatform
[2015.11.26-01.09.57:508][  0]LogTemp:Display: Loaded TP LinuxTargetPlatform
[2015.11.26-01.09.57:508][  0]LogTargetPlatformManager:Display: Building Assets For Windows
[2015.11.26-01.09.58:536][  0]LogDerivedDataCache:Display: Max Cache Size: 512 MB
[2015.11.26-01.09.58:890][  0]LogDerivedDataCache: Loaded boot cache 0.34s 41MB C:/Users/untamed/AppData/Local/UnrealEngine/4.10/DerivedDataCache/Boot.ddc.
[2015.11.26-01.09.58:890][  0]LogDerivedDataCache:Display: Loaded Boot cache: C:/Users/untamed/AppData/Local/UnrealEngine/4.10/DerivedDataCache/Boot.ddc
[2015.11.26-01.09.58:890][  0]LogDerivedDataCache: FDerivedDataBackendGraph:  Pak pak cache file ../../../../../../Users/untamed/Documents/GitHub/TestGame/SillyGeo/DerivedDataCache/DDC.ddp not found, will not use a pak cache.
[2015.11.26-01.09.58:890][  0]LogDerivedDataCache: Unable to find inner node Pak for hierarchical cache Hierarchy.
[2015.11.26-01.09.58:890][  0]LogDerivedDataCache: FDerivedDataBackendGraph:  CompressedPak pak cache file ../../../../../../Users/untamed/Documents/GitHub/TestGame/SillyGeo/DerivedDataCache/Compressed.ddp not found, will not use a pak cache.
[2015.11.26-01.09.58:890][  0]LogDerivedDataCache: Unable to find inner node CompressedPak for hierarchical cache Hierarchy.
[2015.11.26-01.09.59:055][  0]LogDerivedDataCache:Display: Pak cache opened for reading ../../../Engine/DerivedDataCache/Compressed.ddp.
[2015.11.26-01.09.59:067][  0]LogDerivedDataCache: Using Local data cache path C:/Users/untamed/AppData/Local/UnrealEngine/Common/DerivedDataCache: Writable
[2015.11.26-01.10.12:040][  0]LogInit: Selected Device Profile: [Windows]
[2015.11.26-01.10.12:108][  0]LogContentStreaming: Texture pool size is 0.000000MB
[2015.11.26-01.10.13:788][  0]LogMeshUtilities: No automatic mesh reduction module available
[2015.11.26-01.10.13:788][  0]LogMeshUtilities: No automatic mesh merging module available
[2015.11.26-01.10.18:884][  0]LogInit: WinSock: version 1.1 (2.2), MaxSocks=32767, MaxUdp=65467
[2015.11.26-01.10.44:085][  0]UdpMessaging: Initializing bridge on interface 0.0.0.0:0 to multicast group 230.0.0.1:6666.
[2015.11.26-01.10.45:298][  0]LogAssetRegistry: FAssetRegistry took 0.0125 seconds to start up
[2015.11.26-01.10.49:137][  0]SourceControl: Info Source control is disabled
[2015.11.26-01.10.49:151][  0]SourceControl: Info Source control is disabled
[2015.11.26-01.10.49:270][  0]SourceControl: Info Source control is disabled
[2015.11.26-01.10.49:364][  0]SourceControl: Info Source control is disabled
[2015.11.26-01.10.52:830][  0]LogObj: 28633 objects as part of root set at end of initial load.
[2015.11.26-01.10.52:830][  0]LogUObjectAllocator: 6099744 out of 0 bytes used by permanent object pool.
[2015.11.26-01.10.54:670][  0]LogEngine: Initializing Engine...
[2015.11.26-01.10.54:747][  0]LogHMD: Can't find Oculus library dev build: is proper Runtime installed? Version: 0.8.0.0
[2015.11.26-01.10.55:690][  0]LogHMD: SteamVR failed to initialize.  Err: 108
[2015.11.26-01.10.58:833][  0]LogAIModule: Creating AISystem for world NewWorld
[2015.11.26-01.10.59:730][  0]LogInit: XAudio2 using 'Speakers (Logitech G430 Gaming Headset)' : 8 channels at 48 kHz using 16 bits per sample (channel mask 0x63f)
[2015.11.26-01.10.59:781][  0]LogInit: FAudioDevice initialized.
[2015.11.26-01.10.59:829][  0]LogDerivedDataCache: Saved boot cache 0.05s 41MB C:/Users/untamed/AppData/Local/UnrealEngine/4.10/DerivedDataCache/Boot.ddc.
[2015.11.26-01.11.00:010][  0]LogInit: Texture streaming: Enabled
[2015.11.26-01.11.00:293][  0]LogAnalytics: Creating configured Analytics provider AnalyticsET
[2015.11.26-01.11.00:294][  0]LogAnalytics: [UEEditor.Rocket.Release] APIServer = http://et2.epicgames.com/ET2/. AppVersion = 4.10.0-2758231+++depot+UE4-Releases+4.10
[2015.11.26-01.11.00:294][  0]LogAnalytics: [UEEditor.Rocket.Release] SetUserId 5586b627480bf71cb31f9b80bfcc1ac3|bbb6e1f83558486caeed4dae96538fd8|0dd848ea-3f74-43e3-967b-80af1535b99f
[2015.11.26-01.11.00:336][  0]LogAnalytics: [UEEditor.Rocket.Release] AnalyticsET::StartSession
[2015.11.26-01.11.01:164][  0]LogInit: Transaction tracking system initialized
[2015.11.26-01.11.03:238][  0]BlueprintLog: New page: Editor Load
[2015.11.26-01.11.10:728][  0]LocalizationService: Info Localization service is disabled
[2015.11.26-01.11.16:314][  0]LogConsoleResponse:Display: 
[2015.11.26-01.11.23:615][  0]LogFileCache: Scanning file cache for directory 'C:/Users/untamed/Documents/GitHub/TestGame/SillyGeo/Content/' took 0.09s
[2015.11.26-01.11.23:615][  0]LogCook:Display: Done creating registry. It took  0.00s.
[2015.11.26-01.11.26:934][  0]SourceControl: Info Source control is disabled
[2015.11.26-01.11.27:383][  0]Cmd: MAP LOAD FILE="../../../../../../Users/untamed/Documents/GitHub/TestGame/SillyGeo/Content/Maps/GeoMap.umap" TEMPLATE=0 SHOWPROGRESS=1 FEATURELEVEL=3
[2015.11.26-01.11.27:689][  0]LightingResults: New page: Lighting Build
[2015.11.26-01.11.29:213][  0]MapCheck: New page: Map Check
[2015.11.26-01.11.29:213][  0]LightingResults: New page: Lighting Build
[2015.11.26-01.11.32:388][  0]LogParticles: Destroying 0 GPU particle simulations for FXSystem 0x0000018FFCE7F420
[2015.11.26-01.11.38:570][  0]LogBlueprint:Warning: [compiler GeoGameState] Warning  Clear Timer by Function Name  is deprecated; Use Clear Timer by Handle
[2015.11.26-01.11.38:572][  0]LogBlueprint:Warning: [compiler GeoGameState] Warning [0120.54] Compile of GeoGameState successful, but with 1 Warning(s) [in 22 ms]
[2015.11.26-01.11.38:572][  0]LogBlueprint:Warning: [compiler GeoGameState] Warning [0120.54] Compile of GeoGameState successful, but with 2 Warning(s) [in 0 ms]
[2015.11.26-01.11.38:572][  0]LogBlueprint:Warning: [compiler GeoGameState] Warning [0120.54] Compile of GeoGameState successful, but with 3 Warning(s) [in 0 ms]
[2015.11.26-01.11.39:775][  0]LogBlueprint:Warning: [compiler BP_Player] Warning  Clear Timer by Function Name  is deprecated; Use Clear Timer by Handle
[2015.11.26-01.11.39:788][  0]LogBlueprint:Warning: [compiler BP_Player] Warning [0121.76] Compile of BP_Player successful, but with 1 Warning(s) [in 132 ms]
[2015.11.26-01.11.39:845][  0]LogBlueprint:Warning: [compiler BP_Player] Warning [0121.81] Compile of BP_Player successful, but with 2 Warning(s) [in 56 ms]
[2015.11.26-01.11.39:845][  0]LogBlueprint:Warning: [compiler BP_Player] Warning [0121.81] Compile of BP_Player successful, but with 3 Warning(s) [in 0 ms]
[2015.11.26-01.11.39:945][  0]LogBlueprint:Warning: [compiler GeoGameState] Warning  Clear Timer by Function Name  is deprecated; Use Clear Timer by Handle
[2015.11.26-01.11.39:947][  0]LogBlueprint:Warning: [compiler GeoGameState] Warning [0121.91] Compile of GeoGameState successful, but with 1 Warning(s) [in 27 ms]
[2015.11.26-01.11.39:971][  0]LogBlueprint:Warning: [compiler GeoGameState] Warning [0121.94] Compile of GeoGameState successful, but with 2 Warning(s) [in 0 ms]
[2015.11.26-01.11.39:989][  0]LogBlueprint:Warning: [compiler GeoGameState] Warning [0121.96] Compile of GeoGameState successful, but with 3 Warning(s) [in 17 ms]
[2015.11.26-01.11.40:110][  0]LogBlueprint:Warning: [compiler BP_Player] Warning  Clear Timer by Function Name  is deprecated; Use Clear Timer by Handle
[2015.11.26-01.11.40:124][  0]LogBlueprint:Warning: [compiler BP_Player] Warning [0122.09] Compile of BP_Player successful, but with 1 Warning(s) [in 53 ms]
[2015.11.26-01.11.40:124][  0]LogBlueprint:Warning: [compiler BP_Player] Warning [0122.09] Compile of BP_Player successful, but with 2 Warning(s) [in 0 ms]
[2015.11.26-01.11.40:125][  0]LogBlueprint:Warning: [compiler BP_Player] Warning [0122.09] Compile of BP_Player successful, but with 3 Warning(s) [in 0 ms]
[2015.11.26-01.11.41:333][  0]LogBlueprint:Warning: [compiler BP_MasterEnemy] Warning  Clear Timer by Function Name  is deprecated; Use Clear Timer by Handle
[2015.11.26-01.11.41:361][  0]LogBlueprint:Warning: [compiler BP_MasterEnemy] Warning  Clear Timer by Function Name  is deprecated; Use Clear Timer by Handle
[2015.11.26-01.11.41:437][  0]LogBlueprint:Warning: [compiler BP_MasterEnemy] Warning [0123.40] Compile of BP_MasterEnemy successful, but with 2 Warning(s) [in 126 ms]
[2015.11.26-01.11.41:437][  0]LogBlueprint:Warning: [compiler BP_MasterEnemy] Warning [0123.40] Compile of BP_MasterEnemy successful, but with 3 Warning(s) [in 0 ms]
[2015.11.26-01.11.41:437][  0]LogBlueprint:Warning: [compiler BP_MasterEnemy] Warning [0123.40] Compile of BP_MasterEnemy successful, but with 4 Warning(s) [in 0 ms]
[2015.11.26-01.11.41:496][  0]LogBlueprint:Warning: [compiler BP_MasterEnemy] Warning  Clear Timer by Function Name  is deprecated; Use Clear Timer by Handle
[2015.11.26-01.11.41:496][  0]LogBlueprint:Warning: [compiler BP_MasterEnemy] Warning  Clear Timer by Function Name  is deprecated; Use Clear Timer by Handle
[2015.11.26-01.11.41:503][  0]LogBlueprint:Warning: [compiler BP_MasterEnemy] Warning [0123.47] Compile of BP_MasterEnemy successful, but with 2 Warning(s) [in 25 ms]
[2015.11.26-01.11.41:503][  0]LogBlueprint:Warning: [compiler BP_MasterEnemy] Warning [0123.47] Compile of BP_MasterEnemy successful, but with 3 Warning(s) [in 0 ms]
[2015.11.26-01.11.41:503][  0]LogBlueprint:Warning: [compiler BP_MasterEnemy] Warning [0123.47] Compile of BP_MasterEnemy successful, but with 4 Warning(s) [in 0 ms]
[2015.11.26-01.11.42:081][  0]LogLinker:Warning: CreateExport: Failed to load Parent for Function /Game/Enemies/Blueprints/GreenEnemy.GreenEnemy_C:UserConstructionScript; removing parent information, but keeping function
[2015.11.26-01.11.42:170][  0]LogLinker:Warning: CreateExport: Failed to load Parent for Function /Game/Enemies/Blueprints/RedEnemy.RedEnemy_C:UserConstructionScript; removing parent information, but keeping function
[2015.11.26-01.11.42:602][  0]LogBlueprint:Warning: [compiler BP_EnemySpawner] Warning  Clear Timer by Function Name  is deprecated; Use Clear Timer by Handle
[2015.11.26-01.11.42:602][  0]LogBlueprint:Warning: [compiler BP_EnemySpawner] Warning  Clear Timer by Function Name  is deprecated; Use Clear Timer by Handle
[2015.11.26-01.11.42:602][  0]LogBlueprint:Warning: [compiler BP_EnemySpawner] Warning  Clear Timer by Function Name  is deprecated; Use Clear Timer by Handle
[2015.11.26-01.11.42:602][  0]LogBlueprint:Warning: [compiler BP_EnemySpawner] Warning  Clear Timer by Function Name  is deprecated; Use Clear Timer by Handle
[2015.11.26-01.11.42:641][  0]LogBlueprint:Warning: [compiler BP_EnemySpawner] Warning  Get Random Point  is deprecated; please replace or remove it.
[2015.11.26-01.11.42:702][  0]LogBlueprint:Warning: [compiler BP_EnemySpawner] Warning [0124.67] Compile of BP_EnemySpawner successful, but with 5 Warning(s) [in 126 ms]
[2015.11.26-01.11.42:703][  0]LogBlueprint:Warning: [compiler BP_EnemySpawner] Warning [0124.67] Compile of BP_EnemySpawner successful, but with 6 Warning(s) [in 0 ms]
[2015.11.26-01.11.42:703][  0]LogBlueprint:Warning: [compiler BP_EnemySpawner] Warning [0124.67] Compile of BP_EnemySpawner successful, but with 7 Warning(s) [in 0 ms]
[2015.11.26-01.11.42:732][  0]LogBlueprint:Warning: [compiler BP_EnemySpawner] Warning  Clear Timer by Function Name  is deprecated; Use Clear Timer by Handle
[2015.11.26-01.11.42:732][  0]LogBlueprint:Warning: [compiler BP_EnemySpawner] Warning  Clear Timer by Function Name  is deprecated; Use Clear Timer by Handle
[2015.11.26-01.11.42:732][  0]LogBlueprint:Warning: [compiler BP_EnemySpawner] Warning  Clear Timer by Function Name  is deprecated; Use Clear Timer by Handle
[2015.11.26-01.11.42:732][  0]LogBlueprint:Warning: [compiler BP_EnemySpawner] Warning  Clear Timer by Function Name  is deprecated; Use Clear Timer by Handle
[2015.11.26-01.11.42:735][  0]LogBlueprint:Warning: [compiler BP_EnemySpawner] Warning  Get Random Point  is deprecated; please replace or remove it.
[2015.11.26-01.11.42:742][  0]LogBlueprint:Warning: [compiler BP_EnemySpawner] Warning [0124.71] Compile of BP_EnemySpawner successful, but with 5 Warning(s) [in 33 ms]
[2015.11.26-01.11.42:742][  0]LogBlueprint:Warning: [compiler BP_EnemySpawner] Warning [0124.71] Compile of BP_EnemySpawner successful, but with 6 Warning(s) [in 0 ms]
[2015.11.26-01.11.42:742][  0]LogBlueprint:Warning: [compiler BP_EnemySpawner] Warning [0124.71] Compile of BP_EnemySpawner successful, but with 7 Warning(s) [in 0 ms]
[2015.11.26-01.11.46:723][  0]LogMaterial: Missing cached shader map for material M_WireframeMasterEnemy, compiling. 
[2015.11.26-01.11.48:152][  0]LogMaterial: Missing cached shader map for material M_WireframeMasterEnemy, compiling. 
[2015.11.26-01.11.48:215][  0]LogMaterial: Missing cached shader map for material M_WorldGrid, compiling. 
[2015.11.26-01.11.48:241][  0]LogMaterial: Missing cached shader map for material M_WallShader_Master, compiling. 
[2015.11.26-01.11.49:003][  0]LogMaterial: Missing cached shader map for material M_PlayerDistortion, compiling. 
[2015.11.26-01.11.49:479][  0]LogMaterial: Missing cached shader map for material M_WorldSparks, compiling. 
[2015.11.26-01.11.49:538][  0]LogMaterial: Missing cached shader map for material M_WorldSparks, compiling. 
[2015.11.26-01.11.49:636][  0]LogMaterial: Missing cached shader map for material M_PlayerTrail, compiling. 
[2015.11.26-01.11.49:936][  0]LogMaterial: Missing cached shader map for material M_PlayerSkin, compiling. 
[2015.11.26-01.11.50:014][  0]LogMaterial: Missing cached shader map for material M_PlayerRim, compiling. 
[2015.11.26-01.11.50:514][  0]LogMaterial: Missing cached shader map for material M_WingMaterial, compiling. 
[2015.11.26-01.11.50:905][  0]LogMaterial: Missing cached shader map for material M_TargetReticle, compiling. 
[2015.11.26-01.11.54:073][  0]LogMaterial: Missing cached shader map for material M_MasterEnemy, compiling. 
[2015.11.26-01.11.55:128][  0]LogMaterial: Missing cached shader map for material M_EnemyFragments, compiling. 
[2015.11.26-01.11.59:058][  0]LogAIModule: Creating AISystem for world GeoMap
[2015.11.26-01.12.03:227][  0]LogEditorServer: Finished looking for orphan Actors (0.015 secs)
[2015.11.26-01.12.04:048][  0]Cmd: MAP CHECKDEP NOCLEARLOG
[2015.11.26-01.12.04:482][  0]MapCheck: Info Map check complete: 0 Error(s), 0 Warning(s), took 433.938ms to complete.
[2015.11.26-01.12.04:482][  0]LogFileHelpers: Loading map 'GeoMap' took 37.338
[2015.11.26-01.12.12:862][  0]LogCollectionManager: Loaded 0 collections in 0.004950 seconds
[2015.11.26-01.12.13:590][  0]LogFileCache: Scanning file cache for directory 'C:/Users/untamed/Documents/GitHub/TestGame/SillyGeo/Saved/Collections/' took 0.01s
[2015.11.26-01.12.13:590][  0]LogFileCache: Scanning file cache for directory 'C:/Users/untamed/Documents/GitHub/TestGame/SillyGeo/Content/Developers/untamed/Collections/' took 0.01s
[2015.11.26-01.12.13:590][  0]LogFileCache: Scanning file cache for directory 'C:/Users/untamed/Documents/GitHub/TestGame/SillyGeo/Content/Collections/' took 0.01s
[2015.11.26-01.12.13:590][  0]LogCollectionManager: Rebuilt the GUID cache for 0 collections in 0.000003 seconds
[2015.11.26-01.12.13:731][  0]LogContentBrowser: Native class hierarchy populated in 0.0926 seconds. Added 1893 classes and 338 folders.
[2015.11.26-01.12.14:268][  0]LogContentBrowser: Native class hierarchy updated for 'WidgetCarousel' in 0.0007 seconds. Added 0 classes and 0 folders.
[2015.11.26-01.12.17:890][  0]LogContentBrowser: Native class hierarchy updated for 'AddContentDialog' in 0.0005 seconds. Added 0 classes and 0 folders.
[2015.11.26-01.12.17:974][  0]LogContentBrowser: Native class hierarchy updated for 'SceneOutliner' in 0.0006 seconds. Added 1 classes and 2 folders.
[2015.11.26-01.12.19:089][  0]LogCrashTracker: Crashtracker disabled due to settings.
[2015.11.26-01.12.19:367][  0]LogUObjectGlobals:Warning: Failed to find object 'Class None.'
[2015.11.26-01.12.19:457][  0]LogLoad: Full Startup: 161.42 seconds (BP compile: 2.51 seconds)
[2015.11.26-01.12.19:524][  0]LogOcInput: Can't find Oculus library dev build: is proper Runtime installed? Version: 0.8.0.0
[2015.11.26-01.12.20:766][  0]LogContentStreaming: Texture pool size now 1000 MB
[2015.11.26-01.12.21:734][  0]LogRenderer: Reallocating scene render targets to support 968x548 (Frame:2).
[2015.11.26-01.12.24:214][ 13]LogAssetRegistry: Asset discovery search completed in 98.9270 seconds
[2015.11.26-01.12.24:227][ 13]LogCollectionManager: Rebuilt the object cache for 0 collections in 0.000001 seconds (found 0 objects)
[2015.11.26-01.12.24:227][ 13]LogCollectionManager: Fixed up redirectors for 0 collections in 0.000574 seconds (updated 0 objects)
[2015.11.26-01.13.35:870][949]LogBlueprintUserMessages: Early PlayInEditor Detection: Level '/Game/Maps/GeoMap.GeoMap:PersistentLevel' has LevelScriptBlueprint '/Game/Maps/GeoMap.GeoMap:PersistentLevel.GeoMap' with GeneratedClass '/Game/Maps/GeoMap.GeoMap_C' with ClassGeneratedBy '/Game/Maps/GeoMap.GeoMap:PersistentLevel.GeoMap'
[2015.11.26-01.13.35:871][949]LogPlayLevel: PlayLevel: No blueprints needed recompiling
[2015.11.26-01.13.35:927][949]PIE: New page: PIE session: GeoMap (Nov 25, 2015, 1:13:35 PM)
[2015.11.26-01.13.35:945][949]LogPlayLevel: Creating play world package: /Game/Maps/UEDPIE_0_GeoMap
[2015.11.26-01.13.36:274][949]LogPlayLevel: PIE: StaticDuplicateObject took: (0.329083s)
[2015.11.26-01.13.36:275][949]LogAIModule: Creating AISystem for world GeoMap
[2015.11.26-01.13.36:275][949]LogPlayLevel: PIE: World Init took: (0.001039s)
[2015.11.26-01.13.36:275][949]LogPlayLevel: PIE: Created PIE world by copying editor world from /Game/Maps/GeoMap.GeoMap to /Game/Maps/UEDPIE_0_GeoMap.GeoMap (0.330470s)
[2015.11.26-01.13.36:655][949]LogInit: XAudio2 using 'Speakers (Logitech G430 Gaming Headset)' : 8 channels at 48 kHz using 16 bits per sample (channel mask 0x63f)
[2015.11.26-01.13.36:667][949]LogInit: FAudioDevice initialized.
[2015.11.26-01.13.37:094][949]LogWorld: Game class is 'SillyGeoGameMode_C'
[2015.11.26-01.13.37:238][949]LogWorld: Bringing World /Game/Maps/UEDPIE_0_GeoMap.GeoMap up for play (max tick rate 0) at 2015.11.25-19.13.37
[2015.11.26-01.13.37:238][949]LogActor:Warning: GameSession /Game/Maps/UEDPIE_0_GeoMap.GeoMap:PersistentLevel.GameSession_0 has natively added scene component(s), but none of them were set as the actor's RootComponent - picking one arbitrarily
[2015.11.26-01.13.37:251][949]LogActor:Warning: GameNetworkManager /Game/Maps/UEDPIE_0_GeoMap.GeoMap:PersistentLevel.GameNetworkManager_0 has natively added scene component(s), but none of them were set as the actor's RootComponent - picking one arbitrarily
[2015.11.26-01.13.37:319][949]LogWorld: Bringing up level for play took: 0.092673
[2015.11.26-01.13.37:493][949]PIE: Info Play in editor start time for /Game/Maps/UEDPIE_0_GeoMap 1.429
[2015.11.26-01.13.37:494][949]LogBlueprintUserMessages: Late PlayInEditor Detection: Level '/Game/Maps/GeoMap.GeoMap:PersistentLevel' has LevelScriptBlueprint '/Game/Maps/GeoMap.GeoMap:PersistentLevel.GeoMap' with GeneratedClass '/Game/Maps/GeoMap.GeoMap_C' with ClassGeneratedBy '/Game/Maps/GeoMap.GeoMap:PersistentLevel.GeoMap'
[2015.11.26-01.13.54:636][811]LogPrimitiveComponent: Zero scaling not supported (/Game/Maps/UEDPIE_0_GeoMap.GeoMap:PersistentLevel.BP_Player_C_1.WeaponWings)
[2015.11.26-01.13.57:054][ 90]LogBlueprintUserMessages: [BP_Player_C_1] YOU DIED
[2015.11.26-01.14.03:515][842]LogBlueprintUserMessages: Early EndPlayMap Detection: Level '/Game/Maps/GeoMap.GeoMap:PersistentLevel' has LevelScriptBlueprint '/Game/Maps/GeoMap.GeoMap:PersistentLevel.GeoMap' with GeneratedClass '/Game/Maps/GeoMap.GeoMap_C' with ClassGeneratedBy '/Game/Maps/GeoMap.GeoMap:PersistentLevel.GeoMap'
[2015.11.26-01.14.03:913][842]LogBlueprintUserMessages: Late EndPlayMap Detection: Level '/Game/Maps/GeoMap.GeoMap:PersistentLevel' has LevelScriptBlueprint '/Game/Maps/GeoMap.GeoMap:PersistentLevel.GeoMap' with GeneratedClass '/Game/Maps/GeoMap.GeoMap_C' with ClassGeneratedBy '/Game/Maps/GeoMap.GeoMap:PersistentLevel.GeoMap'
[2015.11.26-01.14.03:986][842]LogParticles: Destroying 0 GPU particle simulations for FXSystem 0x0000018F85027060
[2015.11.26-01.14.05:287][978]LogBlueprintUserMessages: Early PlayInEditor Detection: Level '/Game/Maps/GeoMap.GeoMap:PersistentLevel' has LevelScriptBlueprint '/Game/Maps/GeoMap.GeoMap:PersistentLevel.GeoMap' with GeneratedClass '/Game/Maps/GeoMap.GeoMap_C' with ClassGeneratedBy '/Game/Maps/GeoMap.GeoMap:PersistentLevel.GeoMap'
[2015.11.26-01.14.05:287][978]LogPlayLevel: PlayLevel: No blueprints needed recompiling
[2015.11.26-01.14.05:287][978]PIE: New page: PIE session: GeoMap (Nov 25, 2015, 1:14:05 PM)
[2015.11.26-01.14.05:287][978]LogPlayLevel: Creating play world package: /Game/Maps/UEDPIE_0_GeoMap
[2015.11.26-01.14.05:335][978]LogPlayLevel: PIE: StaticDuplicateObject took: (0.048058s)
[2015.11.26-01.14.05:336][978]LogAIModule: Creating AISystem for world GeoMap
[2015.11.26-01.14.05:336][978]LogPlayLevel: PIE: World Init took: (0.001394s)
[2015.11.26-01.14.05:337][978]LogPlayLevel: PIE: Created PIE world by copying editor world from /Game/Maps/GeoMap.GeoMap to /Game/Maps/UEDPIE_0_GeoMap.GeoMap (0.049767s)
[2015.11.26-01.14.05:377][978]LogInit: XAudio2 using 'Speakers (Logitech G430 Gaming Headset)' : 8 channels at 48 kHz using 16 bits per sample (channel mask 0x63f)
[2015.11.26-01.14.05:387][978]LogInit: FAudioDevice initialized.
[2015.11.26-01.14.05:438][978]LogWorld: Game class is 'SillyGeoGameMode_C'
[2015.11.26-01.14.05:450][978]LogWorld: Bringing World /Game/Maps/UEDPIE_0_GeoMap.GeoMap up for play (max tick rate 0) at 2015.11.25-19.14.05
[2015.11.26-01.14.05:450][978]LogActor:Warning: GameSession /Game/Maps/UEDPIE_0_GeoMap.GeoMap:PersistentLevel.GameSession_1 has natively added scene component(s), but none of them were set as the actor's RootComponent - picking one arbitrarily
[2015.11.26-01.14.05:450][978]LogActor:Warning: GameNetworkManager /Game/Maps/UEDPIE_0_GeoMap.GeoMap:PersistentLevel.GameNetworkManager_1 has natively added scene component(s), but none of them were set as the actor's RootComponent - picking one arbitrarily
[2015.11.26-01.14.05:451][978]LogWorld: Bringing up level for play took: 0.012285
[2015.11.26-01.14.05:454][978]PIE: Info Play in editor start time for /Game/Maps/UEDPIE_0_GeoMap -0.61
[2015.11.26-01.14.05:454][978]LogBlueprintUserMessages: Late PlayInEditor Detection: Level '/Game/Maps/GeoMap.GeoMap:PersistentLevel' has LevelScriptBlueprint '/Game/Maps/GeoMap.GeoMap:PersistentLevel.GeoMap' with GeneratedClass '/Game/Maps/GeoMap.GeoMap_C' with ClassGeneratedBy '/Game/Maps/GeoMap.GeoMap:PersistentLevel.GeoMap'
[2015.11.26-01.14.17:002][276]LogBlueprintUserMessages: Early EndPlayMap Detection: Level '/Game/Maps/GeoMap.GeoMap:PersistentLevel' has LevelScriptBlueprint '/Game/Maps/GeoMap.GeoMap:PersistentLevel.GeoMap' with GeneratedClass '/Game/Maps/GeoMap.GeoMap_C' with ClassGeneratedBy '/Game/Maps/GeoMap.GeoMap:PersistentLevel.GeoMap'
[2015.11.26-01.14.17:039][276]LogBlueprintUserMessages: Late EndPlayMap Detection: Level '/Game/Maps/GeoMap.GeoMap:PersistentLevel' has LevelScriptBlueprint '/Game/Maps/GeoMap.GeoMap:PersistentLevel.GeoMap' with GeneratedClass '/Game/Maps/GeoMap.GeoMap_C' with ClassGeneratedBy '/Game/Maps/GeoMap.GeoMap:PersistentLevel.GeoMap'
[2015.11.26-01.14.17:111][277]LogParticles: Destroying 0 GPU particle simulations for FXSystem 0x0000018F80E5E840
[2015.11.26-01.14.23:421][990]LogWindowsTextInputMethodSystem:Display: IME system now deactivated.
[2015.11.26-01.14.24:093][991]Cmd: QUIT_EDITOR
[2015.11.26-01.14.25:232][991]LogExit: Preparing to exit.
[2015.11.26-01.14.26:687][991]LogExit: Editor shut down
[2015.11.26-01.14.26:687][991]LogExit: Transaction tracking system shut down
[2015.11.26-01.14.26:722][991]LogParticles: Destroying 0 GPU particle simulations for FXSystem 0x0000018F87809260
[2015.11.26-01.14.27:744][991]LogParticles: Destroying 0 GPU particle simulations for FXSystem 0x0000018F8A4DB240
[2015.11.26-01.14.27:744][991]LogExit: Object subsystem successfully closed.
[2015.11.26-01.14.27:928][991]LogD3D11RHI: Shutdown
[2015.11.26-01.14.27:928][991]LogD3D11RHI: CleanupD3DDevice
[2015.11.26-01.14.28:095][991]LogD3D11RHI: ~FD3D11DynamicRHI
[2015.11.26-01.14.28:675][991]LogModuleManager: Shutting down and abandoning module CrashTracker (198)
[2015.11.26-01.14.28:675][991]LogModuleManager: Shutting down and abandoning module SceneOutliner (197)
[2015.11.26-01.14.28:675][991]LogModuleManager: Shutting down and abandoning module SuperSearch (196)
[2015.11.26-01.14.28:675][991]LogModuleManager: Shutting down and abandoning module WidgetCarousel (195)
[2015.11.26-01.14.28:683][991]LogModuleManager: Shutting down and abandoning module AddContentDialog (194)
[2015.11.26-01.14.28:701][991]LogModuleManager: Shutting down and abandoning module EditorWidgets (193)
[2015.11.26-01.14.28:701][991]LogModuleManager: Shutting down and abandoning module CollectionManager (192)
[2015.11.26-01.14.28:717][991]LogModuleManager: Shutting down and abandoning module StatsViewer (191)
[2015.11.26-01.14.28:717][991]LogModuleManager: Shutting down and abandoning module FoliageEdit (190)
[2015.11.26-01.14.28:718][991]LogModuleManager: Shutting down and abandoning module LandscapeEditor (189)
[2015.11.26-01.14.28:744][991]LogModuleManager: Shutting down and abandoning module ActorPickerMode (188)
[2015.11.26-01.14.28:744][991]LogModuleManager: Shutting down and abandoning module GeometryMode (187)
[2015.11.26-01.14.28:744][991]LogModuleManager: Shutting down and abandoning module TextureAlignMode (186)
[2015.11.26-01.14.28:744][991]LogModuleManager: Shutting down and abandoning module BspMode (185)
[2015.11.26-01.14.28:744][991]LogModuleManager: Shutting down and abandoning module PlacementMode (184)
[2015.11.26-01.14.28:745][991]LogModuleManager: Shutting down and abandoning module AutomationWorker (183)
[2015.11.26-01.14.28:745][991]LogModuleManager: Shutting down and abandoning module CharacterAI (182)
[2015.11.26-01.14.28:745][991]LogModuleManager: Shutting down and abandoning module SmartSnapping (181)
[2015.11.26-01.14.28:745][991]LogModuleManager: Shutting down and abandoning module ViewportSnapping (180)
[2015.11.26-01.14.28:745][991]LogModuleManager: Shutting down and abandoning module LogVisualizer (179)
[2015.11.26-01.14.28:759][991]LogModuleManager: Shutting down and abandoning module GameProjectGeneration (178)
[2015.11.26-01.14.28:771][991]LogModuleManager: Shutting down and abandoning module IntroTutorials (177)
[2015.11.26-01.14.28:804][991]LogModuleManager: Shutting down and abandoning module EditorLiveStreaming (176)
[2015.11.26-01.14.28:804][991]LogModuleManager: Shutting down and abandoning module IOSPlatformEditor (175)
[2015.11.26-01.14.28:805][991]LogModuleManager: Shutting down and abandoning module HTML5PlatformEditor (174)
[2015.11.26-01.14.28:805][991]LogModuleManager: Shutting down and abandoning module AndroidDeviceDetection (173)
[2015.11.26-01.14.29:196][991]LogModuleManager: Shutting down and abandoning module AndroidPlatformEditor (172)
[2015.11.26-01.14.29:196][991]LogModuleManager: Shutting down and abandoning module IOSRuntimeSettings (171)
[2015.11.26-01.14.29:196][991]LogModuleManager: Shutting down and abandoning module AndroidRuntimeSettings (170)
[2015.11.26-01.14.29:196][991]LogModuleManager: Shutting down and abandoning module MergeActors (169)
[2015.11.26-01.14.29:210][991]LogModuleManager: Shutting down and abandoning module SizeMap (168)
[2015.11.26-01.14.29:210][991]LogModuleManager: Shutting down and abandoning module TreeMap (167)
[2015.11.26-01.14.29:210][991]LogModuleManager: Shutting down and abandoning module ReferenceViewer (166)
[2015.11.26-01.14.29:210][991]LogModuleManager: Shutting down and abandoning module LocalizationService (165)
[2015.11.26-01.14.29:211][991]LogModuleManager: Shutting down and abandoning module LocalizationDashboard (164)
[2015.11.26-01.14.29:211][991]LogModuleManager: Shutting down and abandoning module HardwareTargeting (163)
[2015.11.26-01.14.29:211][991]LogModuleManager: Shutting down and abandoning module DeviceProfileEditor (162)
[2015.11.26-01.14.29:211][991]LogModuleManager: Shutting down and abandoning module UndoHistory (161)
[2015.11.26-01.14.29:211][991]LogModuleManager: Shutting down and abandoning module GameplayTagsEditor (160)
[2015.11.26-01.14.29:220][991]LogModuleManager: Shutting down and abandoning module UserFeedback (159)
[2015.11.26-01.14.29:220][991]LogModuleManager: Shutting down and abandoning module XmlParser (158)
[2015.11.26-01.14.29:220][991]LogModuleManager: Shutting down and abandoning module Blutility (157)
[2015.11.26-01.14.29:220][991]LogModuleManager: Shutting down and abandoning module ProjectTargetPlatformEditor (156)
[2015.11.26-01.14.29:234][991]LogModuleManager: Shutting down and abandoning module ProjectSettingsViewer (155)
[2015.11.26-01.14.29:234][991]LogModuleManager: Shutting down and abandoning module InputBindingEditor (154)
[2015.11.26-01.14.29:234][991]LogModuleManager: Shutting down and abandoning module EditorSettingsViewer (153)
[2015.11.26-01.14.29:235][991]LogModuleManager: Shutting down and abandoning module SettingsEditor (152)
[2015.11.26-01.14.29:235][991]LogModuleManager: Shutting down and abandoning module ProjectLauncher (151)
[2015.11.26-01.14.29:248][991]LogModuleManager: Shutting down and abandoning module SessionFrontend (150)
[2015.11.26-01.14.29:248][991]LogModuleManager: Shutting down and abandoning module ProfilerClient (149)
[2015.11.26-01.14.29:249][991]LogModuleManager: Shutting down and abandoning module TargetDeviceServices (148)
[2015.11.26-01.14.29:249][991]LogModuleManager: Shutting down and abandoning module DeviceManager (147)
[2015.11.26-01.14.29:267][991]LogModuleManager: Shutting down and abandoning module AutomationController (146)
[2015.11.26-01.14.29:267][991]LogModuleManager: Shutting down and abandoning module AutomationWindow (145)
[2015.11.26-01.14.29:287][991]LogModuleManager: Shutting down and abandoning module Layers (144)
[2015.11.26-01.14.29:289][991]LogModuleManager: Shutting down and abandoning module ComponentVisualizers (143)
[2015.11.26-01.14.29:289][991]LogModuleManager: Shutting down and abandoning module DetailCustomizations (142)
[2015.11.26-01.14.29:301][991]LogModuleManager: Shutting down and abandoning module PackagesDialog (141)
[2015.11.26-01.14.29:302][991]LogModuleManager: Shutting down and abandoning module Persona (140)
[2015.11.26-01.14.29:348][991]LogModuleManager: Shutting down and abandoning module Kismet (139)
[2015.11.26-01.14.29:364][991]LogModuleManager: Shutting down and abandoning module GraphEditor (138)
[2015.11.26-01.14.29:397][991]LogModuleManager: Shutting down and abandoning module ClassViewer (137)
[2015.11.26-01.14.29:407][991]LogModuleManager: Shutting down and abandoning module Toolbox (136)
[2015.11.26-01.14.29:407][991]LogModuleManager: Shutting down and abandoning module ModuleUI (135)
[2015.11.26-01.14.29:408][991]LogModuleManager: Shutting down and abandoning module MovieSceneTools (134)
[2015.11.26-01.14.29:408][991]LogModuleManager: Shutting down and abandoning module OutputLog (133)
[2015.11.26-01.14.29:408][991]LogModuleManager: Shutting down and abandoning module GammaUI (132)
[2015.11.26-01.14.29:408][991]LogModuleManager: Shutting down and abandoning module Documentation (131)
[2015.11.26-01.14.29:408][991]LogModuleManager: Shutting down and abandoning module GameLiveStreaming (130)
[2015.11.26-01.14.29:408][991]LogModuleManager: Shutting down and abandoning module StreamingPauseRendering (129)
[2015.11.26-01.14.29:408][991]LogModuleManager: Shutting down and abandoning module AnalyticsET (128)
[2015.11.26-01.14.29:408][991]LogModuleManager: Shutting down and abandoning module Analytics (127)
[2015.11.26-01.14.29:408][991]LogModuleManager: Shutting down and abandoning module AITestSuite (126)
[2015.11.26-01.14.29:409][991]LogModuleManager: Shutting down and abandoning module GameplayDebugger (125)
[2015.11.26-01.14.29:421][991]LogModuleManager: Shutting down and abandoning module AIModule (124)
[2015.11.26-01.14.29:421][991]LogModuleManager: Shutting down and abandoning module ProfilerService (123)
[2015.11.26-01.14.29:459][991]LogModuleManager: Shutting down and abandoning module TaskGraph (122)
[2015.11.26-01.14.29:480][991]LogModuleManager: Shutting down and abandoning module SlateRemote (121)
[2015.11.26-01.14.29:480][991]LogModuleManager: Shutting down and abandoning module SteamVRController (120)
[2015.11.26-01.14.29:480][991]LogModuleManager: Shutting down and abandoning module SteamVR (119)
[2015.11.26-01.14.29:480][991]LogModuleManager: Shutting down and abandoning module ProceduralMeshComponent (118)
[2015.11.26-01.14.29:480][991]LogModuleManager: Shutting down and abandoning module OculusLibrary (117)
[2015.11.26-01.14.29:480][991]LogModuleManager: Shutting down and abandoning module OculusInput (116)
[2015.11.26-01.14.29:480][991]LogModuleManager: Shutting down and abandoning module LeapMotionController (115)
[2015.11.26-01.14.29:546][991]LogModuleManager: Shutting down and abandoning module CustomMeshComponent (114)
[2015.11.26-01.14.29:546][991]LogModuleManager: Shutting down and abandoning module CableComponent (113)
[2015.11.26-01.14.29:559][991]LogModuleManager: Shutting down and abandoning module ArchVisCharacter (112)
[2015.11.26-01.14.29:559][991]LogModuleManager: Shutting down and abandoning module MessagingDebugger (111)
[2015.11.26-01.14.29:570][991]LogModuleManager: Shutting down and abandoning module MediaPlayerEditor (110)
[2015.11.26-01.14.29:570][991]LogModuleManager: Shutting down and abandoning module HTML5Networking (109)
[2015.11.26-01.14.29:570][991]LogModuleManager: Shutting down and abandoning module SpeedTreeImporter (108)
[2015.11.26-01.14.29:570][991]LogModuleManager: Shutting down and abandoning module PluginBrowser (107)
[2015.11.26-01.14.29:570][991]LogModuleManager: Shutting down and abandoning module EpicSurvey (106)
[2015.11.26-01.14.29:580][991]LogModuleManager: Shutting down and abandoning module DesktopPlatform (105)
[2015.11.26-01.14.29:580][991]LogModuleManager: Shutting down and abandoning module VisualStudioSourceCodeAccess (104)
[2015.11.26-01.14.29:580][991]LogModuleManager: Shutting down and abandoning module UObjectPlugin (103)
[2015.11.26-01.14.29:580][991]LogModuleManager: Shutting down and abandoning module SubversionSourceControl (102)
[2015.11.26-01.14.29:594][991]LogModuleManager: Shutting down and abandoning module PerforceSourceControl (101)
[2015.11.26-01.14.29:611][991]LogModuleManager: Shutting down and abandoning module SourceControl (100)
[2015.11.26-01.14.29:622][991]LogModuleManager: Shutting down and abandoning module GitSourceControl (99)
[2015.11.26-01.14.29:623][991]LogModuleManager: Shutting down and abandoning module LightPropagationVolumeEditor (98)
[2015.11.26-01.14.29:623][991]LogModuleManager: Shutting down and abandoning module PaperTiledImporter (97)
[2015.11.26-01.14.29:623][991]LogModuleManager: Shutting down and abandoning module PaperSpriteSheetImporter (96)
[2015.11.26-01.14.29:623][991]LogModuleManager: Shutting down and abandoning module MeshPaint (95)
[2015.11.26-01.14.29:623][991]LogModuleManager: Shutting down and abandoning module SlateReflector (94)
[2015.11.26-01.14.29:623][991]LogModuleManager: Shutting down and abandoning module HotReload (93)
[2015.11.26-01.14.29:639][991]LogModuleManager: Shutting down and abandoning module MainFrame (92)
[2015.11.26-01.14.29:639][991]LogModuleManager: Shutting down and abandoning module LevelEditor (91)
[2015.11.26-01.14.29:640][991]LogModuleManager: Shutting down and abandoning module DirectoryWatcher (90)
[2015.11.26-01.14.29:642][991]LogModuleManager: Shutting down and abandoning module AssetRegistry (89)
[2015.11.26-01.14.29:799][991]LogModuleManager: Shutting down and abandoning module ContentBrowser (88)
[2015.11.26-01.14.29:800][991]LogModuleManager: Shutting down and abandoning module Paper2DEditor (87)
[2015.11.26-01.14.29:800][991]LogModuleManager: Shutting down and abandoning module UdpMessaging (86)
[2015.11.26-01.14.29:901][991]LogModuleManager: Shutting down and abandoning module LightPropagationVolumeRuntime (85)
[2015.11.26-01.14.29:901][991]LogModuleManager: Shutting down and abandoning module Paper2D (84)
[2015.11.26-01.14.29:901][991]LogModuleManager: Shutting down and abandoning module WindowsMoviePlayer (83)
[2015.11.26-01.14.29:904][991]LogModuleManager: Shutting down and abandoning module Media (82)
[2015.11.26-01.14.29:904][991]LogModuleManager: Shutting down and abandoning module WmfMedia (81)
[2015.11.26-01.14.29:904][991]LogModuleManager: Shutting down and abandoning module OnlineBlueprintSupport (80)
[2015.11.26-01.14.29:904][991]LogModuleManager: Shutting down and abandoning module GameplayTasksEditor (79)
[2015.11.26-01.14.29:904][991]LogModuleManager: Shutting down and abandoning module PropertyEditor (78)
[2015.11.26-01.14.29:904][991]LogModuleManager: Shutting down and abandoning module BehaviorTreeEditor (77)
[2015.11.26-01.14.29:949][991]LogModuleManager: Shutting down and abandoning module FunctionalTesting (76)
[2015.11.26-01.14.29:949][991]LogModuleManager: Shutting down and abandoning module CollisionAnalyzer (75)
[2015.11.26-01.14.29:957][991]LogModuleManager: Shutting down and abandoning module WorkspaceMenuStructure (74)
[2015.11.26-01.14.29:957][991]LogModuleManager: Shutting down and abandoning module MessageLog (73)
[2015.11.26-01.14.29:957][991]LogModuleManager: Shutting down and abandoning module Sequencer (72)
[2015.11.26-01.14.29:959][991]LogModuleManager: Shutting down and abandoning module AssetTools (71)
[2015.11.26-01.14.30:013][991]LogModuleManager: Shutting down and abandoning module UMGEditor (70)
[2015.11.26-01.14.30:013][991]LogModuleManager: Shutting down and abandoning module UMG (69)
[2015.11.26-01.14.30:013][991]LogModuleManager: Shutting down and abandoning module Slate (68)
[2015.11.26-01.14.30:013][991]LogModuleManager: Shutting down and abandoning module EditorStyle (67)
[2015.11.26-01.14.30:018][991]LogModuleManager: Shutting down and abandoning module SessionServices (66)
[2015.11.26-01.14.30:018][991]LogModuleManager: Shutting down and abandoning module SourceCodeAccess (65)
[2015.11.26-01.14.30:018][991]LogModuleManager: Shutting down and abandoning module HeadMountedDisplay (64)
[2015.11.26-01.14.30:018][991]LogModuleManager: Shutting down and abandoning module XAudio2 (63)
[2015.11.26-01.14.30:018][991]LogModuleManager: Shutting down and abandoning module Networking (61)
[2015.11.26-01.14.30:018][991]LogModuleManager: Shutting down and abandoning module Core (60)
[2015.11.26-01.14.30:018][991]LogModuleManager: Shutting down and abandoning module KismetCompiler (59)
[2015.11.26-01.14.30:018][991]LogModuleManager: Shutting down and abandoning module PhysXFormats (58)
[2015.11.26-01.14.30:018][991]LogModuleManager: Shutting down and abandoning module MeshUtilities (57)
[2015.11.26-01.14.30:019][991]LogModuleManager: Shutting down and abandoning module DerivedDataCache (56)
[2015.11.26-01.14.30:126][991]LogDerivedDataCache: Shutdown
[2015.11.26-01.14.30:126][991]LogModuleManager: Shutting down and abandoning module ShaderFormatOpenGL (55)
[2015.11.26-01.14.30:136][991]LogModuleManager: Shutting down and abandoning module ShaderFormatD3D (54)
[2015.11.26-01.14.30:136][991]LogModuleManager: Shutting down and abandoning module MetalShaderFormat (53)
[2015.11.26-01.14.30:137][991]LogModuleManager: Shutting down and abandoning module TextureFormatUncompressed (52)
[2015.11.26-01.14.30:137][991]LogModuleManager: Shutting down and abandoning module TextureFormatPVR (51)
[2015.11.26-01.14.30:137][991]LogModuleManager: Shutting down and abandoning module TextureFormatIntelISPCTexComp (50)
[2015.11.26-01.14.30:137][991]LogModuleManager: Shutting down and abandoning module TextureFormatDXT (49)
[2015.11.26-01.14.30:137][991]LogModuleManager: Shutting down and abandoning module ImageWrapper (48)
[2015.11.26-01.14.30:137][991]LogModuleManager: Shutting down and abandoning module TextureFormatASTC (47)
[2015.11.26-01.14.30:137][991]LogModuleManager: Shutting down and abandoning module TextureFormatAndroid (46)
[2015.11.26-01.14.30:137][991]LogModuleManager: Shutting down and abandoning module AudioFormatOpus (45)
[2015.11.26-01.14.30:149][991]LogModuleManager: Shutting down and abandoning module AudioFormatOgg (44)
[2015.11.26-01.14.30:149][991]LogModuleManager: Shutting down and abandoning module AudioFormatADPCM (43)
[2015.11.26-01.14.30:149][991]LogModuleManager: Shutting down and abandoning module LinuxTargetPlatform (42)
[2015.11.26-01.14.30:149][991]LogModuleManager: Shutting down and abandoning module LinuxServerTargetPlatform (41)
[2015.11.26-01.14.30:149][991]LogModuleManager: Shutting down and abandoning module LinuxNoEditorTargetPlatform (40)
[2015.11.26-01.14.30:149][991]LogModuleManager: Shutting down and abandoning module Messaging (39)
[2015.11.26-01.14.30:149][991]LogModuleManager: Shutting down and abandoning module IOSTargetPlatform (38)
[2015.11.26-01.14.30:149][991]LogModuleManager: Shutting down and abandoning module HTML5TargetPlatform (37)
[2015.11.26-01.14.30:149][991]LogModuleManager: Shutting down and abandoning module Android_PVRTCTargetPlatform (36)
[2015.11.26-01.14.30:149][991]LogModuleManager: Shutting down and abandoning module Android_MultiTargetPlatform (35)
[2015.11.26-01.14.30:149][991]LogModuleManager: Shutting down and abandoning module Android_ETC2TargetPlatform (34)
[2015.11.26-01.14.30:149][991]LogModuleManager: Shutting down and abandoning module Android_ETC1TargetPlatform (33)
[2015.11.26-01.14.30:149][991]LogModuleManager: Shutting down and abandoning module Android_DXTTargetPlatform (32)
[2015.11.26-01.14.30:149][991]LogModuleManager: Shutting down and abandoning module Android_ATCTargetPlatform (31)
[2015.11.26-01.14.30:149][991]LogModuleManager: Shutting down and abandoning module Android_ASTCTargetPlatform (30)
[2015.11.26-01.14.30:149][991]LogModuleManager: Shutting down and abandoning module AndroidTargetPlatform (29)
[2015.11.26-01.14.30:149][991]LogModuleManager: Shutting down and abandoning module WindowsTargetPlatform (28)
[2015.11.26-01.14.30:149][991]LogModuleManager: Shutting down and abandoning module WindowsServerTargetPlatform (27)
[2015.11.26-01.14.30:149][991]LogModuleManager: Shutting down and abandoning module WindowsNoEditorTargetPlatform (26)
[2015.11.26-01.14.30:149][991]LogModuleManager: Shutting down and abandoning module WindowsClientTargetPlatform (25)
[2015.11.26-01.14.30:149][991]LogModuleManager: Shutting down and abandoning module AllDesktopTargetPlatform (24)
[2015.11.26-01.14.30:149][991]LogModuleManager: Shutting down and abandoning module TargetPlatform (23)
[2015.11.26-01.14.30:149][991]LogModuleManager: Shutting down and abandoning module InputCore (22)
[2015.11.26-01.14.30:149][991]LogModuleManager: Shutting down and abandoning module Settings (21)
[2015.11.26-01.14.30:149][991]LogModuleManager: Shutting down and abandoning module OnlineSubsystem (19)
[2015.11.26-01.14.30:149][991]LogModuleManager: Shutting down and abandoning module HTTP (18)
[2015.11.26-01.14.32:153][991]LogModuleManager: Shutting down and abandoning module XMPP (17)
[2015.11.26-01.14.32:154][991]LogModuleManager: Shutting down and abandoning module OculusRift (16)
[2015.11.26-01.14.32:167][991]LogModuleManager: Shutting down and abandoning module ExampleDeviceProfileSelector (15)
[2015.11.26-01.14.32:167][991]LogModuleManager: Shutting down and abandoning module TextureCompressor (14)
[2015.11.26-01.14.32:175][991]LogModuleManager: Shutting down and abandoning module ShaderCore (13)
[2015.11.26-01.14.32:175][991]LogModuleManager: Shutting down and abandoning module Landscape (12)
[2015.11.26-01.14.32:175][991]LogModuleManager: Shutting down and abandoning module SlateRHIRenderer (11)
[2015.11.26-01.14.32:188][991]LogModuleManager: Shutting down and abandoning module OpenGLDrv (10)
[2015.11.26-01.14.32:202][991]LogModuleManager: Shutting down and abandoning module D3D11RHI (9)
[2015.11.26-01.14.32:202][991]LogModuleManager: Shutting down and abandoning module AnimGraphRuntime (8)
[2015.11.26-01.14.32:217][991]LogModuleManager: Shutting down and abandoning module Renderer (7)
[2015.11.26-01.14.32:217][991]LogModuleManager: Shutting down and abandoning module Engine (6)
[2015.11.26-01.14.32:217][991]LogModuleManager: Shutting down and abandoning module CoreUObject (5)
[2015.11.26-01.14.32:217][991]LogModuleManager: Shutting down and abandoning module NetworkFile (4)
[2015.11.26-01.14.32:217][991]LogModuleManager: Shutting down and abandoning module StreamingFile (3)
[2015.11.26-01.14.32:217][991]LogModuleManager: Shutting down and abandoning module SandboxFile (2)
[2015.11.26-01.14.32:231][991]LogModuleManager: Shutting down and abandoning module PakFile (1)
[2015.11.26-01.14.32:244][991]LogExit: Exiting.
[2015.11.26-01.14.32:252][991]Log file closed, 11/25/15 19:14:32
