[2015.11.24-01.43.59:930][  0]Log file open, 11/23/15 18:43:59
[2015.11.24-01.43.59:930][  0]LogInit:Display: Running engine for game: SillyGeo
[2015.11.24-01.43.59:930][  0]LogPlatformFile: Not using cached read wrapper
[2015.11.24-01.43.59:930][  0]LogInit:Display: RandInit(-800468269) SRandInit(-800468268).
[2015.11.24-01.43.59:930][  0]LogTaskGraph: Started task graph with 4 named threads and 7 total threads.
[2015.11.24-01.43.59:930][  0]LogStats: Stats thread started at 0.063574
[2015.11.24-01.43.59:930][  0]LogInit: Version: 4.10.0-2758231+++depot+UE4-Releases+4.10
[2015.11.24-01.43.59:930][  0]LogInit: API Version: 2758231
[2015.11.24-01.43.59:930][  0]LogInit: Compiled (64-bit): Nov  7 2015 05:13:45
[2015.11.24-01.43.59:930][  0]LogInit: Compiled with Visual C++: 19.00.23026.00
[2015.11.24-01.43.59:930][  0]LogInit: Build Configuration: Development
[2015.11.24-01.43.59:930][  0]LogInit: Branch Name: ++depot+UE4-Releases+4.10
[2015.11.24-01.43.59:930][  0]LogInit: Command line:  
[2015.11.24-01.43.59:930][  0]LogInit: Base directory: E:/Documents/Unreal/Epic Games/4.10/Engine/Binaries/Win64/
[2015.11.24-01.43.59:930][  0]LogInit: Rocket: 1
[2015.11.24-01.43.59:933][  0]LogInit: Using libcurl 7.41.0
[2015.11.24-01.43.59:933][  0]LogInit:  - built for x86_64-pc-win32
[2015.11.24-01.43.59:933][  0]LogInit:  - supports SSL with WinSSL
[2015.11.24-01.43.59:933][  0]LogInit:  - other features:
[2015.11.24-01.43.59:933][  0]LogInit:      CURL_VERSION_SSL
[2015.11.24-01.43.59:933][  0]LogInit:      CURL_VERSION_IPV6
[2015.11.24-01.43.59:933][  0]LogInit:      CURL_VERSION_ASYNCHDNS
[2015.11.24-01.43.59:933][  0]LogInit:      CURL_VERSION_LARGEFILE
[2015.11.24-01.43.59:933][  0]LogInit:      CURL_VERSION_IDN
[2015.11.24-01.43.59:933][  0]LogInit:  CurlRequestOptions (configurable via config and command line):
[2015.11.24-01.43.59:933][  0]LogInit:  - bVerifyPeer = true  - Libcurl will verify peer certificate
[2015.11.24-01.43.59:933][  0]LogInit:  - bUseHttpProxy = false  - Libcurl will NOT use HTTP proxy
[2015.11.24-01.43.59:933][  0]LogInit:  - bDontReuseConnections = false  - Libcurl will reuse connections
[2015.11.24-01.43.59:933][  0]LogInit:  - CertBundlePath = nullptr  - Libcurl will use whatever was configured at build time.
[2015.11.24-01.43.59:937][  0]LogInit: Presizing for 0 objects not considered by GC, pre-allocating 0 bytes.
[2015.11.24-01.43.59:945][  0]LogInit: Object subsystem initialized
[2015.11.24-01.43.59:947][  0]LogInit: Selected Device Profile: [Windows]
[2015.11.24-01.43.59:947][  0]LogInit: Applying CVar settings loaded from the selected device profile: [Windows]
[2015.11.24-01.43.59:955][  0]LogInit: Computer: WADE
[2015.11.24-01.43.59:955][  0]LogInit: User: WadeMeyers
[2015.11.24-01.43.59:955][  0]LogInit: CPU Page size=4096, Cores=4
[2015.11.24-01.43.59:955][  0]LogInit: High frequency timer resolution =3.215210 MHz
[2015.11.24-01.43.59:955][  0]LogMemory: Memory total: Physical=7.9GB (8GB approx)
[2015.11.24-01.43.59:955][  0]LogMemory: Platform Memory Stats for Windows
[2015.11.24-01.43.59:955][  0]LogMemory: Process Physical Memory: 54.40 MB used, 54.40 MB peak
[2015.11.24-01.43.59:955][  0]LogMemory: Process Virtual Memory: 58.46 MB used, 58.46 MB peak
[2015.11.24-01.43.59:955][  0]LogMemory: Physical Memory: 3901.25 MB used, 8057.26 MB total
[2015.11.24-01.43.59:955][  0]LogMemory: Virtual Memory: 362.29 MB used, 134217728.00 MB total
[2015.11.24-01.43.59:982][  0]LogTextLocalizationManager: No specific translations for ('en-US') exist, so ('en') translations will be used.
[2015.11.24-01.44.00:332][  0]LogD3D11RHI: Found D3D11 adapter 0: NVIDIA GeForce GTX 970 (Feature Level 11_0)
[2015.11.24-01.44.00:332][  0]LogD3D11RHI: Adapter has 3992MB of dedicated video memory, 0MB of dedicated system memory, and 4028MB of shared system memory, 1 output[s]
[2015.11.24-01.44.00:338][  0]LogD3D11RHI: Found D3D11 adapter 1: Intel(R) HD Graphics 4600 (Feature Level 11_0)
[2015.11.24-01.44.00:338][  0]LogD3D11RHI: Adapter has 32MB of dedicated video memory, 0MB of dedicated system memory, and 1760MB of shared system memory, 0 output[s]
[2015.11.24-01.44.00:338][  0]LogD3D11RHI: Found D3D11 adapter 2: Microsoft Basic Render Driver (Feature Level 11_0)
[2015.11.24-01.44.00:338][  0]LogD3D11RHI: Adapter has 0MB of dedicated video memory, 0MB of dedicated system memory, and 256MB of shared system memory, 0 output[s]
[2015.11.24-01.44.00:338][  0]LogD3D11RHI: Chosen D3D11 Adapter Id = 0
[2015.11.24-01.44.00:341][  0]LogD3D11RHI: !Direct3DDevice
[2015.11.24-01.44.00:341][  0]LogRHI: Texture pool is 1361 MB (70% of 1945 MB)
[2015.11.24-01.44.00:351][  0]LogD3D11RHI: Async texture creation enabled
[2015.11.24-01.44.00:365][  0]LogShaderCompilers: Guid format shader working directory is -6 characters bigger than the processId version (C:/Users/Wade Meyers/Documents/Unreal Projects/SillyGeo/Intermediate/Shaders/WorkingDirectory/6508/).
[2015.11.24-01.44.00:366][  0]LogShaderCompilers: Cleaned the shader compiler working directory 'C:/Users/WADEME~1/AppData/Local/Temp/UnrealShaderWorkingDir/301E62D14B7401F2E960D2A1197C5AB2/'.
[2015.11.24-01.44.00:366][  0]LogShaderCompilers:Display: Using Local Shader Compiler.
[2015.11.24-01.44.02:021][  0]LogTemp:Display: Loaded TP AllDesktopTargetPlatform
[2015.11.24-01.44.02:024][  0]LogTemp:Display: Loaded TP WindowsClientTargetPlatform
[2015.11.24-01.44.02:027][  0]LogTemp:Display: Loaded TP WindowsNoEditorTargetPlatform
[2015.11.24-01.44.02:030][  0]LogTemp:Display: Loaded TP WindowsServerTargetPlatform
[2015.11.24-01.44.02:032][  0]LogTemp:Display: Loaded TP WindowsTargetPlatform
[2015.11.24-01.44.02:034][  0]LogTemp:Display: Loaded TP AndroidTargetPlatform
[2015.11.24-01.44.02:036][  0]LogTemp:Display: Loaded TP Android_ASTCTargetPlatform
[2015.11.24-01.44.02:038][  0]LogTemp:Display: Loaded TP Android_ATCTargetPlatform
[2015.11.24-01.44.02:040][  0]LogTemp:Display: Loaded TP Android_DXTTargetPlatform
[2015.11.24-01.44.02:042][  0]LogTemp:Display: Loaded TP Android_ETC1TargetPlatform
[2015.11.24-01.44.02:044][  0]LogTemp:Display: Loaded TP Android_ETC2TargetPlatform
[2015.11.24-01.44.02:048][  0]LogTemp:Display: Loaded TP Android_MultiTargetPlatform
[2015.11.24-01.44.02:048][  0]LogTemp:Display: Loaded TP Android_PVRTCTargetPlatform
[2015.11.24-01.44.02:049][  0]LogTemp:Display: Loaded TP HTML5TargetPlatform
[2015.11.24-01.44.02:064][  0]LogTemp:Display: Loaded TP IOSTargetPlatform
[2015.11.24-01.44.02:066][  0]LogTemp:Display: Loaded TP LinuxNoEditorTargetPlatform
[2015.11.24-01.44.02:068][  0]LogTemp:Display: Loaded TP LinuxServerTargetPlatform
[2015.11.24-01.44.02:070][  0]LogTemp:Display: Loaded TP LinuxTargetPlatform
[2015.11.24-01.44.02:070][  0]LogTargetPlatformManager:Display: Building Assets For Windows
[2015.11.24-01.44.02:115][  0]LogDerivedDataCache:Display: Max Cache Size: 512 MB
[2015.11.24-01.44.02:158][  0]LogDerivedDataCache: Loaded boot cache 0.04s 41MB C:/Users/Wade Meyers/AppData/Local/UnrealEngine/4.10/DerivedDataCache/Boot.ddc.
[2015.11.24-01.44.02:158][  0]LogDerivedDataCache:Display: Loaded Boot cache: C:/Users/Wade Meyers/AppData/Local/UnrealEngine/4.10/DerivedDataCache/Boot.ddc
[2015.11.24-01.44.02:158][  0]LogDerivedDataCache: FDerivedDataBackendGraph:  Pak pak cache file C:/Users/Wade Meyers/Documents/Unreal Projects/SillyGeo/DerivedDataCache/DDC.ddp not found, will not use a pak cache.
[2015.11.24-01.44.02:158][  0]LogDerivedDataCache: Unable to find inner node Pak for hierarchical cache Hierarchy.
[2015.11.24-01.44.02:158][  0]LogDerivedDataCache: FDerivedDataBackendGraph:  CompressedPak pak cache file C:/Users/Wade Meyers/Documents/Unreal Projects/SillyGeo/DerivedDataCache/Compressed.ddp not found, will not use a pak cache.
[2015.11.24-01.44.02:158][  0]LogDerivedDataCache: Unable to find inner node CompressedPak for hierarchical cache Hierarchy.
[2015.11.24-01.44.02:205][  0]LogDerivedDataCache:Display: Pak cache opened for reading ../../../Engine/DerivedDataCache/Compressed.ddp.
[2015.11.24-01.44.02:217][  0]LogDerivedDataCache: Using Local data cache path C:/Users/Wade Meyers/AppData/Local/UnrealEngine/Common/DerivedDataCache: Writable
[2015.11.24-01.44.02:352][  0]LogInit: Selected Device Profile: [Windows]
[2015.11.24-01.44.02:353][  0]LogContentStreaming: Texture pool size is 0.000000MB
[2015.11.24-01.44.02:438][  0]LogMeshUtilities: No automatic mesh reduction module available
[2015.11.24-01.44.02:438][  0]LogMeshUtilities: No automatic mesh merging module available
[2015.11.24-01.44.02:611][  0]LogInit: WinSock: version 1.1 (2.2), MaxSocks=32767, MaxUdp=65467
[2015.11.24-01.44.03:170][  0]UdpMessaging: Initializing bridge on interface 0.0.0.0:0 to multicast group 230.0.0.1:6666.
[2015.11.24-01.44.03:257][  0]LogAssetRegistry: FAssetRegistry took 0.0112 seconds to start up
[2015.11.24-01.44.03:370][  0]SourceControl: Info Source control is disabled
[2015.11.24-01.44.03:371][  0]SourceControl: Info Source control is disabled
[2015.11.24-01.44.03:377][  0]SourceControl: Info Source control is disabled
[2015.11.24-01.44.03:384][  0]SourceControl: Info Source control is disabled
[2015.11.24-01.44.03:511][  0]LogObj: 28633 objects as part of root set at end of initial load.
[2015.11.24-01.44.03:511][  0]LogUObjectAllocator: 6099744 out of 0 bytes used by permanent object pool.
[2015.11.24-01.44.03:557][  0]LogEngine: Initializing Engine...
[2015.11.24-01.44.03:558][  0]LogHMD: Can't find Oculus library dev build: is proper Runtime installed? Version: 0.8.0.0
[2015.11.24-01.44.03:562][  0]LogHMD: SteamVR failed to initialize.  Err: 108
[2015.11.24-01.44.03:657][  0]LogAIModule: Creating AISystem for world NewWorld
[2015.11.24-01.44.03:662][  0]LogInit: XAudio2 using 'Headphones (High Definition Audio Device)' : 2 channels at 44.1 kHz using 16 bits per sample (channel mask 0x3)
[2015.11.24-01.44.03:667][  0]LogInit: FAudioDevice initialized.
[2015.11.24-01.44.03:691][  0]LogDerivedDataCache: Saved boot cache 0.02s 41MB C:/Users/Wade Meyers/AppData/Local/UnrealEngine/4.10/DerivedDataCache/Boot.ddc.
[2015.11.24-01.44.03:697][  0]LogInit: Texture streaming: Enabled
[2015.11.24-01.44.03:700][  0]LogAnalytics: Creating configured Analytics provider AnalyticsET
[2015.11.24-01.44.03:700][  0]LogAnalytics: [UEEditor.Rocket.Release] APIServer = http://et2.epicgames.com/ET2/. AppVersion = 4.10.0-2758231+++depot+UE4-Releases+4.10
[2015.11.24-01.44.03:700][  0]LogAnalytics: [UEEditor.Rocket.Release] SetUserId 47769e1d45b97e64c51ba3aa25752d08|f04a0f85b5794fb880023cff839c7771|2d5e69ce-22bb-4405-baa7-c5ca54761f93
[2015.11.24-01.44.03:700][  0]LogAnalytics: [UEEditor.Rocket.Release] AnalyticsET::StartSession
[2015.11.24-01.44.03:718][  0]LogInit: Transaction tracking system initialized
[2015.11.24-01.44.03:732][  0]BlueprintLog: New page: Editor Load
[2015.11.24-01.44.03:776][  0]LocalizationService: Info Localization service is disabled
[2015.11.24-01.44.03:823][  0]LogConsoleResponse:Display: 
[2015.11.24-01.44.03:906][  0]LogCook:Display: Done creating registry. It took  0.00s.
[2015.11.24-01.44.03:938][  0]LogFileCache: Scanning file cache for directory 'C:/Users/Wade Meyers/Documents/Unreal Projects/SillyGeo/Content/' took 0.01s
[2015.11.24-01.44.03:938][  0]SourceControl: Info Source control is disabled
[2015.11.24-01.44.03:938][  0]Cmd: MAP LOAD FILE="C:/Users/Wade Meyers/Documents/Unreal Projects/SillyGeo/Content/Maps/GeoMap.umap" TEMPLATE=0 SHOWPROGRESS=1 FEATURELEVEL=3
[2015.11.24-01.44.03:939][  0]LightingResults: New page: Lighting Build
[2015.11.24-01.44.03:941][  0]MapCheck: New page: Map Check
[2015.11.24-01.44.03:941][  0]LightingResults: New page: Lighting Build
[2015.11.24-01.44.03:949][  0]LogParticles: Destroying 0 GPU particle simulations for FXSystem 0x0000001C6C3AB420
[2015.11.24-01.44.04:067][  0]LogBlueprint:Warning: [compiler GeoGameState] Warning  Clear Timer by Function Name  is deprecated; Use Clear Timer by Handle
[2015.11.24-01.44.04:067][  0]LogBlueprint:Warning: [compiler GeoGameState] Warning [0004.44] Compile of GeoGameState successful, but with 1 Warning(s) [in 2 ms]
[2015.11.24-01.44.04:068][  0]LogBlueprint:Warning: [compiler GeoGameState] Warning [0004.44] Compile of GeoGameState successful, but with 2 Warning(s) [in 0 ms]
[2015.11.24-01.44.04:068][  0]LogBlueprint:Warning: [compiler GeoGameState] Warning [0004.44] Compile of GeoGameState successful, but with 3 Warning(s) [in 0 ms]
[2015.11.24-01.44.04:142][  0]LogBlueprint:Warning: [compiler BP_Player] Warning  Clear Timer by Function Name  is deprecated; Use Clear Timer by Handle
[2015.11.24-01.44.04:149][  0]LogBlueprint:Warning: [compiler BP_Player] Warning [0004.52] Compile of BP_Player successful, but with 1 Warning(s) [in 27 ms]
[2015.11.24-01.44.04:150][  0]LogBlueprint:Warning: [compiler BP_Player] Warning [0004.52] Compile of BP_Player successful, but with 2 Warning(s) [in 0 ms]
[2015.11.24-01.44.04:150][  0]LogBlueprint:Warning: [compiler BP_Player] Warning [0004.52] Compile of BP_Player successful, but with 3 Warning(s) [in 0 ms]
[2015.11.24-01.44.04:153][  0]LogBlueprint:Warning: [compiler GeoGameState] Warning  Clear Timer by Function Name  is deprecated; Use Clear Timer by Handle
[2015.11.24-01.44.04:154][  0]LogBlueprint:Warning: [compiler GeoGameState] Warning [0004.53] Compile of GeoGameState successful, but with 1 Warning(s) [in 2 ms]
[2015.11.24-01.44.04:154][  0]LogBlueprint:Warning: [compiler GeoGameState] Warning [0004.53] Compile of GeoGameState successful, but with 2 Warning(s) [in 0 ms]
[2015.11.24-01.44.04:155][  0]LogBlueprint:Warning: [compiler GeoGameState] Warning [0004.53] Compile of GeoGameState successful, but with 3 Warning(s) [in 0 ms]
[2015.11.24-01.44.04:195][  0]LogBlueprint:Warning: [compiler BP_Player] Warning  Clear Timer by Function Name  is deprecated; Use Clear Timer by Handle
[2015.11.24-01.44.04:203][  0]LogBlueprint:Warning: [compiler BP_Player] Warning [0004.58] Compile of BP_Player successful, but with 1 Warning(s) [in 26 ms]
[2015.11.24-01.44.04:203][  0]LogBlueprint:Warning: [compiler BP_Player] Warning [0004.58] Compile of BP_Player successful, but with 2 Warning(s) [in 0 ms]
[2015.11.24-01.44.04:204][  0]LogBlueprint:Warning: [compiler BP_Player] Warning [0004.58] Compile of BP_Player successful, but with 3 Warning(s) [in 0 ms]
[2015.11.24-01.44.04:326][  0]LogBlueprint:Warning: [compiler BP_MasterEnemy] Warning  Clear Timer by Function Name  is deprecated; Use Clear Timer by Handle
[2015.11.24-01.44.04:326][  0]LogBlueprint:Warning: [compiler BP_MasterEnemy] Warning  Clear Timer by Function Name  is deprecated; Use Clear Timer by Handle
[2015.11.24-01.44.04:330][  0]LogBlueprint:Warning: [compiler BP_MasterEnemy] Warning [0004.70] Compile of BP_MasterEnemy successful, but with 2 Warning(s) [in 13 ms]
[2015.11.24-01.44.04:330][  0]LogBlueprint:Warning: [compiler BP_MasterEnemy] Warning [0004.70] Compile of BP_MasterEnemy successful, but with 3 Warning(s) [in 0 ms]
[2015.11.24-01.44.04:330][  0]LogBlueprint:Warning: [compiler BP_MasterEnemy] Warning [0004.70] Compile of BP_MasterEnemy successful, but with 4 Warning(s) [in 0 ms]
[2015.11.24-01.44.04:344][  0]LogBlueprint:Warning: [compiler BP_MasterEnemy] Warning  Clear Timer by Function Name  is deprecated; Use Clear Timer by Handle
[2015.11.24-01.44.04:344][  0]LogBlueprint:Warning: [compiler BP_MasterEnemy] Warning  Clear Timer by Function Name  is deprecated; Use Clear Timer by Handle
[2015.11.24-01.44.04:348][  0]LogBlueprint:Warning: [compiler BP_MasterEnemy] Warning [0004.72] Compile of BP_MasterEnemy successful, but with 2 Warning(s) [in 14 ms]
[2015.11.24-01.44.04:348][  0]LogBlueprint:Warning: [compiler BP_MasterEnemy] Warning [0004.72] Compile of BP_MasterEnemy successful, but with 3 Warning(s) [in 0 ms]
[2015.11.24-01.44.04:349][  0]LogBlueprint:Warning: [compiler BP_MasterEnemy] Warning [0004.72] Compile of BP_MasterEnemy successful, but with 4 Warning(s) [in 0 ms]
[2015.11.24-01.44.04:364][  0]LogLinker:Warning: CreateExport: Failed to load Parent for Function /Game/Enemies/Blueprints/GreenEnemy.GreenEnemy_C:UserConstructionScript; removing parent information, but keeping function
[2015.11.24-01.44.04:366][  0]LogLinker:Warning: CreateExport: Failed to load Parent for Function /Game/Enemies/Blueprints/RedEnemy.RedEnemy_C:UserConstructionScript; removing parent information, but keeping function
[2015.11.24-01.44.04:428][  0]LogBlueprint:Warning: [compiler BP_EnemySpawner] Warning  Clear Timer by Function Name  is deprecated; Use Clear Timer by Handle
[2015.11.24-01.44.04:428][  0]LogBlueprint:Warning: [compiler BP_EnemySpawner] Warning  Clear Timer by Function Name  is deprecated; Use Clear Timer by Handle
[2015.11.24-01.44.04:428][  0]LogBlueprint:Warning: [compiler BP_EnemySpawner] Warning  Clear Timer by Function Name  is deprecated; Use Clear Timer by Handle
[2015.11.24-01.44.04:429][  0]LogBlueprint:Warning: [compiler BP_EnemySpawner] Warning  Clear Timer by Function Name  is deprecated; Use Clear Timer by Handle
[2015.11.24-01.44.04:431][  0]LogBlueprint:Warning: [compiler BP_EnemySpawner] Warning  Get Random Point  is deprecated; please replace or remove it.
[2015.11.24-01.44.04:434][  0]LogBlueprint:Warning: [compiler BP_EnemySpawner] Warning [0004.81] Compile of BP_EnemySpawner successful, but with 5 Warning(s) [in 18 ms]
[2015.11.24-01.44.04:434][  0]LogBlueprint:Warning: [compiler BP_EnemySpawner] Warning [0004.81] Compile of BP_EnemySpawner successful, but with 6 Warning(s) [in 0 ms]
[2015.11.24-01.44.04:434][  0]LogBlueprint:Warning: [compiler BP_EnemySpawner] Warning [0004.81] Compile of BP_EnemySpawner successful, but with 7 Warning(s) [in 0 ms]
[2015.11.24-01.44.04:450][  0]LogBlueprint:Warning: [compiler BP_EnemySpawner] Warning  Clear Timer by Function Name  is deprecated; Use Clear Timer by Handle
[2015.11.24-01.44.04:450][  0]LogBlueprint:Warning: [compiler BP_EnemySpawner] Warning  Clear Timer by Function Name  is deprecated; Use Clear Timer by Handle
[2015.11.24-01.44.04:450][  0]LogBlueprint:Warning: [compiler BP_EnemySpawner] Warning  Clear Timer by Function Name  is deprecated; Use Clear Timer by Handle
[2015.11.24-01.44.04:450][  0]LogBlueprint:Warning: [compiler BP_EnemySpawner] Warning  Clear Timer by Function Name  is deprecated; Use Clear Timer by Handle
[2015.11.24-01.44.04:453][  0]LogBlueprint:Warning: [compiler BP_EnemySpawner] Warning  Get Random Point  is deprecated; please replace or remove it.
[2015.11.24-01.44.04:457][  0]LogBlueprint:Warning: [compiler BP_EnemySpawner] Warning [0004.83] Compile of BP_EnemySpawner successful, but with 5 Warning(s) [in 19 ms]
[2015.11.24-01.44.04:457][  0]LogBlueprint:Warning: [compiler BP_EnemySpawner] Warning [0004.83] Compile of BP_EnemySpawner successful, but with 6 Warning(s) [in 0 ms]
[2015.11.24-01.44.04:457][  0]LogBlueprint:Warning: [compiler BP_EnemySpawner] Warning [0004.83] Compile of BP_EnemySpawner successful, but with 7 Warning(s) [in 0 ms]
[2015.11.24-01.44.04:683][  0]LogAIModule: Creating AISystem for world GeoMap
[2015.11.24-01.44.04:692][  0]LogEditorServer: Finished looking for orphan Actors (0.000 secs)
[2015.11.24-01.44.04:693][  0]Cmd: MAP CHECKDEP NOCLEARLOG
[2015.11.24-01.44.04:732][  0]MapCheck: Info Map check complete: 0 Error(s), 0 Warning(s), took 38.907ms to complete.
[2015.11.24-01.44.04:732][  0]LogFileHelpers: Loading map 'GeoMap' took 0.795
[2015.11.24-01.44.04:820][  0]LogCollectionManager: Loaded 0 collections in 0.000930 seconds
[2015.11.24-01.44.04:857][  0]LogFileCache: Scanning file cache for directory 'C:/Users/Wade Meyers/Documents/Unreal Projects/SillyGeo/Saved/Collections/' took 0.01s
[2015.11.24-01.44.04:857][  0]LogFileCache: Scanning file cache for directory 'C:/Users/Wade Meyers/Documents/Unreal Projects/SillyGeo/Content/Developers/WadeMeyers/Collections/' took 0.01s
[2015.11.24-01.44.04:857][  0]LogFileCache: Scanning file cache for directory 'C:/Users/Wade Meyers/Documents/Unreal Projects/SillyGeo/Content/Collections/' took 0.01s
[2015.11.24-01.44.04:857][  0]LogCollectionManager: Rebuilt the GUID cache for 0 collections in 0.000001 seconds
[2015.11.24-01.44.04:863][  0]LogContentBrowser: Native class hierarchy populated in 0.0060 seconds. Added 1893 classes and 338 folders.
[2015.11.24-01.44.04:874][  0]LogContentBrowser: Native class hierarchy updated for 'WidgetCarousel' in 0.0003 seconds. Added 0 classes and 0 folders.
[2015.11.24-01.44.04:903][  0]LogContentBrowser: Native class hierarchy updated for 'AddContentDialog' in 0.0003 seconds. Added 0 classes and 0 folders.
[2015.11.24-01.44.04:905][  0]LogContentBrowser: Native class hierarchy updated for 'SceneOutliner' in 0.0002 seconds. Added 1 classes and 2 folders.
[2015.11.24-01.44.04:920][  0]LogCrashTracker: Crashtracker disabled due to settings.
[2015.11.24-01.44.04:922][  0]LogUObjectGlobals:Warning: Failed to find object 'Class None.'
[2015.11.24-01.44.04:945][  0]LogLoad: Full Startup: 5.32 seconds (BP compile: 0.20 seconds)
[2015.11.24-01.44.04:955][  0]LogOcInput: Can't find Oculus library dev build: is proper Runtime installed? Version: 0.8.0.0
[2015.11.24-01.44.05:001][  0]LogContentStreaming: Texture pool size now 1000 MB
[2015.11.24-01.44.05:104][  0]LogRenderer: Reallocating scene render targets to support 1208x572 (Frame:2).
[2015.11.24-01.44.05:351][  4]LogAssetRegistry: Asset discovery search completed in 2.1051 seconds
[2015.11.24-01.44.05:351][  4]LogCollectionManager: Rebuilt the object cache for 0 collections in 0.000000 seconds (found 0 objects)
[2015.11.24-01.44.05:351][  4]LogCollectionManager: Fixed up redirectors for 0 collections in 0.000015 seconds (updated 0 objects)
[2015.11.24-01.44.14:402][ 77]LogWindowsTextInputMethodSystem:Display: IME system now deactivated.
[2015.11.24-01.44.14:567][ 78]Cmd: QUIT_EDITOR
[2015.11.24-01.44.14:672][ 78]LogExit: Preparing to exit.
[2015.11.24-01.44.15:246][ 78]LogExit: Editor shut down
[2015.11.24-01.44.15:246][ 78]LogExit: Transaction tracking system shut down
[2015.11.24-01.44.15:248][ 78]LogParticles: Destroying 0 GPU particle simulations for FXSystem 0x0000001C72A9ADE0
[2015.11.24-01.44.15:363][ 78]LogParticles: Destroying 0 GPU particle simulations for FXSystem 0x0000001C7B8A7880
[2015.11.24-01.44.15:363][ 78]LogExit: Object subsystem successfully closed.
[2015.11.24-01.44.15:376][ 78]LogD3D11RHI: Shutdown
[2015.11.24-01.44.15:376][ 78]LogD3D11RHI: CleanupD3DDevice
[2015.11.24-01.44.15:405][ 78]LogD3D11RHI: ~FD3D11DynamicRHI
[2015.11.24-01.44.15:414][ 78]LogModuleManager: Shutting down and abandoning module CrashTracker (198)
[2015.11.24-01.44.15:414][ 78]LogModuleManager: Shutting down and abandoning module SceneOutliner (197)
[2015.11.24-01.44.15:414][ 78]LogModuleManager: Shutting down and abandoning module SuperSearch (196)
[2015.11.24-01.44.15:414][ 78]LogModuleManager: Shutting down and abandoning module WidgetCarousel (195)
[2015.11.24-01.44.15:414][ 78]LogModuleManager: Shutting down and abandoning module AddContentDialog (194)
[2015.11.24-01.44.15:415][ 78]LogModuleManager: Shutting down and abandoning module EditorWidgets (193)
[2015.11.24-01.44.15:415][ 78]LogModuleManager: Shutting down and abandoning module CollectionManager (192)
[2015.11.24-01.44.15:415][ 78]LogModuleManager: Shutting down and abandoning module StatsViewer (191)
[2015.11.24-01.44.15:415][ 78]LogModuleManager: Shutting down and abandoning module FoliageEdit (190)
[2015.11.24-01.44.15:415][ 78]LogModuleManager: Shutting down and abandoning module LandscapeEditor (189)
[2015.11.24-01.44.15:415][ 78]LogModuleManager: Shutting down and abandoning module ActorPickerMode (188)
[2015.11.24-01.44.15:415][ 78]LogModuleManager: Shutting down and abandoning module GeometryMode (187)
[2015.11.24-01.44.15:415][ 78]LogModuleManager: Shutting down and abandoning module TextureAlignMode (186)
[2015.11.24-01.44.15:415][ 78]LogModuleManager: Shutting down and abandoning module BspMode (185)
[2015.11.24-01.44.15:415][ 78]LogModuleManager: Shutting down and abandoning module PlacementMode (184)
[2015.11.24-01.44.15:415][ 78]LogModuleManager: Shutting down and abandoning module AutomationWorker (183)
[2015.11.24-01.44.15:415][ 78]LogModuleManager: Shutting down and abandoning module CharacterAI (182)
[2015.11.24-01.44.15:415][ 78]LogModuleManager: Shutting down and abandoning module SmartSnapping (181)
[2015.11.24-01.44.15:415][ 78]LogModuleManager: Shutting down and abandoning module ViewportSnapping (180)
[2015.11.24-01.44.15:415][ 78]LogModuleManager: Shutting down and abandoning module LogVisualizer (179)
[2015.11.24-01.44.15:415][ 78]LogModuleManager: Shutting down and abandoning module GameProjectGeneration (178)
[2015.11.24-01.44.15:415][ 78]LogModuleManager: Shutting down and abandoning module IntroTutorials (177)
[2015.11.24-01.44.15:415][ 78]LogModuleManager: Shutting down and abandoning module EditorLiveStreaming (176)
[2015.11.24-01.44.15:415][ 78]LogModuleManager: Shutting down and abandoning module IOSPlatformEditor (175)
[2015.11.24-01.44.15:415][ 78]LogModuleManager: Shutting down and abandoning module HTML5PlatformEditor (174)
[2015.11.24-01.44.15:415][ 78]LogModuleManager: Shutting down and abandoning module AndroidDeviceDetection (173)
[2015.11.24-01.44.15:803][ 78]LogModuleManager: Shutting down and abandoning module AndroidPlatformEditor (172)
[2015.11.24-01.44.15:803][ 78]LogModuleManager: Shutting down and abandoning module IOSRuntimeSettings (171)
[2015.11.24-01.44.15:803][ 78]LogModuleManager: Shutting down and abandoning module AndroidRuntimeSettings (170)
[2015.11.24-01.44.15:803][ 78]LogModuleManager: Shutting down and abandoning module MergeActors (169)
[2015.11.24-01.44.15:803][ 78]LogModuleManager: Shutting down and abandoning module SizeMap (168)
[2015.11.24-01.44.15:803][ 78]LogModuleManager: Shutting down and abandoning module TreeMap (167)
[2015.11.24-01.44.15:803][ 78]LogModuleManager: Shutting down and abandoning module ReferenceViewer (166)
[2015.11.24-01.44.15:803][ 78]LogModuleManager: Shutting down and abandoning module LocalizationService (165)
[2015.11.24-01.44.15:803][ 78]LogModuleManager: Shutting down and abandoning module LocalizationDashboard (164)
[2015.11.24-01.44.15:803][ 78]LogModuleManager: Shutting down and abandoning module HardwareTargeting (163)
[2015.11.24-01.44.15:803][ 78]LogModuleManager: Shutting down and abandoning module DeviceProfileEditor (162)
[2015.11.24-01.44.15:803][ 78]LogModuleManager: Shutting down and abandoning module UndoHistory (161)
[2015.11.24-01.44.15:803][ 78]LogModuleManager: Shutting down and abandoning module GameplayTagsEditor (160)
[2015.11.24-01.44.15:803][ 78]LogModuleManager: Shutting down and abandoning module UserFeedback (159)
[2015.11.24-01.44.15:803][ 78]LogModuleManager: Shutting down and abandoning module XmlParser (158)
[2015.11.24-01.44.15:803][ 78]LogModuleManager: Shutting down and abandoning module Blutility (157)
[2015.11.24-01.44.15:803][ 78]LogModuleManager: Shutting down and abandoning module ProjectTargetPlatformEditor (156)
[2015.11.24-01.44.15:803][ 78]LogModuleManager: Shutting down and abandoning module ProjectSettingsViewer (155)
[2015.11.24-01.44.15:803][ 78]LogModuleManager: Shutting down and abandoning module InputBindingEditor (154)
[2015.11.24-01.44.15:803][ 78]LogModuleManager: Shutting down and abandoning module EditorSettingsViewer (153)
[2015.11.24-01.44.15:803][ 78]LogModuleManager: Shutting down and abandoning module SettingsEditor (152)
[2015.11.24-01.44.15:803][ 78]LogModuleManager: Shutting down and abandoning module ProjectLauncher (151)
[2015.11.24-01.44.15:803][ 78]LogModuleManager: Shutting down and abandoning module SessionFrontend (150)
[2015.11.24-01.44.15:803][ 78]LogModuleManager: Shutting down and abandoning module ProfilerClient (149)
[2015.11.24-01.44.15:803][ 78]LogModuleManager: Shutting down and abandoning module TargetDeviceServices (148)
[2015.11.24-01.44.15:803][ 78]LogModuleManager: Shutting down and abandoning module DeviceManager (147)
[2015.11.24-01.44.15:803][ 78]LogModuleManager: Shutting down and abandoning module AutomationController (146)
[2015.11.24-01.44.15:803][ 78]LogModuleManager: Shutting down and abandoning module AutomationWindow (145)
[2015.11.24-01.44.15:803][ 78]LogModuleManager: Shutting down and abandoning module Layers (144)
[2015.11.24-01.44.15:803][ 78]LogModuleManager: Shutting down and abandoning module ComponentVisualizers (143)
[2015.11.24-01.44.15:803][ 78]LogModuleManager: Shutting down and abandoning module DetailCustomizations (142)
[2015.11.24-01.44.15:804][ 78]LogModuleManager: Shutting down and abandoning module PackagesDialog (141)
[2015.11.24-01.44.15:804][ 78]LogModuleManager: Shutting down and abandoning module Persona (140)
[2015.11.24-01.44.15:804][ 78]LogModuleManager: Shutting down and abandoning module Kismet (139)
[2015.11.24-01.44.15:804][ 78]LogModuleManager: Shutting down and abandoning module GraphEditor (138)
[2015.11.24-01.44.15:804][ 78]LogModuleManager: Shutting down and abandoning module ClassViewer (137)
[2015.11.24-01.44.15:804][ 78]LogModuleManager: Shutting down and abandoning module Toolbox (136)
[2015.11.24-01.44.15:804][ 78]LogModuleManager: Shutting down and abandoning module ModuleUI (135)
[2015.11.24-01.44.15:804][ 78]LogModuleManager: Shutting down and abandoning module MovieSceneTools (134)
[2015.11.24-01.44.15:804][ 78]LogModuleManager: Shutting down and abandoning module OutputLog (133)
[2015.11.24-01.44.15:804][ 78]LogModuleManager: Shutting down and abandoning module GammaUI (132)
[2015.11.24-01.44.15:804][ 78]LogModuleManager: Shutting down and abandoning module Documentation (131)
[2015.11.24-01.44.15:804][ 78]LogModuleManager: Shutting down and abandoning module GameLiveStreaming (130)
[2015.11.24-01.44.15:804][ 78]LogModuleManager: Shutting down and abandoning module StreamingPauseRendering (129)
[2015.11.24-01.44.15:804][ 78]LogModuleManager: Shutting down and abandoning module AnalyticsET (128)
[2015.11.24-01.44.15:804][ 78]LogModuleManager: Shutting down and abandoning module Analytics (127)
[2015.11.24-01.44.15:804][ 78]LogModuleManager: Shutting down and abandoning module AITestSuite (126)
[2015.11.24-01.44.15:804][ 78]LogModuleManager: Shutting down and abandoning module GameplayDebugger (125)
[2015.11.24-01.44.15:804][ 78]LogModuleManager: Shutting down and abandoning module AIModule (124)
[2015.11.24-01.44.15:804][ 78]LogModuleManager: Shutting down and abandoning module ProfilerService (123)
[2015.11.24-01.44.16:026][ 78]LogModuleManager: Shutting down and abandoning module TaskGraph (122)
[2015.11.24-01.44.16:026][ 78]LogModuleManager: Shutting down and abandoning module SlateRemote (121)
[2015.11.24-01.44.16:026][ 78]LogModuleManager: Shutting down and abandoning module SteamVRController (120)
[2015.11.24-01.44.16:026][ 78]LogModuleManager: Shutting down and abandoning module SteamVR (119)
[2015.11.24-01.44.16:026][ 78]LogModuleManager: Shutting down and abandoning module ProceduralMeshComponent (118)
[2015.11.24-01.44.16:026][ 78]LogModuleManager: Shutting down and abandoning module OculusLibrary (117)
[2015.11.24-01.44.16:026][ 78]LogModuleManager: Shutting down and abandoning module OculusInput (116)
[2015.11.24-01.44.16:026][ 78]LogModuleManager: Shutting down and abandoning module LeapMotionController (115)
[2015.11.24-01.44.16:036][ 78]LogModuleManager: Shutting down and abandoning module CustomMeshComponent (114)
[2015.11.24-01.44.16:036][ 78]LogModuleManager: Shutting down and abandoning module CableComponent (113)
[2015.11.24-01.44.16:036][ 78]LogModuleManager: Shutting down and abandoning module ArchVisCharacter (112)
[2015.11.24-01.44.16:036][ 78]LogModuleManager: Shutting down and abandoning module MessagingDebugger (111)
[2015.11.24-01.44.16:036][ 78]LogModuleManager: Shutting down and abandoning module MediaPlayerEditor (110)
[2015.11.24-01.44.16:036][ 78]LogModuleManager: Shutting down and abandoning module HTML5Networking (109)
[2015.11.24-01.44.16:036][ 78]LogModuleManager: Shutting down and abandoning module SpeedTreeImporter (108)
[2015.11.24-01.44.16:036][ 78]LogModuleManager: Shutting down and abandoning module PluginBrowser (107)
[2015.11.24-01.44.16:036][ 78]LogModuleManager: Shutting down and abandoning module EpicSurvey (106)
[2015.11.24-01.44.16:036][ 78]LogModuleManager: Shutting down and abandoning module DesktopPlatform (105)
[2015.11.24-01.44.16:036][ 78]LogModuleManager: Shutting down and abandoning module VisualStudioSourceCodeAccess (104)
[2015.11.24-01.44.16:036][ 78]LogModuleManager: Shutting down and abandoning module UObjectPlugin (103)
[2015.11.24-01.44.16:036][ 78]LogModuleManager: Shutting down and abandoning module SubversionSourceControl (102)
[2015.11.24-01.44.16:036][ 78]LogModuleManager: Shutting down and abandoning module PerforceSourceControl (101)
[2015.11.24-01.44.16:036][ 78]LogModuleManager: Shutting down and abandoning module SourceControl (100)
[2015.11.24-01.44.16:036][ 78]LogModuleManager: Shutting down and abandoning module GitSourceControl (99)
[2015.11.24-01.44.16:036][ 78]LogModuleManager: Shutting down and abandoning module LightPropagationVolumeEditor (98)
[2015.11.24-01.44.16:036][ 78]LogModuleManager: Shutting down and abandoning module PaperTiledImporter (97)
[2015.11.24-01.44.16:036][ 78]LogModuleManager: Shutting down and abandoning module PaperSpriteSheetImporter (96)
[2015.11.24-01.44.16:036][ 78]LogModuleManager: Shutting down and abandoning module MeshPaint (95)
[2015.11.24-01.44.16:036][ 78]LogModuleManager: Shutting down and abandoning module SlateReflector (94)
[2015.11.24-01.44.16:036][ 78]LogModuleManager: Shutting down and abandoning module HotReload (93)
[2015.11.24-01.44.16:036][ 78]LogModuleManager: Shutting down and abandoning module MainFrame (92)
[2015.11.24-01.44.16:036][ 78]LogModuleManager: Shutting down and abandoning module LevelEditor (91)
[2015.11.24-01.44.16:037][ 78]LogModuleManager: Shutting down and abandoning module DirectoryWatcher (90)
[2015.11.24-01.44.16:037][ 78]LogModuleManager: Shutting down and abandoning module AssetRegistry (89)
[2015.11.24-01.44.16:131][ 78]LogModuleManager: Shutting down and abandoning module ContentBrowser (88)
[2015.11.24-01.44.16:132][ 78]LogModuleManager: Shutting down and abandoning module Paper2DEditor (87)
[2015.11.24-01.44.16:132][ 78]LogModuleManager: Shutting down and abandoning module UdpMessaging (86)
[2015.11.24-01.44.16:233][ 78]LogModuleManager: Shutting down and abandoning module LightPropagationVolumeRuntime (85)
[2015.11.24-01.44.16:233][ 78]LogModuleManager: Shutting down and abandoning module Paper2D (84)
[2015.11.24-01.44.16:233][ 78]LogModuleManager: Shutting down and abandoning module WindowsMoviePlayer (83)
[2015.11.24-01.44.16:235][ 78]LogModuleManager: Shutting down and abandoning module Media (82)
[2015.11.24-01.44.16:235][ 78]LogModuleManager: Shutting down and abandoning module WmfMedia (81)
[2015.11.24-01.44.16:235][ 78]LogModuleManager: Shutting down and abandoning module OnlineBlueprintSupport (80)
[2015.11.24-01.44.16:235][ 78]LogModuleManager: Shutting down and abandoning module GameplayTasksEditor (79)
[2015.11.24-01.44.16:235][ 78]LogModuleManager: Shutting down and abandoning module PropertyEditor (78)
[2015.11.24-01.44.16:235][ 78]LogModuleManager: Shutting down and abandoning module BehaviorTreeEditor (77)
[2015.11.24-01.44.16:235][ 78]LogModuleManager: Shutting down and abandoning module FunctionalTesting (76)
[2015.11.24-01.44.16:235][ 78]LogModuleManager: Shutting down and abandoning module CollisionAnalyzer (75)
[2015.11.24-01.44.16:235][ 78]LogModuleManager: Shutting down and abandoning module WorkspaceMenuStructure (74)
[2015.11.24-01.44.16:235][ 78]LogModuleManager: Shutting down and abandoning module MessageLog (73)
[2015.11.24-01.44.16:235][ 78]LogModuleManager: Shutting down and abandoning module Sequencer (72)
[2015.11.24-01.44.16:235][ 78]LogModuleManager: Shutting down and abandoning module AssetTools (71)
[2015.11.24-01.44.16:235][ 78]LogModuleManager: Shutting down and abandoning module UMGEditor (70)
[2015.11.24-01.44.16:235][ 78]LogModuleManager: Shutting down and abandoning module UMG (69)
[2015.11.24-01.44.16:235][ 78]LogModuleManager: Shutting down and abandoning module Slate (68)
[2015.11.24-01.44.16:235][ 78]LogModuleManager: Shutting down and abandoning module EditorStyle (67)
[2015.11.24-01.44.16:237][ 78]LogModuleManager: Shutting down and abandoning module SessionServices (66)
[2015.11.24-01.44.16:237][ 78]LogModuleManager: Shutting down and abandoning module SourceCodeAccess (65)
[2015.11.24-01.44.16:237][ 78]LogModuleManager: Shutting down and abandoning module HeadMountedDisplay (64)
[2015.11.24-01.44.16:237][ 78]LogModuleManager: Shutting down and abandoning module XAudio2 (63)
[2015.11.24-01.44.16:237][ 78]LogModuleManager: Shutting down and abandoning module Networking (61)
[2015.11.24-01.44.16:237][ 78]LogModuleManager: Shutting down and abandoning module Core (60)
[2015.11.24-01.44.16:237][ 78]LogModuleManager: Shutting down and abandoning module KismetCompiler (59)
[2015.11.24-01.44.16:237][ 78]LogModuleManager: Shutting down and abandoning module PhysXFormats (58)
[2015.11.24-01.44.16:237][ 78]LogModuleManager: Shutting down and abandoning module MeshUtilities (57)
[2015.11.24-01.44.16:237][ 78]LogModuleManager: Shutting down and abandoning module DerivedDataCache (56)
[2015.11.24-01.44.16:718][ 78]LogDerivedDataCache: Shutdown
[2015.11.24-01.44.16:718][ 78]LogModuleManager: Shutting down and abandoning module ShaderFormatOpenGL (55)
[2015.11.24-01.44.16:718][ 78]LogModuleManager: Shutting down and abandoning module ShaderFormatD3D (54)
[2015.11.24-01.44.16:718][ 78]LogModuleManager: Shutting down and abandoning module MetalShaderFormat (53)
[2015.11.24-01.44.16:718][ 78]LogModuleManager: Shutting down and abandoning module TextureFormatUncompressed (52)
[2015.11.24-01.44.16:718][ 78]LogModuleManager: Shutting down and abandoning module TextureFormatPVR (51)
[2015.11.24-01.44.16:718][ 78]LogModuleManager: Shutting down and abandoning module TextureFormatIntelISPCTexComp (50)
[2015.11.24-01.44.16:718][ 78]LogModuleManager: Shutting down and abandoning module TextureFormatDXT (49)
[2015.11.24-01.44.16:718][ 78]LogModuleManager: Shutting down and abandoning module ImageWrapper (48)
[2015.11.24-01.44.16:718][ 78]LogModuleManager: Shutting down and abandoning module TextureFormatASTC (47)
[2015.11.24-01.44.16:718][ 78]LogModuleManager: Shutting down and abandoning module TextureFormatAndroid (46)
[2015.11.24-01.44.16:718][ 78]LogModuleManager: Shutting down and abandoning module AudioFormatOpus (45)
[2015.11.24-01.44.16:718][ 78]LogModuleManager: Shutting down and abandoning module AudioFormatOgg (44)
[2015.11.24-01.44.16:718][ 78]LogModuleManager: Shutting down and abandoning module AudioFormatADPCM (43)
[2015.11.24-01.44.16:718][ 78]LogModuleManager: Shutting down and abandoning module LinuxTargetPlatform (42)
[2015.11.24-01.44.16:718][ 78]LogModuleManager: Shutting down and abandoning module LinuxServerTargetPlatform (41)
[2015.11.24-01.44.16:718][ 78]LogModuleManager: Shutting down and abandoning module LinuxNoEditorTargetPlatform (40)
[2015.11.24-01.44.16:718][ 78]LogModuleManager: Shutting down and abandoning module Messaging (39)
[2015.11.24-01.44.16:718][ 78]LogModuleManager: Shutting down and abandoning module IOSTargetPlatform (38)
[2015.11.24-01.44.16:718][ 78]LogModuleManager: Shutting down and abandoning module HTML5TargetPlatform (37)
[2015.11.24-01.44.16:718][ 78]LogModuleManager: Shutting down and abandoning module Android_PVRTCTargetPlatform (36)
[2015.11.24-01.44.16:718][ 78]LogModuleManager: Shutting down and abandoning module Android_MultiTargetPlatform (35)
[2015.11.24-01.44.16:718][ 78]LogModuleManager: Shutting down and abandoning module Android_ETC2TargetPlatform (34)
[2015.11.24-01.44.16:718][ 78]LogModuleManager: Shutting down and abandoning module Android_ETC1TargetPlatform (33)
[2015.11.24-01.44.16:718][ 78]LogModuleManager: Shutting down and abandoning module Android_DXTTargetPlatform (32)
[2015.11.24-01.44.16:718][ 78]LogModuleManager: Shutting down and abandoning module Android_ATCTargetPlatform (31)
[2015.11.24-01.44.16:718][ 78]LogModuleManager: Shutting down and abandoning module Android_ASTCTargetPlatform (30)
[2015.11.24-01.44.16:718][ 78]LogModuleManager: Shutting down and abandoning module AndroidTargetPlatform (29)
[2015.11.24-01.44.16:718][ 78]LogModuleManager: Shutting down and abandoning module WindowsTargetPlatform (28)
[2015.11.24-01.44.16:718][ 78]LogModuleManager: Shutting down and abandoning module WindowsServerTargetPlatform (27)
[2015.11.24-01.44.16:718][ 78]LogModuleManager: Shutting down and abandoning module WindowsNoEditorTargetPlatform (26)
[2015.11.24-01.44.16:718][ 78]LogModuleManager: Shutting down and abandoning module WindowsClientTargetPlatform (25)
[2015.11.24-01.44.16:718][ 78]LogModuleManager: Shutting down and abandoning module AllDesktopTargetPlatform (24)
[2015.11.24-01.44.16:718][ 78]LogModuleManager: Shutting down and abandoning module TargetPlatform (23)
[2015.11.24-01.44.16:718][ 78]LogModuleManager: Shutting down and abandoning module InputCore (22)
[2015.11.24-01.44.16:718][ 78]LogModuleManager: Shutting down and abandoning module Settings (21)
[2015.11.24-01.44.16:718][ 78]LogModuleManager: Shutting down and abandoning module OnlineSubsystem (19)
[2015.11.24-01.44.16:718][ 78]LogModuleManager: Shutting down and abandoning module HTTP (18)
[2015.11.24-01.44.18:721][ 78]LogModuleManager: Shutting down and abandoning module XMPP (17)
[2015.11.24-01.44.18:721][ 78]LogModuleManager: Shutting down and abandoning module OculusRift (16)
[2015.11.24-01.44.18:721][ 78]LogModuleManager: Shutting down and abandoning module ExampleDeviceProfileSelector (15)
[2015.11.24-01.44.18:721][ 78]LogModuleManager: Shutting down and abandoning module TextureCompressor (14)
[2015.11.24-01.44.18:721][ 78]LogModuleManager: Shutting down and abandoning module ShaderCore (13)
[2015.11.24-01.44.18:721][ 78]LogModuleManager: Shutting down and abandoning module Landscape (12)
[2015.11.24-01.44.18:721][ 78]LogModuleManager: Shutting down and abandoning module SlateRHIRenderer (11)
[2015.11.24-01.44.18:721][ 78]LogModuleManager: Shutting down and abandoning module OpenGLDrv (10)
[2015.11.24-01.44.18:721][ 78]LogModuleManager: Shutting down and abandoning module D3D11RHI (9)
[2015.11.24-01.44.18:721][ 78]LogModuleManager: Shutting down and abandoning module AnimGraphRuntime (8)
[2015.11.24-01.44.18:721][ 78]LogModuleManager: Shutting down and abandoning module Renderer (7)
[2015.11.24-01.44.18:721][ 78]LogModuleManager: Shutting down and abandoning module Engine (6)
[2015.11.24-01.44.18:721][ 78]LogModuleManager: Shutting down and abandoning module CoreUObject (5)
[2015.11.24-01.44.18:721][ 78]LogModuleManager: Shutting down and abandoning module NetworkFile (4)
[2015.11.24-01.44.18:721][ 78]LogModuleManager: Shutting down and abandoning module StreamingFile (3)
[2015.11.24-01.44.18:721][ 78]LogModuleManager: Shutting down and abandoning module SandboxFile (2)
[2015.11.24-01.44.18:721][ 78]LogModuleManager: Shutting down and abandoning module PakFile (1)
[2015.11.24-01.44.18:723][ 78]LogExit: Exiting.
[2015.11.24-01.44.18:724][ 78]Log file closed, 11/23/15 18:44:18
