[2015.11.26-00.25.06:454][  0]Log file open, 11/25/15 17:25:06
[2015.11.26-00.25.06:454][  0]LogInit:Display: Running engine for game: SillyGeo
[2015.11.26-00.25.06:454][  0]LogPlatformFile: Not using cached read wrapper
[2015.11.26-00.25.06:454][  0]LogInit:Display: RandInit(-1742211623) SRandInit(-1742211622).
[2015.11.26-00.25.06:454][  0]LogTaskGraph: Started task graph with 4 named threads and 7 total threads.
[2015.11.26-00.25.06:454][  0]LogStats: Stats thread started at 0.065302
[2015.11.26-00.25.06:454][  0]LogInit: Version: 4.10.0-2758231+++depot+UE4-Releases+4.10
[2015.11.26-00.25.06:454][  0]LogInit: API Version: 2758231
[2015.11.26-00.25.06:454][  0]LogInit: Compiled (64-bit): Nov  7 2015 05:13:45
[2015.11.26-00.25.06:454][  0]LogInit: Compiled with Visual C++: 19.00.23026.00
[2015.11.26-00.25.06:454][  0]LogInit: Build Configuration: Development
[2015.11.26-00.25.06:454][  0]LogInit: Branch Name: ++depot+UE4-Releases+4.10
[2015.11.26-00.25.06:454][  0]LogInit: Command line:  
[2015.11.26-00.25.06:454][  0]LogInit: Base directory: E:/Documents/Unreal/Epic Games/4.10/Engine/Binaries/Win64/
[2015.11.26-00.25.06:454][  0]LogInit: Rocket: 1
[2015.11.26-00.25.06:458][  0]LogInit: Using libcurl 7.41.0
[2015.11.26-00.25.06:458][  0]LogInit:  - built for x86_64-pc-win32
[2015.11.26-00.25.06:458][  0]LogInit:  - supports SSL with WinSSL
[2015.11.26-00.25.06:458][  0]LogInit:  - other features:
[2015.11.26-00.25.06:458][  0]LogInit:      CURL_VERSION_SSL
[2015.11.26-00.25.06:458][  0]LogInit:      CURL_VERSION_IPV6
[2015.11.26-00.25.06:458][  0]LogInit:      CURL_VERSION_ASYNCHDNS
[2015.11.26-00.25.06:458][  0]LogInit:      CURL_VERSION_LARGEFILE
[2015.11.26-00.25.06:458][  0]LogInit:      CURL_VERSION_IDN
[2015.11.26-00.25.06:458][  0]LogInit:  CurlRequestOptions (configurable via config and command line):
[2015.11.26-00.25.06:458][  0]LogInit:  - bVerifyPeer = true  - Libcurl will verify peer certificate
[2015.11.26-00.25.06:458][  0]LogInit:  - bUseHttpProxy = false  - Libcurl will NOT use HTTP proxy
[2015.11.26-00.25.06:458][  0]LogInit:  - bDontReuseConnections = false  - Libcurl will reuse connections
[2015.11.26-00.25.06:458][  0]LogInit:  - CertBundlePath = nullptr  - Libcurl will use whatever was configured at build time.
[2015.11.26-00.25.06:463][  0]LogInit: Presizing for 0 objects not considered by GC, pre-allocating 0 bytes.
[2015.11.26-00.25.06:468][  0]LogInit: Object subsystem initialized
[2015.11.26-00.25.06:469][  0]LogInit: Selected Device Profile: [Windows]
[2015.11.26-00.25.06:469][  0]LogInit: Applying CVar settings loaded from the selected device profile: [Windows]
[2015.11.26-00.25.06:476][  0]LogInit: Computer: WADE
[2015.11.26-00.25.06:476][  0]LogInit: User: WadeMeyers
[2015.11.26-00.25.06:476][  0]LogInit: CPU Page size=4096, Cores=4
[2015.11.26-00.25.06:476][  0]LogInit: High frequency timer resolution =3.215211 MHz
[2015.11.26-00.25.06:476][  0]LogMemory: Memory total: Physical=7.9GB (8GB approx)
[2015.11.26-00.25.06:476][  0]LogMemory: Platform Memory Stats for Windows
[2015.11.26-00.25.06:476][  0]LogMemory: Process Physical Memory: 55.92 MB used, 55.92 MB peak
[2015.11.26-00.25.06:476][  0]LogMemory: Process Virtual Memory: 58.82 MB used, 58.82 MB peak
[2015.11.26-00.25.06:476][  0]LogMemory: Physical Memory: 3183.46 MB used, 8057.26 MB total
[2015.11.26-00.25.06:476][  0]LogMemory: Virtual Memory: 384.30 MB used, 134217728.00 MB total
[2015.11.26-00.25.06:503][  0]LogTextLocalizationManager: No specific translations for ('en-US') exist, so ('en') translations will be used.
[2015.11.26-00.25.06:864][  0]LogD3D11RHI: Found D3D11 adapter 0: NVIDIA GeForce GTX 970 (Feature Level 11_0)
[2015.11.26-00.25.06:864][  0]LogD3D11RHI: Adapter has 4008MB of dedicated video memory, 0MB of dedicated system memory, and 4028MB of shared system memory, 1 output[s]
[2015.11.26-00.25.06:869][  0]LogD3D11RHI: Found D3D11 adapter 1: Intel(R) HD Graphics 4600 (Feature Level 11_0)
[2015.11.26-00.25.06:869][  0]LogD3D11RHI: Adapter has 112MB of dedicated video memory, 0MB of dedicated system memory, and 4028MB of shared system memory, 0 output[s]
[2015.11.26-00.25.06:870][  0]LogD3D11RHI: Found D3D11 adapter 2: Microsoft Basic Render Driver (Feature Level 11_0)
[2015.11.26-00.25.06:870][  0]LogD3D11RHI: Adapter has 0MB of dedicated video memory, 0MB of dedicated system memory, and 4028MB of shared system memory, 0 output[s]
[2015.11.26-00.25.06:870][  0]LogD3D11RHI: Chosen D3D11 Adapter Id = 0
[2015.11.26-00.25.06:874][  0]LogD3D11RHI: !Direct3DDevice
[2015.11.26-00.25.06:874][  0]LogRHI: Texture pool is 1361 MB (70% of 1945 MB)
[2015.11.26-00.25.06:883][  0]LogD3D11RHI: Async texture creation enabled
[2015.11.26-00.25.06:898][  0]LogShaderCompilers: Guid format shader working directory is -6 characters bigger than the processId version (C:/Users/Wade Meyers/Documents/Unreal Projects/SillyGeo/Intermediate/Shaders/WorkingDirectory/9500/).
[2015.11.26-00.25.06:898][  0]LogShaderCompilers: Cleaned the shader compiler working directory 'C:/Users/WADEME~1/AppData/Local/Temp/UnrealShaderWorkingDir/7E68BF994060D21D8B6106917418E3C1/'.
[2015.11.26-00.25.06:898][  0]LogShaderCompilers:Display: Using Local Shader Compiler.
[2015.11.26-00.25.07:493][  0]LogTemp:Display: Loaded TP AllDesktopTargetPlatform
[2015.11.26-00.25.07:496][  0]LogTemp:Display: Loaded TP WindowsClientTargetPlatform
[2015.11.26-00.25.07:499][  0]LogTemp:Display: Loaded TP WindowsNoEditorTargetPlatform
[2015.11.26-00.25.07:502][  0]LogTemp:Display: Loaded TP WindowsServerTargetPlatform
[2015.11.26-00.25.07:505][  0]LogTemp:Display: Loaded TP WindowsTargetPlatform
[2015.11.26-00.25.07:507][  0]LogTemp:Display: Loaded TP AndroidTargetPlatform
[2015.11.26-00.25.07:509][  0]LogTemp:Display: Loaded TP Android_ASTCTargetPlatform
[2015.11.26-00.25.07:511][  0]LogTemp:Display: Loaded TP Android_ATCTargetPlatform
[2015.11.26-00.25.07:513][  0]LogTemp:Display: Loaded TP Android_DXTTargetPlatform
[2015.11.26-00.25.07:515][  0]LogTemp:Display: Loaded TP Android_ETC1TargetPlatform
[2015.11.26-00.25.07:517][  0]LogTemp:Display: Loaded TP Android_ETC2TargetPlatform
[2015.11.26-00.25.07:521][  0]LogTemp:Display: Loaded TP Android_MultiTargetPlatform
[2015.11.26-00.25.07:521][  0]LogTemp:Display: Loaded TP Android_PVRTCTargetPlatform
[2015.11.26-00.25.07:522][  0]LogTemp:Display: Loaded TP HTML5TargetPlatform
[2015.11.26-00.25.07:536][  0]LogTemp:Display: Loaded TP IOSTargetPlatform
[2015.11.26-00.25.07:538][  0]LogTemp:Display: Loaded TP LinuxNoEditorTargetPlatform
[2015.11.26-00.25.07:541][  0]LogTemp:Display: Loaded TP LinuxServerTargetPlatform
[2015.11.26-00.25.07:543][  0]LogTemp:Display: Loaded TP LinuxTargetPlatform
[2015.11.26-00.25.07:543][  0]LogTargetPlatformManager:Display: Building Assets For Windows
[2015.11.26-00.25.07:592][  0]LogDerivedDataCache:Display: Max Cache Size: 512 MB
[2015.11.26-00.25.07:637][  0]LogDerivedDataCache: Loaded boot cache 0.05s 41MB C:/Users/Wade Meyers/AppData/Local/UnrealEngine/4.10/DerivedDataCache/Boot.ddc.
[2015.11.26-00.25.07:638][  0]LogDerivedDataCache:Display: Loaded Boot cache: C:/Users/Wade Meyers/AppData/Local/UnrealEngine/4.10/DerivedDataCache/Boot.ddc
[2015.11.26-00.25.07:638][  0]LogDerivedDataCache: FDerivedDataBackendGraph:  Pak pak cache file C:/Users/Wade Meyers/Documents/Unreal Projects/SillyGeo/DerivedDataCache/DDC.ddp not found, will not use a pak cache.
[2015.11.26-00.25.07:638][  0]LogDerivedDataCache: Unable to find inner node Pak for hierarchical cache Hierarchy.
[2015.11.26-00.25.07:638][  0]LogDerivedDataCache: FDerivedDataBackendGraph:  CompressedPak pak cache file C:/Users/Wade Meyers/Documents/Unreal Projects/SillyGeo/DerivedDataCache/Compressed.ddp not found, will not use a pak cache.
[2015.11.26-00.25.07:638][  0]LogDerivedDataCache: Unable to find inner node CompressedPak for hierarchical cache Hierarchy.
[2015.11.26-00.25.07:689][  0]LogDerivedDataCache:Display: Pak cache opened for reading ../../../Engine/DerivedDataCache/Compressed.ddp.
[2015.11.26-00.25.07:700][  0]LogDerivedDataCache: Using Local data cache path C:/Users/Wade Meyers/AppData/Local/UnrealEngine/Common/DerivedDataCache: Writable
[2015.11.26-00.25.07:837][  0]LogInit: Selected Device Profile: [Windows]
[2015.11.26-00.25.07:839][  0]LogContentStreaming: Texture pool size is 0.000000MB
[2015.11.26-00.25.07:924][  0]LogMeshUtilities: No automatic mesh reduction module available
[2015.11.26-00.25.07:924][  0]LogMeshUtilities: No automatic mesh merging module available
[2015.11.26-00.25.08:098][  0]LogInit: WinSock: version 1.1 (2.2), MaxSocks=32767, MaxUdp=65467
[2015.11.26-00.25.08:662][  0]UdpMessaging: Initializing bridge on interface 0.0.0.0:0 to multicast group 230.0.0.1:6666.
[2015.11.26-00.25.08:747][  0]LogAssetRegistry: FAssetRegistry took 0.0106 seconds to start up
[2015.11.26-00.25.08:860][  0]SourceControl: Info Source control is disabled
[2015.11.26-00.25.08:861][  0]SourceControl: Info Source control is disabled
[2015.11.26-00.25.08:867][  0]SourceControl: Info Source control is disabled
[2015.11.26-00.25.08:873][  0]SourceControl: Info Source control is disabled
[2015.11.26-00.25.09:014][  0]LogObj: 28633 objects as part of root set at end of initial load.
[2015.11.26-00.25.09:014][  0]LogUObjectAllocator: 6099744 out of 0 bytes used by permanent object pool.
[2015.11.26-00.25.09:060][  0]LogEngine: Initializing Engine...
[2015.11.26-00.25.09:063][  0]LogHMD: Can't find Oculus library dev build: is proper Runtime installed? Version: 0.8.0.0
[2015.11.26-00.25.09:066][  0]LogHMD: SteamVR failed to initialize.  Err: 108
[2015.11.26-00.25.09:164][  0]LogAIModule: Creating AISystem for world NewWorld
[2015.11.26-00.25.09:169][  0]LogInit: XAudio2 using 'Headphones (High Definition Audio Device)' : 2 channels at 44.1 kHz using 16 bits per sample (channel mask 0x3)
[2015.11.26-00.25.09:177][  0]LogInit: FAudioDevice initialized.
[2015.11.26-00.25.09:200][  0]LogDerivedDataCache: Saved boot cache 0.02s 41MB C:/Users/Wade Meyers/AppData/Local/UnrealEngine/4.10/DerivedDataCache/Boot.ddc.
[2015.11.26-00.25.09:206][  0]LogInit: Texture streaming: Enabled
[2015.11.26-00.25.09:209][  0]LogAnalytics: Creating configured Analytics provider AnalyticsET
[2015.11.26-00.25.09:209][  0]LogAnalytics: [UEEditor.Rocket.Release] APIServer = http://et2.epicgames.com/ET2/. AppVersion = 4.10.0-2758231+++depot+UE4-Releases+4.10
[2015.11.26-00.25.09:209][  0]LogAnalytics: [UEEditor.Rocket.Release] SetUserId 47769e1d45b97e64c51ba3aa25752d08|f04a0f85b5794fb880023cff839c7771|2d5e69ce-22bb-4405-baa7-c5ca54761f93
[2015.11.26-00.25.09:209][  0]LogAnalytics: [UEEditor.Rocket.Release] AnalyticsET::StartSession
[2015.11.26-00.25.09:232][  0]LogInit: Transaction tracking system initialized
[2015.11.26-00.25.09:249][  0]BlueprintLog: New page: Editor Load
[2015.11.26-00.25.09:296][  0]LocalizationService: Info Localization service is disabled
[2015.11.26-00.25.09:346][  0]LogConsoleResponse:Display: 
[2015.11.26-00.25.09:430][  0]LogCook:Display: Done creating registry. It took  0.00s.
[2015.11.26-00.25.09:464][  0]LogFileCache: Scanning file cache for directory 'C:/Users/Wade Meyers/Documents/Unreal Projects/SillyGeo/Content/' took 0.01s
[2015.11.26-00.25.09:465][  0]SourceControl: Info Source control is disabled
[2015.11.26-00.25.09:465][  0]Cmd: MAP LOAD FILE="C:/Users/Wade Meyers/Documents/Unreal Projects/SillyGeo/Content/Maps/GeoMap.umap" TEMPLATE=0 SHOWPROGRESS=1 FEATURELEVEL=3
[2015.11.26-00.25.09:465][  0]LightingResults: New page: Lighting Build
[2015.11.26-00.25.09:467][  0]MapCheck: New page: Map Check
[2015.11.26-00.25.09:467][  0]LightingResults: New page: Lighting Build
[2015.11.26-00.25.09:476][  0]LogParticles: Destroying 0 GPU particle simulations for FXSystem 0x000001DCB78BF420
[2015.11.26-00.25.09:591][  0]LogBlueprint:Warning: [compiler GeoGameState] Warning  Clear Timer by Function Name  is deprecated; Use Clear Timer by Handle
[2015.11.26-00.25.09:592][  0]LogBlueprint:Warning: [compiler GeoGameState] Warning [0003.46] Compile of GeoGameState successful, but with 1 Warning(s) [in 2 ms]
[2015.11.26-00.25.09:592][  0]LogBlueprint:Warning: [compiler GeoGameState] Warning [0003.46] Compile of GeoGameState successful, but with 2 Warning(s) [in 0 ms]
[2015.11.26-00.25.09:592][  0]LogBlueprint:Warning: [compiler GeoGameState] Warning [0003.46] Compile of GeoGameState successful, but with 3 Warning(s) [in 0 ms]
[2015.11.26-00.25.09:674][  0]LogBlueprint:Warning: [compiler BP_Player] Warning  Clear Timer by Function Name  is deprecated; Use Clear Timer by Handle
[2015.11.26-00.25.09:685][  0]LogBlueprint:Warning: [compiler BP_Player] Warning [0003.55] Compile of BP_Player successful, but with 1 Warning(s) [in 36 ms]
[2015.11.26-00.25.09:685][  0]LogBlueprint:Warning: [compiler BP_Player] Warning [0003.55] Compile of BP_Player successful, but with 2 Warning(s) [in 0 ms]
[2015.11.26-00.25.09:685][  0]LogBlueprint:Warning: [compiler BP_Player] Warning [0003.55] Compile of BP_Player successful, but with 3 Warning(s) [in 0 ms]
[2015.11.26-00.25.09:689][  0]LogBlueprint:Warning: [compiler GeoGameState] Warning  Clear Timer by Function Name  is deprecated; Use Clear Timer by Handle
[2015.11.26-00.25.09:690][  0]LogBlueprint:Warning: [compiler GeoGameState] Warning [0003.55] Compile of GeoGameState successful, but with 1 Warning(s) [in 2 ms]
[2015.11.26-00.25.09:690][  0]LogBlueprint:Warning: [compiler GeoGameState] Warning [0003.55] Compile of GeoGameState successful, but with 2 Warning(s) [in 0 ms]
[2015.11.26-00.25.09:691][  0]LogBlueprint:Warning: [compiler GeoGameState] Warning [0003.55] Compile of GeoGameState successful, but with 3 Warning(s) [in 0 ms]
[2015.11.26-00.25.09:737][  0]LogBlueprint:Warning: [compiler BP_Player] Warning  Clear Timer by Function Name  is deprecated; Use Clear Timer by Handle
[2015.11.26-00.25.09:744][  0]LogBlueprint:Warning: [compiler BP_Player] Warning [0003.61] Compile of BP_Player successful, but with 1 Warning(s) [in 30 ms]
[2015.11.26-00.25.09:744][  0]LogBlueprint:Warning: [compiler BP_Player] Warning [0003.61] Compile of BP_Player successful, but with 2 Warning(s) [in 0 ms]
[2015.11.26-00.25.09:745][  0]LogBlueprint:Warning: [compiler BP_Player] Warning [0003.61] Compile of BP_Player successful, but with 3 Warning(s) [in 0 ms]
[2015.11.26-00.25.09:862][  0]LogBlueprint:Warning: [compiler BP_MasterEnemy] Warning  Clear Timer by Function Name  is deprecated; Use Clear Timer by Handle
[2015.11.26-00.25.09:863][  0]LogBlueprint:Warning: [compiler BP_MasterEnemy] Warning  Clear Timer by Function Name  is deprecated; Use Clear Timer by Handle
[2015.11.26-00.25.09:867][  0]LogBlueprint:Warning: [compiler BP_MasterEnemy] Warning [0003.73] Compile of BP_MasterEnemy successful, but with 2 Warning(s) [in 16 ms]
[2015.11.26-00.25.09:867][  0]LogBlueprint:Warning: [compiler BP_MasterEnemy] Warning [0003.73] Compile of BP_MasterEnemy successful, but with 3 Warning(s) [in 0 ms]
[2015.11.26-00.25.09:867][  0]LogBlueprint:Warning: [compiler BP_MasterEnemy] Warning [0003.73] Compile of BP_MasterEnemy successful, but with 4 Warning(s) [in 0 ms]
[2015.11.26-00.25.09:883][  0]LogBlueprint:Warning: [compiler BP_MasterEnemy] Warning  Clear Timer by Function Name  is deprecated; Use Clear Timer by Handle
[2015.11.26-00.25.09:884][  0]LogBlueprint:Warning: [compiler BP_MasterEnemy] Warning  Clear Timer by Function Name  is deprecated; Use Clear Timer by Handle
[2015.11.26-00.25.09:889][  0]LogBlueprint:Warning: [compiler BP_MasterEnemy] Warning [0003.75] Compile of BP_MasterEnemy successful, but with 2 Warning(s) [in 16 ms]
[2015.11.26-00.25.09:889][  0]LogBlueprint:Warning: [compiler BP_MasterEnemy] Warning [0003.75] Compile of BP_MasterEnemy successful, but with 3 Warning(s) [in 0 ms]
[2015.11.26-00.25.09:889][  0]LogBlueprint:Warning: [compiler BP_MasterEnemy] Warning [0003.75] Compile of BP_MasterEnemy successful, but with 4 Warning(s) [in 0 ms]
[2015.11.26-00.25.09:905][  0]LogLinker:Warning: CreateExport: Failed to load Parent for Function /Game/Enemies/Blueprints/GreenEnemy.GreenEnemy_C:UserConstructionScript; removing parent information, but keeping function
[2015.11.26-00.25.09:907][  0]LogLinker:Warning: CreateExport: Failed to load Parent for Function /Game/Enemies/Blueprints/RedEnemy.RedEnemy_C:UserConstructionScript; removing parent information, but keeping function
[2015.11.26-00.25.09:970][  0]LogBlueprint:Warning: [compiler BP_EnemySpawner] Warning  Clear Timer by Function Name  is deprecated; Use Clear Timer by Handle
[2015.11.26-00.25.09:971][  0]LogBlueprint:Warning: [compiler BP_EnemySpawner] Warning  Clear Timer by Function Name  is deprecated; Use Clear Timer by Handle
[2015.11.26-00.25.09:971][  0]LogBlueprint:Warning: [compiler BP_EnemySpawner] Warning  Clear Timer by Function Name  is deprecated; Use Clear Timer by Handle
[2015.11.26-00.25.09:971][  0]LogBlueprint:Warning: [compiler BP_EnemySpawner] Warning  Clear Timer by Function Name  is deprecated; Use Clear Timer by Handle
[2015.11.26-00.25.09:973][  0]LogBlueprint:Warning: [compiler BP_EnemySpawner] Warning  Get Random Point  is deprecated; please replace or remove it.
[2015.11.26-00.25.09:976][  0]LogBlueprint:Warning: [compiler BP_EnemySpawner] Warning [0003.84] Compile of BP_EnemySpawner successful, but with 5 Warning(s) [in 17 ms]
[2015.11.26-00.25.09:976][  0]LogBlueprint:Warning: [compiler BP_EnemySpawner] Warning [0003.84] Compile of BP_EnemySpawner successful, but with 6 Warning(s) [in 0 ms]
[2015.11.26-00.25.09:976][  0]LogBlueprint:Warning: [compiler BP_EnemySpawner] Warning [0003.84] Compile of BP_EnemySpawner successful, but with 7 Warning(s) [in 0 ms]
[2015.11.26-00.25.09:991][  0]LogBlueprint:Warning: [compiler BP_EnemySpawner] Warning  Clear Timer by Function Name  is deprecated; Use Clear Timer by Handle
[2015.11.26-00.25.09:991][  0]LogBlueprint:Warning: [compiler BP_EnemySpawner] Warning  Clear Timer by Function Name  is deprecated; Use Clear Timer by Handle
[2015.11.26-00.25.09:991][  0]LogBlueprint:Warning: [compiler BP_EnemySpawner] Warning  Clear Timer by Function Name  is deprecated; Use Clear Timer by Handle
[2015.11.26-00.25.09:991][  0]LogBlueprint:Warning: [compiler BP_EnemySpawner] Warning  Clear Timer by Function Name  is deprecated; Use Clear Timer by Handle
[2015.11.26-00.25.09:993][  0]LogBlueprint:Warning: [compiler BP_EnemySpawner] Warning  Get Random Point  is deprecated; please replace or remove it.
[2015.11.26-00.25.09:998][  0]LogBlueprint:Warning: [compiler BP_EnemySpawner] Warning [0003.86] Compile of BP_EnemySpawner successful, but with 5 Warning(s) [in 19 ms]
[2015.11.26-00.25.09:998][  0]LogBlueprint:Warning: [compiler BP_EnemySpawner] Warning [0003.86] Compile of BP_EnemySpawner successful, but with 6 Warning(s) [in 0 ms]
[2015.11.26-00.25.09:999][  0]LogBlueprint:Warning: [compiler BP_EnemySpawner] Warning [0003.86] Compile of BP_EnemySpawner successful, but with 7 Warning(s) [in 0 ms]
[2015.11.26-00.25.10:238][  0]LogAIModule: Creating AISystem for world GeoMap
[2015.11.26-00.25.10:247][  0]LogEditorServer: Finished looking for orphan Actors (0.000 secs)
[2015.11.26-00.25.10:248][  0]Cmd: MAP CHECKDEP NOCLEARLOG
[2015.11.26-00.25.10:287][  0]MapCheck: Info Map check complete: 0 Error(s), 0 Warning(s), took 39.537ms to complete.
[2015.11.26-00.25.10:287][  0]LogFileHelpers: Loading map 'GeoMap' took 0.823
[2015.11.26-00.25.10:375][  0]LogCollectionManager: Loaded 0 collections in 0.001038 seconds
[2015.11.26-00.25.10:412][  0]LogFileCache: Scanning file cache for directory 'C:/Users/Wade Meyers/Documents/Unreal Projects/SillyGeo/Saved/Collections/' took 0.01s
[2015.11.26-00.25.10:412][  0]LogFileCache: Scanning file cache for directory 'C:/Users/Wade Meyers/Documents/Unreal Projects/SillyGeo/Content/Developers/WadeMeyers/Collections/' took 0.01s
[2015.11.26-00.25.10:412][  0]LogFileCache: Scanning file cache for directory 'C:/Users/Wade Meyers/Documents/Unreal Projects/SillyGeo/Content/Collections/' took 0.01s
[2015.11.26-00.25.10:412][  0]LogCollectionManager: Rebuilt the GUID cache for 0 collections in 0.000002 seconds
[2015.11.26-00.25.10:420][  0]LogContentBrowser: Native class hierarchy populated in 0.0079 seconds. Added 1893 classes and 338 folders.
[2015.11.26-00.25.10:424][  0]LogContentBrowser: Native class hierarchy updated for 'WidgetCarousel' in 0.0003 seconds. Added 0 classes and 0 folders.
[2015.11.26-00.25.10:455][  0]LogContentBrowser: Native class hierarchy updated for 'AddContentDialog' in 0.0003 seconds. Added 0 classes and 0 folders.
[2015.11.26-00.25.10:458][  0]LogContentBrowser: Native class hierarchy updated for 'SceneOutliner' in 0.0003 seconds. Added 1 classes and 2 folders.
[2015.11.26-00.25.10:474][  0]LogCrashTracker: Crashtracker disabled due to settings.
[2015.11.26-00.25.10:477][  0]LogUObjectGlobals:Warning: Failed to find object 'Class None.'
[2015.11.26-00.25.10:500][  0]LogLoad: Full Startup: 4.36 seconds (BP compile: 0.22 seconds)
[2015.11.26-00.25.10:510][  0]LogOcInput: Can't find Oculus library dev build: is proper Runtime installed? Version: 0.8.0.0
[2015.11.26-00.25.10:560][  0]LogContentStreaming: Texture pool size now 1000 MB
[2015.11.26-00.25.10:668][  0]LogRenderer: Reallocating scene render targets to support 1208x572 (Frame:2).
[2015.11.26-00.25.10:895][  4]LogAssetRegistry: Asset discovery search completed in 2.1582 seconds
[2015.11.26-00.25.10:895][  4]LogCollectionManager: Rebuilt the object cache for 0 collections in 0.000001 seconds (found 0 objects)
[2015.11.26-00.25.10:895][  4]LogCollectionManager: Fixed up redirectors for 0 collections in 0.000019 seconds (updated 0 objects)
[2015.11.26-00.25.18:799][950]LogEditorViewport: Clicking on Actor (LMB): AmbientSound (AmbientSound5)
[2015.11.26-00.25.21:188][220]LogEditorViewport: Clicking on Actor (LMB): StaticMeshActor (Shape_Plane3)
[2015.11.26-00.25.22:408][362]LogEditorViewport: Clicking on Actor (LMB): DirectionalLight (Light Source)
[2015.11.26-00.25.23:955][540]LogEditorViewport: Clicking on Actor (LMB): StaticMeshActor (Shape_Plane3)
[2015.11.26-00.25.36:226][  8]LogEditorViewport: Clicking on Actor (LMB): StaticMeshActor (Shape_Plane3)
[2015.11.26-00.25.36:879][ 85]LogEditorViewport: Clicking on Actor (LMB): StaticMeshActor (Shape_Plane3)
[2015.11.26-00.25.38:364][262]LogEditorViewport: Clicking on Actor (LMB): BP_Player_C (BP_Player)
[2015.11.26-00.30.35:140][454]LogEditorViewport: Clicking on Actor (LMB): StaticMeshActor (Shape_Trim_90_In_3)
[2015.11.26-00.30.39:249][940]Cmd: DELETE
[2015.11.26-00.30.39:249][940]Cmd: ACTOR DELETE
[2015.11.26-00.30.39:253][940]LogEditorActor: Deleted Actor: StaticMeshActor
[2015.11.26-00.30.39:276][940]LogParticles: Destroying 0 GPU particle simulations for FXSystem 0x000001DCC7FC07C0
[2015.11.26-00.30.39:285][940]LogEditorActor: Deleted 1 Actors (0.036 secs)
[2015.11.26-00.30.40:052][ 32]LogEditorViewport: Clicking on Actor (LMB): StaticMeshActor (Shape_Trim_90_Out_4)
[2015.11.26-00.30.40:594][ 94]Cmd: DELETE
[2015.11.26-00.30.40:594][ 94]Cmd: ACTOR DELETE
[2015.11.26-00.30.40:595][ 94]LogEditorActor: Deleted Actor: StaticMeshActor
[2015.11.26-00.30.40:605][ 94]LogEditorActor: Deleted 1 Actors (0.011 secs)
[2015.11.26-00.30.41:048][147]LogEditorViewport: Clicking on Actor (LMB): StaticMeshActor (Shape_Trim_18)
[2015.11.26-00.30.41:523][200]Cmd: DELETE
[2015.11.26-00.30.41:523][200]Cmd: ACTOR DELETE
[2015.11.26-00.30.41:523][200]LogEditorActor: Deleted Actor: StaticMeshActor
[2015.11.26-00.30.41:534][200]LogEditorActor: Deleted 1 Actors (0.011 secs)
[2015.11.26-00.30.45:041][620]LogEditorViewport: Clicking on Actor (LMB): StaticMeshActor (Shape_Trim_17)
[2015.11.26-00.30.45:390][659]Cmd: DELETE
[2015.11.26-00.30.45:390][659]Cmd: ACTOR DELETE
[2015.11.26-00.30.45:391][659]LogEditorActor: Deleted Actor: StaticMeshActor
[2015.11.26-00.30.45:404][659]LogEditorActor: Deleted 1 Actors (0.014 secs)
[2015.11.26-00.30.45:990][729]LogEditorViewport: Clicking on Actor (LMB): StaticMeshActor (Shape_Trim_16)
[2015.11.26-00.30.46:338][768]Cmd: DELETE
[2015.11.26-00.30.46:338][768]Cmd: ACTOR DELETE
[2015.11.26-00.30.46:339][768]LogEditorActor: Deleted Actor: StaticMeshActor
[2015.11.26-00.30.46:349][768]LogEditorActor: Deleted 1 Actors (0.011 secs)
[2015.11.26-00.30.46:998][846]LogEditorViewport: Clicking on Actor (LMB): StaticMeshActor (Shape_Trim_15)
[2015.11.26-00.30.47:282][877]Cmd: DELETE
[2015.11.26-00.30.47:282][877]Cmd: ACTOR DELETE
[2015.11.26-00.30.47:282][877]LogEditorActor: Deleted Actor: StaticMeshActor
[2015.11.26-00.30.47:293][877]LogEditorActor: Deleted 1 Actors (0.011 secs)
[2015.11.26-00.30.54:551][746]LogEditorViewport: Clicking on Actor (LMB): StaticMeshActor (Shape_Trim_14)
[2015.11.26-00.30.54:760][768]Cmd: DELETE
[2015.11.26-00.30.54:760][768]Cmd: ACTOR DELETE
[2015.11.26-00.30.54:760][768]LogEditorActor: Deleted Actor: StaticMeshActor
[2015.11.26-00.30.54:772][768]LogEditorActor: Deleted 1 Actors (0.012 secs)
[2015.11.26-00.30.55:489][853]LogEditorViewport: Clicking on Actor (LMB): StaticMeshActor (Shape_Plane3)
[2015.11.26-00.30.56:095][922]LogEditorViewport: Clicking on Actor (LMB): StaticMeshActor (Shape_Trim_13)
[2015.11.26-00.30.56:848][  9]Cmd: DELETE
[2015.11.26-00.30.56:848][  9]Cmd: ACTOR DELETE
[2015.11.26-00.30.56:849][  9]LogEditorActor: Deleted Actor: StaticMeshActor
[2015.11.26-00.30.56:860][  9]LogEditorActor: Deleted 1 Actors (0.012 secs)
[2015.11.26-00.30.57:705][110]LogEditorViewport: Clicking on Actor (LMB): BlockingVolume (BlockingVolume3)
[2015.11.26-00.30.58:495][201]LogEditorViewport: Clicking on Actor (LMB): StaticMeshActor (Shape_Plane3)
[2015.11.26-00.30.59:019][260]LogEditorViewport: Clicking on Actor (LMB): StaticMeshActor (Shape_Trim_90_Out_3)
[2015.11.26-00.30.59:616][328]Cmd: DELETE
[2015.11.26-00.30.59:616][328]Cmd: ACTOR DELETE
[2015.11.26-00.30.59:616][328]LogEditorActor: Deleted Actor: StaticMeshActor
[2015.11.26-00.30.59:628][328]LogEditorActor: Deleted 1 Actors (0.013 secs)
[2015.11.26-00.31.00:253][403]LogEditorViewport: Clicking on Actor (LMB): StaticMeshActor (Shape_Trim_90_In_2)
[2015.11.26-00.31.00:822][466]Cmd: DELETE
[2015.11.26-00.31.00:822][466]Cmd: ACTOR DELETE
[2015.11.26-00.31.00:823][466]LogEditorActor: Deleted Actor: StaticMeshActor
[2015.11.26-00.31.00:834][466]LogEditorActor: Deleted 1 Actors (0.012 secs)
[2015.11.26-00.31.01:626][560]LogEditorViewport: Clicking on Actor (LMB): StaticMeshActor (Shape_Plane3)
[2015.11.26-00.31.02:178][622]LogEditorViewport: Clicking on Actor (LMB): StaticMeshActor (Shape_Trim_10)
[2015.11.26-00.31.02:627][672]Cmd: DELETE
[2015.11.26-00.31.02:627][672]Cmd: ACTOR DELETE
[2015.11.26-00.31.02:628][672]LogEditorActor: Deleted Actor: StaticMeshActor
[2015.11.26-00.31.02:639][672]LogEditorActor: Deleted 1 Actors (0.012 secs)
[2015.11.26-00.31.03:481][773]LogEditorViewport: Clicking on Actor (LMB): BlockingVolume (BlockingVolume3)
[2015.11.26-00.31.05:090][962]LogEditorViewport: Clicking on Actor (LMB): StaticMeshActor (Shape_Wedge_C_3)
[2015.11.26-00.31.06:243][ 97]LogEditorViewport: Clicking on Actor (LMB): StaticMeshActor (Shape_Wedge_C_3)
[2015.11.26-00.31.06:644][144]Cmd: DELETE
[2015.11.26-00.31.06:644][144]Cmd: ACTOR DELETE
[2015.11.26-00.31.06:645][144]LogEditorActor: Deleted Actor: StaticMeshActor
[2015.11.26-00.31.06:657][144]LogEditorActor: Deleted 1 Actors (0.013 secs)
[2015.11.26-00.31.07:240][214]LogEditorViewport: Clicking on Actor (LMB): StaticMeshActor (Shape_Trim_6)
[2015.11.26-00.31.07:613][255]Cmd: DELETE
[2015.11.26-00.31.07:613][255]Cmd: ACTOR DELETE
[2015.11.26-00.31.07:613][255]LogEditorActor: Deleted Actor: StaticMeshActor
[2015.11.26-00.31.07:624][255]LogEditorActor: Deleted 1 Actors (0.012 secs)
[2015.11.26-00.31.08:202][324]LogEditorViewport: Clicking on Actor (LMB): BlockingVolume (BlockingVolume4)
[2015.11.26-00.31.08:866][400]LogEditorViewport: Clicking on Actor (LMB): StaticMeshActor (Shape_Trim_90_Out)
[2015.11.26-00.31.09:310][450]Cmd: DELETE
[2015.11.26-00.31.09:310][450]Cmd: ACTOR DELETE
[2015.11.26-00.31.09:310][450]LogEditorActor: Deleted Actor: StaticMeshActor
[2015.11.26-00.31.09:321][450]LogEditorActor: Deleted 1 Actors (0.011 secs)
[2015.11.26-00.31.09:864][515]LogEditorViewport: Clicking on Actor (LMB): StaticMeshActor (Shape_Trim_7)
[2015.11.26-00.31.10:280][561]Cmd: DELETE
[2015.11.26-00.31.10:280][561]Cmd: ACTOR DELETE
[2015.11.26-00.31.10:280][561]LogEditorActor: Deleted Actor: StaticMeshActor
[2015.11.26-00.31.10:292][561]LogEditorActor: Deleted 1 Actors (0.012 secs)
[2015.11.26-00.31.11:074][655]LogEditorViewport: Clicking on Actor (LMB): BlockingVolume (BlockingVolume3)
[2015.11.26-00.31.11:871][747]LogEditorViewport: Clicking on Actor (LMB): BlockingVolume (BlockingVolume3)
[2015.11.26-00.31.23:065][ 83]LogEditorViewport: Clicking on Actor (LMB): BlockingVolume (BlockingVolume4)
[2015.11.26-00.31.27:167][534]LogEditorViewport: Clicking on Actor (LMB): StaticMeshActor (Shape_Plane3)
[2015.11.26-00.31.27:942][623]LogEditorViewport: Clicking on Actor (LMB): BlockingVolume (BlockingVolume3)
[2015.11.26-00.31.31:031][987]LogEditorViewport: Clicking on Actor (LMB): StaticMeshActor (Shape_Plane3)
[2015.11.26-00.31.31:543][ 45]LogEditorViewport: Clicking on Actor (LMB): BlockingVolume (BlockingVolume1)
[2015.11.26-00.31.32:340][137]LogEditorViewport: Clicking on Actor (LMB): BlockingVolume (BlockingVolume3)
[2015.11.26-00.31.33:073][222]LogEditorViewport: Clicking on Actor (LMB): BlockingVolume (BlockingVolume3)
[2015.11.26-00.31.42:434][296]LogEditorViewport: Clicking on Actor (LMB): BlockingVolume (BlockingVolume3)
[2015.11.26-00.31.43:384][409]LogEditorViewport: Clicking on Actor (LMB): StaticMeshActor (Shape_Trim_90_Out_2)
[2015.11.26-00.31.44:489][538]Cmd: DELETE
[2015.11.26-00.31.44:489][538]Cmd: ACTOR DELETE
[2015.11.26-00.31.44:489][538]LogEditorActor: Deleted Actor: StaticMeshActor
[2015.11.26-00.31.44:500][538]LogEditorActor: Deleted 1 Actors (0.011 secs)
[2015.11.26-00.31.45:457][653]LogEditorViewport: Clicking on Actor (LMB): StaticMeshActor (Shape_Trim_90_In)
[2015.11.26-00.31.45:958][710]Cmd: DELETE
[2015.11.26-00.31.45:958][710]Cmd: ACTOR DELETE
[2015.11.26-00.31.45:959][710]LogEditorActor: Deleted Actor: StaticMeshActor
[2015.11.26-00.31.45:969][710]LogEditorActor: Deleted 1 Actors (0.011 secs)
[2015.11.26-00.31.47:153][852]LogEditorViewport: Clicking on Actor (LMB): StaticMeshActor (Shape_Trim_90_In_7)
[2015.11.26-00.31.47:511][892]Cmd: DELETE
[2015.11.26-00.31.47:511][892]Cmd: ACTOR DELETE
[2015.11.26-00.31.47:511][892]LogEditorActor: Deleted Actor: StaticMeshActor
[2015.11.26-00.31.47:523][892]LogEditorActor: Deleted 1 Actors (0.012 secs)
[2015.11.26-00.31.48:029][953]LogEditorViewport: Clicking on Actor (LMB): StaticMeshActor (Shape_Trim_90_Out_9)
[2015.11.26-00.31.48:411][996]Cmd: DELETE
[2015.11.26-00.31.48:411][996]Cmd: ACTOR DELETE
[2015.11.26-00.31.48:412][996]LogEditorActor: Deleted Actor: StaticMeshActor
[2015.11.26-00.31.48:423][996]LogEditorActor: Deleted 1 Actors (0.012 secs)
[2015.11.26-00.31.49:155][ 84]LogEditorViewport: Clicking on Actor (LMB): StaticMeshActor (Shape_Trim_3)
[2015.11.26-00.31.49:453][116]Cmd: DELETE
[2015.11.26-00.31.49:453][116]Cmd: ACTOR DELETE
[2015.11.26-00.31.49:453][116]LogEditorActor: Deleted Actor: StaticMeshActor
[2015.11.26-00.31.49:465][116]LogEditorActor: Deleted 1 Actors (0.012 secs)
[2015.11.26-00.31.50:213][206]LogEditorViewport: Clicking on Actor (LMB): BlockingVolume (BlockingVolume13)
[2015.11.26-00.31.50:504][237]Cmd: DELETE
[2015.11.26-00.31.50:504][237]Cmd: ACTOR DELETE
[2015.11.26-00.31.50:505][237]LogEditorActor: Deleted Actor: BlockingVolume
[2015.11.26-00.31.50:521][237]LogEditorActor: Deleted 1 Actors (0.016 secs)
[2015.11.26-00.31.52:055][421]Cmd: TRANSACTION UNDO
[2015.11.26-00.31.52:055][421]LogEditorTransaction: Undo Delete Actors
[2015.11.26-00.31.53:008][512]LogEditorViewport: Clicking on Actor (LMB): BlockingVolume (BlockingVolume13)
[2015.11.26-00.31.53:791][605]LogEditorViewport: Clicking on Actor (LMB): StaticMeshActor (Shape_Plane3)
[2015.11.26-00.31.54:435][679]LogEditorViewport: Clicking on Actor (LMB): StaticMeshActor (Shape_Trim_2)
[2015.11.26-00.31.55:473][799]Cmd: DELETE
[2015.11.26-00.31.55:473][799]Cmd: ACTOR DELETE
[2015.11.26-00.31.55:473][799]LogEditorActor: Deleted Actor: StaticMeshActor
[2015.11.26-00.31.55:485][799]LogEditorActor: Deleted 1 Actors (0.012 secs)
[2015.11.26-00.31.56:350][903]LogEditorViewport: Clicking on Actor (LMB): StaticMeshActor (Shape_Trim)
[2015.11.26-00.31.56:664][937]Cmd: DELETE
[2015.11.26-00.31.56:664][937]Cmd: ACTOR DELETE
[2015.11.26-00.31.56:664][937]LogEditorActor: Deleted Actor: StaticMeshActor
[2015.11.26-00.31.56:675][937]LogEditorActor: Deleted 1 Actors (0.011 secs)
[2015.11.26-00.31.57:615][ 50]LogEditorViewport: Clicking on Actor (LMB): StaticMeshActor (Shape_Trim_33)
[2015.11.26-00.31.58:017][ 95]Cmd: DELETE
[2015.11.26-00.31.58:017][ 95]Cmd: ACTOR DELETE
[2015.11.26-00.31.58:017][ 95]LogEditorActor: Deleted Actor: StaticMeshActor
[2015.11.26-00.31.58:028][ 95]LogEditorActor: Deleted 1 Actors (0.011 secs)
[2015.11.26-00.31.58:662][171]LogEditorViewport: Clicking on Actor (LMB): StaticMeshActor (Shape_Trim_32)
[2015.11.26-00.31.58:937][201]Cmd: DELETE
[2015.11.26-00.31.58:938][201]Cmd: ACTOR DELETE
[2015.11.26-00.31.58:938][201]LogEditorActor: Deleted Actor: StaticMeshActor
[2015.11.26-00.31.58:949][201]LogEditorActor: Deleted 1 Actors (0.011 secs)
[2015.11.26-00.31.59:414][257]LogEditorViewport: Clicking on Actor (LMB): StaticMeshActor (Shape_Trim_31)
[2015.11.26-00.31.59:664][284]Cmd: DELETE
[2015.11.26-00.31.59:664][284]Cmd: ACTOR DELETE
[2015.11.26-00.31.59:664][284]LogEditorActor: Deleted Actor: StaticMeshActor
[2015.11.26-00.31.59:676][284]LogEditorActor: Deleted 1 Actors (0.012 secs)
[2015.11.26-00.32.00:260][354]LogEditorViewport: Clicking on Actor (LMB): StaticMeshActor (Shape_Trim_30)
[2015.11.26-00.32.00:488][378]Cmd: DELETE
[2015.11.26-00.32.00:488][378]Cmd: ACTOR DELETE
[2015.11.26-00.32.00:489][378]LogEditorActor: Deleted Actor: StaticMeshActor
[2015.11.26-00.32.00:499][378]LogEditorActor: Deleted 1 Actors (0.011 secs)
[2015.11.26-00.32.01:134][454]LogEditorViewport: Clicking on Actor (LMB): StaticMeshActor (Shape_Trim_28)
[2015.11.26-00.32.01:409][484]Cmd: DELETE
[2015.11.26-00.32.01:409][484]Cmd: ACTOR DELETE
[2015.11.26-00.32.01:409][484]LogEditorActor: Deleted Actor: StaticMeshActor
[2015.11.26-00.32.01:420][484]LogEditorActor: Deleted 1 Actors (0.011 secs)
[2015.11.26-00.32.01:863][537]LogEditorViewport: Clicking on Actor (LMB): StaticMeshActor (Shape_Trim_90_Out_7)
[2015.11.26-00.32.02:184][572]Cmd: DELETE
[2015.11.26-00.32.02:184][572]Cmd: ACTOR DELETE
[2015.11.26-00.32.02:185][572]LogEditorActor: Deleted Actor: StaticMeshActor
[2015.11.26-00.32.02:198][572]LogEditorActor: Deleted 1 Actors (0.014 secs)
[2015.11.26-00.32.02:646][626]LogEditorViewport: Clicking on Actor (LMB): StaticMeshActor (Shape_Trim_90_In_5)
[2015.11.26-00.32.02:922][656]Cmd: DELETE
[2015.11.26-00.32.02:922][656]Cmd: ACTOR DELETE
[2015.11.26-00.32.02:923][656]LogEditorActor: Deleted Actor: StaticMeshActor
[2015.11.26-00.32.02:933][656]LogEditorActor: Deleted 1 Actors (0.011 secs)
[2015.11.26-00.32.03:748][754]LogEditorViewport: Clicking on Actor (LMB): StaticMeshActor (Shape_Trim_43)
[2015.11.26-00.32.04:053][787]Cmd: DELETE
[2015.11.26-00.32.04:053][787]Cmd: ACTOR DELETE
[2015.11.26-00.32.04:053][787]LogEditorActor: Deleted Actor: StaticMeshActor
[2015.11.26-00.32.04:064][787]LogEditorActor: Deleted 1 Actors (0.011 secs)
[2015.11.26-00.32.04:553][846]LogEditorViewport: Clicking on Actor (LMB): StaticMeshActor (Shape_Trim_42)
[2015.11.26-00.32.04:852][879]Cmd: DELETE
[2015.11.26-00.32.04:852][879]Cmd: ACTOR DELETE
[2015.11.26-00.32.04:853][879]LogEditorActor: Deleted Actor: StaticMeshActor
[2015.11.26-00.32.04:864][879]LogEditorActor: Deleted 1 Actors (0.012 secs)
[2015.11.26-00.32.05:316][933]LogEditorViewport: Clicking on Actor (LMB): BlockingVolume (BlockingVolume5)
[2015.11.26-00.32.06:003][ 12]LogEditorViewport: Clicking on Actor (LMB): StaticMeshActor (Shape_Trim_41)
[2015.11.26-00.32.06:473][ 65]Cmd: DELETE
[2015.11.26-00.32.06:473][ 65]Cmd: ACTOR DELETE
[2015.11.26-00.32.06:474][ 65]LogEditorActor: Deleted Actor: StaticMeshActor
[2015.11.26-00.32.06:484][ 65]LogEditorActor: Deleted 1 Actors (0.011 secs)
[2015.11.26-00.32.07:094][138]LogEditorViewport: Clicking on Actor (LMB): StaticMeshActor (Shape_Trim_90_Out_8)
[2015.11.26-00.32.07:404][172]Cmd: DELETE
[2015.11.26-00.32.07:404][172]Cmd: ACTOR DELETE
[2015.11.26-00.32.07:405][172]LogEditorActor: Deleted Actor: StaticMeshActor
[2015.11.26-00.32.07:417][172]LogEditorActor: Deleted 1 Actors (0.013 secs)
[2015.11.26-00.32.08:249][272]LogEditorViewport: Clicking on Actor (LMB): StaticMeshActor (Shape_Trim_46)
[2015.11.26-00.32.08:859][341]Cmd: DELETE
[2015.11.26-00.32.08:859][341]Cmd: ACTOR DELETE
[2015.11.26-00.32.08:860][341]LogEditorActor: Deleted Actor: StaticMeshActor
[2015.11.26-00.32.08:872][341]LogEditorActor: Deleted 1 Actors (0.012 secs)
[2015.11.26-00.32.09:278][390]LogEditorViewport: Clicking on Actor (LMB): StaticMeshActor (Shape_Trim_45)
[2015.11.26-00.32.09:513][415]Cmd: DELETE
[2015.11.26-00.32.09:513][415]Cmd: ACTOR DELETE
[2015.11.26-00.32.09:513][415]LogEditorActor: Deleted Actor: StaticMeshActor
[2015.11.26-00.32.09:525][415]LogEditorActor: Deleted 1 Actors (0.012 secs)
[2015.11.26-00.32.09:981][470]LogEditorViewport: Clicking on Actor (LMB): StaticMeshActor (Shape_Trim_44)
[2015.11.26-00.32.10:233][497]Cmd: DELETE
[2015.11.26-00.32.10:233][497]Cmd: ACTOR DELETE
[2015.11.26-00.32.10:234][497]LogEditorActor: Deleted Actor: StaticMeshActor
[2015.11.26-00.32.10:245][497]LogEditorActor: Deleted 1 Actors (0.012 secs)
[2015.11.26-00.32.10:779][561]LogEditorViewport: Clicking on Actor (LMB): StaticMeshActor (Shape_Trim_49)
[2015.11.26-00.32.11:092][595]Cmd: DELETE
[2015.11.26-00.32.11:092][595]Cmd: ACTOR DELETE
[2015.11.26-00.32.11:093][595]LogEditorActor: Deleted Actor: StaticMeshActor
[2015.11.26-00.32.11:104][595]LogEditorActor: Deleted 1 Actors (0.012 secs)
[2015.11.26-00.32.11:680][663]LogEditorViewport: Clicking on Actor (LMB): StaticMeshActor (Shape_Trim_48)
[2015.11.26-00.32.12:186][720]Cmd: DELETE
[2015.11.26-00.32.12:186][720]Cmd: ACTOR DELETE
[2015.11.26-00.32.12:186][720]LogEditorActor: Deleted Actor: StaticMeshActor
[2015.11.26-00.32.12:198][720]LogEditorActor: Deleted 1 Actors (0.013 secs)
[2015.11.26-00.32.15:861][158]LogEditorViewport: Clicking on Actor (LMB): StaticMeshActor (Shape_Trim_47)
[2015.11.26-00.32.16:127][187]Cmd: DELETE
[2015.11.26-00.32.16:127][187]Cmd: ACTOR DELETE
[2015.11.26-00.32.16:128][187]LogEditorActor: Deleted Actor: StaticMeshActor
[2015.11.26-00.32.16:139][187]LogEditorActor: Deleted 1 Actors (0.012 secs)
[2015.11.26-00.32.16:754][261]LogEditorViewport: Clicking on Actor (LMB): StaticMeshActor (Shape_Trim_52)
[2015.11.26-00.32.16:964][283]Cmd: DELETE
[2015.11.26-00.32.16:964][283]Cmd: ACTOR DELETE
[2015.11.26-00.32.16:965][283]LogEditorActor: Deleted Actor: StaticMeshActor
[2015.11.26-00.32.16:977][283]LogEditorActor: Deleted 1 Actors (0.012 secs)
[2015.11.26-00.32.31:399][ 10]LogEditorViewport: Clicking on Actor (LMB): BlockingVolume (BlockingVolume14)
[2015.11.26-00.32.32:531][142]LogEditorViewport: Clicking on Actor (LMB): BlockingVolume (BlockingVolume10)
[2015.11.26-00.32.33:696][279]LogEditorViewport: Clicking on Actor (LMB): BlockingVolume (BlockingVolume7)
[2015.11.26-00.32.35:000][432]LogEditorViewport: Clicking on Actor (LMB): StaticMeshActor (Shape_Plane3)
[2015.11.26-00.32.42:783][360]LogEditorViewport: Clicking on Actor (LMB): StaticMeshActor (Shape_Plane_2)
[2015.11.26-00.32.44:716][589]LogEditorViewport: Clicking on Actor (LMB): StaticMeshActor (Shape_Plane_2)
[2015.11.26-00.32.47:781][955]LogEditorViewport: Clicking on Actor (LMB): StaticMeshActor (Shape_Plane_2)
[2015.11.26-00.33.17:741][492]LogPhysics:Warning: AddBoxesToRigidActor: [/Game/NewPaperSprite.NewPaperSprite] BoxElems[0] invalid or has invalid transform
[2015.11.26-00.33.53:205][364]LogPhysics:Warning: AddBoxesToRigidActor: [/Game/NewPaperSprite.NewPaperSprite] BoxElems[0] invalid or has invalid transform
[2015.11.26-00.36.15:467][927]LogBlueprintUserMessages: Early PlayInEditor Detection: Level '/Game/Maps/GeoMap.GeoMap:PersistentLevel' has LevelScriptBlueprint '/Game/Maps/GeoMap.GeoMap:PersistentLevel.GeoMap' with GeneratedClass '/Game/Maps/GeoMap.GeoMap_C' with ClassGeneratedBy '/Game/Maps/GeoMap.GeoMap:PersistentLevel.GeoMap'
[2015.11.26-00.36.15:467][927]LogPlayLevel: PlayLevel: No blueprints needed recompiling
[2015.11.26-00.36.15:468][927]PIE: New page: PIE session: GeoMap (Nov 25, 2015, 10:36:15 AM)
[2015.11.26-00.36.15:468][927]LogPlayLevel: Creating play world package: /Game/Maps/UEDPIE_0_GeoMap
[2015.11.26-00.36.15:498][927]LogPlayLevel: PIE: StaticDuplicateObject took: (0.030140s)
[2015.11.26-00.36.15:499][927]LogAIModule: Creating AISystem for world GeoMap
[2015.11.26-00.36.15:499][927]LogPlayLevel: PIE: World Init took: (0.000953s)
[2015.11.26-00.36.15:499][927]LogPlayLevel: PIE: Created PIE world by copying editor world from /Game/Maps/GeoMap.GeoMap to /Game/Maps/UEDPIE_0_GeoMap.GeoMap (0.031346s)
[2015.11.26-00.36.15:511][927]LogParticles: Destroying 0 GPU particle simulations for FXSystem 0x000001DCAC47CEA0
[2015.11.26-00.36.15:512][927]LogParticles: Destroying 0 GPU particle simulations for FXSystem 0x000001DCB89622A0
[2015.11.26-00.36.15:517][927]LogInit: XAudio2 using 'Headphones (High Definition Audio Device)' : 2 channels at 44.1 kHz using 16 bits per sample (channel mask 0x3)
[2015.11.26-00.36.15:523][927]LogInit: FAudioDevice initialized.
[2015.11.26-00.36.15:619][927]LogWorld: Game class is 'SillyGeoGameMode_C'
[2015.11.26-00.36.15:628][927]LogWorld: Bringing World /Game/Maps/UEDPIE_0_GeoMap.GeoMap up for play (max tick rate 0) at 2015.11.25-17.36.15
[2015.11.26-00.36.15:628][927]LogActor:Warning: GameSession /Game/Maps/UEDPIE_0_GeoMap.GeoMap:PersistentLevel.GameSession_0 has natively added scene component(s), but none of them were set as the actor's RootComponent - picking one arbitrarily
[2015.11.26-00.36.15:628][927]LogActor:Warning: GameNetworkManager /Game/Maps/UEDPIE_0_GeoMap.GeoMap:PersistentLevel.GameNetworkManager_0 has natively added scene component(s), but none of them were set as the actor's RootComponent - picking one arbitrarily
[2015.11.26-00.36.15:629][927]LogWorld: Bringing up level for play took: 0.007593
[2015.11.26-00.36.15:631][927]PIE: Info Play in editor start time for /Game/Maps/UEDPIE_0_GeoMap -0.538
[2015.11.26-00.36.15:631][927]LogBlueprintUserMessages: Late PlayInEditor Detection: Level '/Game/Maps/GeoMap.GeoMap:PersistentLevel' has LevelScriptBlueprint '/Game/Maps/GeoMap.GeoMap:PersistentLevel.GeoMap' with GeneratedClass '/Game/Maps/GeoMap.GeoMap_C' with ClassGeneratedBy '/Game/Maps/GeoMap.GeoMap:PersistentLevel.GeoMap'
[2015.11.26-00.36.20:235][471]LogBlueprintUserMessages: Early EndPlayMap Detection: Level '/Game/Maps/GeoMap.GeoMap:PersistentLevel' has LevelScriptBlueprint '/Game/Maps/GeoMap.GeoMap:PersistentLevel.GeoMap' with GeneratedClass '/Game/Maps/GeoMap.GeoMap_C' with ClassGeneratedBy '/Game/Maps/GeoMap.GeoMap:PersistentLevel.GeoMap'
[2015.11.26-00.36.20:276][471]LogBlueprintUserMessages: Late EndPlayMap Detection: Level '/Game/Maps/GeoMap.GeoMap:PersistentLevel' has LevelScriptBlueprint '/Game/Maps/GeoMap.GeoMap:PersistentLevel.GeoMap' with GeneratedClass '/Game/Maps/GeoMap.GeoMap_C' with ClassGeneratedBy '/Game/Maps/GeoMap.GeoMap:PersistentLevel.GeoMap'
[2015.11.26-00.36.20:291][471]LogParticles: Destroying 0 GPU particle simulations for FXSystem 0x000001DCBDF20360
[2015.11.26-00.36.23:733][877]LogEditorViewport: Clicking on Actor (LMB): PaperSpriteActor (NewPaperSprite)
[2015.11.26-00.36.33:945][ 98]LogBlueprintUserMessages: Early PlayInEditor Detection: Level '/Game/Maps/GeoMap.GeoMap:PersistentLevel' has LevelScriptBlueprint '/Game/Maps/GeoMap.GeoMap:PersistentLevel.GeoMap' with GeneratedClass '/Game/Maps/GeoMap.GeoMap_C' with ClassGeneratedBy '/Game/Maps/GeoMap.GeoMap:PersistentLevel.GeoMap'
[2015.11.26-00.36.33:945][ 98]LogPlayLevel: PlayLevel: No blueprints needed recompiling
[2015.11.26-00.36.33:945][ 98]PIE: New page: PIE session: GeoMap (Nov 25, 2015, 10:36:33 AM)
[2015.11.26-00.36.33:945][ 98]LogPlayLevel: Creating play world package: /Game/Maps/UEDPIE_0_GeoMap
[2015.11.26-00.36.33:970][ 98]LogPlayLevel: PIE: StaticDuplicateObject took: (0.025300s)
[2015.11.26-00.36.33:971][ 98]LogAIModule: Creating AISystem for world GeoMap
[2015.11.26-00.36.33:971][ 98]LogPlayLevel: PIE: World Init took: (0.000848s)
[2015.11.26-00.36.33:971][ 98]LogPlayLevel: PIE: Created PIE world by copying editor world from /Game/Maps/GeoMap.GeoMap to /Game/Maps/UEDPIE_0_GeoMap.GeoMap (0.026360s)
[2015.11.26-00.36.33:986][ 98]LogInit: XAudio2 using 'Headphones (High Definition Audio Device)' : 2 channels at 44.1 kHz using 16 bits per sample (channel mask 0x3)
[2015.11.26-00.36.33:991][ 98]LogInit: FAudioDevice initialized.
[2015.11.26-00.36.34:028][ 98]LogWorld: Game class is 'SillyGeoGameMode_C'
[2015.11.26-00.36.34:034][ 98]LogWorld: Bringing World /Game/Maps/UEDPIE_0_GeoMap.GeoMap up for play (max tick rate 0) at 2015.11.25-17.36.34
[2015.11.26-00.36.34:034][ 98]LogActor:Warning: GameSession /Game/Maps/UEDPIE_0_GeoMap.GeoMap:PersistentLevel.GameSession_1 has natively added scene component(s), but none of them were set as the actor's RootComponent - picking one arbitrarily
[2015.11.26-00.36.34:035][ 98]LogActor:Warning: GameNetworkManager /Game/Maps/UEDPIE_0_GeoMap.GeoMap:PersistentLevel.GameNetworkManager_1 has natively added scene component(s), but none of them were set as the actor's RootComponent - picking one arbitrarily
[2015.11.26-00.36.34:035][ 98]LogWorld: Bringing up level for play took: 0.006903
[2015.11.26-00.36.34:037][ 98]PIE: Info Play in editor start time for /Game/Maps/UEDPIE_0_GeoMap -0.133
[2015.11.26-00.36.34:037][ 98]LogBlueprintUserMessages: Late PlayInEditor Detection: Level '/Game/Maps/GeoMap.GeoMap:PersistentLevel' has LevelScriptBlueprint '/Game/Maps/GeoMap.GeoMap:PersistentLevel.GeoMap' with GeneratedClass '/Game/Maps/GeoMap.GeoMap_C' with ClassGeneratedBy '/Game/Maps/GeoMap.GeoMap:PersistentLevel.GeoMap'
[2015.11.26-00.36.36:770][420]LogBlueprintUserMessages: Early EndPlayMap Detection: Level '/Game/Maps/GeoMap.GeoMap:PersistentLevel' has LevelScriptBlueprint '/Game/Maps/GeoMap.GeoMap:PersistentLevel.GeoMap' with GeneratedClass '/Game/Maps/GeoMap.GeoMap_C' with ClassGeneratedBy '/Game/Maps/GeoMap.GeoMap:PersistentLevel.GeoMap'
[2015.11.26-00.36.36:806][420]LogBlueprintUserMessages: Late EndPlayMap Detection: Level '/Game/Maps/GeoMap.GeoMap:PersistentLevel' has LevelScriptBlueprint '/Game/Maps/GeoMap.GeoMap:PersistentLevel.GeoMap' with GeneratedClass '/Game/Maps/GeoMap.GeoMap_C' with ClassGeneratedBy '/Game/Maps/GeoMap.GeoMap:PersistentLevel.GeoMap'
[2015.11.26-00.36.36:839][421]LogParticles: Destroying 0 GPU particle simulations for FXSystem 0x000001DCAB3E8D60
[2015.11.26-00.36.58:126][972]LogBlueprintUserMessages: Early PlayInEditor Detection: Level '/Game/Maps/GeoMap.GeoMap:PersistentLevel' has LevelScriptBlueprint '/Game/Maps/GeoMap.GeoMap:PersistentLevel.GeoMap' with GeneratedClass '/Game/Maps/GeoMap.GeoMap_C' with ClassGeneratedBy '/Game/Maps/GeoMap.GeoMap:PersistentLevel.GeoMap'
[2015.11.26-00.36.58:126][972]LogPlayLevel: PlayLevel: No blueprints needed recompiling
[2015.11.26-00.36.58:126][972]PIE: New page: PIE session: GeoMap (Nov 25, 2015, 10:36:58 AM)
[2015.11.26-00.36.58:126][972]LogPlayLevel: Creating play world package: /Game/Maps/UEDPIE_0_GeoMap
[2015.11.26-00.36.58:151][972]LogPlayLevel: PIE: StaticDuplicateObject took: (0.024288s)
[2015.11.26-00.36.58:151][972]LogAIModule: Creating AISystem for world GeoMap
[2015.11.26-00.36.58:151][972]LogPlayLevel: PIE: World Init took: (0.000812s)
[2015.11.26-00.36.58:152][972]LogPlayLevel: PIE: Created PIE world by copying editor world from /Game/Maps/GeoMap.GeoMap to /Game/Maps/UEDPIE_0_GeoMap.GeoMap (0.025282s)
[2015.11.26-00.36.58:166][972]LogInit: XAudio2 using 'Headphones (High Definition Audio Device)' : 2 channels at 44.1 kHz using 16 bits per sample (channel mask 0x3)
[2015.11.26-00.36.58:171][972]LogInit: FAudioDevice initialized.
[2015.11.26-00.36.58:202][972]LogWorld: Game class is 'SillyGeoGameMode_C'
[2015.11.26-00.36.58:209][972]LogWorld: Bringing World /Game/Maps/UEDPIE_0_GeoMap.GeoMap up for play (max tick rate 0) at 2015.11.25-17.36.58
[2015.11.26-00.36.58:209][972]LogActor:Warning: GameSession /Game/Maps/UEDPIE_0_GeoMap.GeoMap:PersistentLevel.GameSession_2 has natively added scene component(s), but none of them were set as the actor's RootComponent - picking one arbitrarily
[2015.11.26-00.36.58:209][972]LogActor:Warning: GameNetworkManager /Game/Maps/UEDPIE_0_GeoMap.GeoMap:PersistentLevel.GameNetworkManager_2 has natively added scene component(s), but none of them were set as the actor's RootComponent - picking one arbitrarily
[2015.11.26-00.36.58:210][972]LogWorld: Bringing up level for play took: 0.006898
[2015.11.26-00.36.58:211][972]PIE: Info Play in editor start time for /Game/Maps/UEDPIE_0_GeoMap 0.042
[2015.11.26-00.36.58:211][972]LogBlueprintUserMessages: Late PlayInEditor Detection: Level '/Game/Maps/GeoMap.GeoMap:PersistentLevel' has LevelScriptBlueprint '/Game/Maps/GeoMap.GeoMap:PersistentLevel.GeoMap' with GeneratedClass '/Game/Maps/GeoMap.GeoMap_C' with ClassGeneratedBy '/Game/Maps/GeoMap.GeoMap:PersistentLevel.GeoMap'
[2015.11.26-00.37.00:377][225]LogBlueprintUserMessages: Early EndPlayMap Detection: Level '/Game/Maps/GeoMap.GeoMap:PersistentLevel' has LevelScriptBlueprint '/Game/Maps/GeoMap.GeoMap:PersistentLevel.GeoMap' with GeneratedClass '/Game/Maps/GeoMap.GeoMap_C' with ClassGeneratedBy '/Game/Maps/GeoMap.GeoMap:PersistentLevel.GeoMap'
[2015.11.26-00.37.00:420][225]LogBlueprintUserMessages: Late EndPlayMap Detection: Level '/Game/Maps/GeoMap.GeoMap:PersistentLevel' has LevelScriptBlueprint '/Game/Maps/GeoMap.GeoMap:PersistentLevel.GeoMap' with GeneratedClass '/Game/Maps/GeoMap.GeoMap_C' with ClassGeneratedBy '/Game/Maps/GeoMap.GeoMap:PersistentLevel.GeoMap'
[2015.11.26-00.37.00:453][226]LogParticles: Destroying 0 GPU particle simulations for FXSystem 0x000001DCA9C26200
[2015.11.26-00.37.12:368][652]LogBlueprintUserMessages: Early PlayInEditor Detection: Level '/Game/Maps/GeoMap.GeoMap:PersistentLevel' has LevelScriptBlueprint '/Game/Maps/GeoMap.GeoMap:PersistentLevel.GeoMap' with GeneratedClass '/Game/Maps/GeoMap.GeoMap_C' with ClassGeneratedBy '/Game/Maps/GeoMap.GeoMap:PersistentLevel.GeoMap'
[2015.11.26-00.37.12:368][652]LogPlayLevel: PlayLevel: No blueprints needed recompiling
[2015.11.26-00.37.12:369][652]PIE: New page: PIE session: GeoMap (Nov 25, 2015, 10:37:12 AM)
[2015.11.26-00.37.12:369][652]LogPlayLevel: Creating play world package: /Game/Maps/UEDPIE_0_GeoMap
[2015.11.26-00.37.12:393][652]LogPlayLevel: PIE: StaticDuplicateObject took: (0.024260s)
[2015.11.26-00.37.12:394][652]LogAIModule: Creating AISystem for world GeoMap
[2015.11.26-00.37.12:394][652]LogPlayLevel: PIE: World Init took: (0.000734s)
[2015.11.26-00.37.12:394][652]LogPlayLevel: PIE: Created PIE world by copying editor world from /Game/Maps/GeoMap.GeoMap to /Game/Maps/UEDPIE_0_GeoMap.GeoMap (0.025174s)
[2015.11.26-00.37.12:410][652]LogInit: XAudio2 using 'Headphones (High Definition Audio Device)' : 2 channels at 44.1 kHz using 16 bits per sample (channel mask 0x3)
[2015.11.26-00.37.12:416][652]LogInit: FAudioDevice initialized.
[2015.11.26-00.37.12:449][652]LogWorld: Game class is 'SillyGeoGameMode_C'
[2015.11.26-00.37.12:456][652]LogWorld: Bringing World /Game/Maps/UEDPIE_0_GeoMap.GeoMap up for play (max tick rate 0) at 2015.11.25-17.37.12
[2015.11.26-00.37.12:456][652]LogActor:Warning: GameSession /Game/Maps/UEDPIE_0_GeoMap.GeoMap:PersistentLevel.GameSession_3 has natively added scene component(s), but none of them were set as the actor's RootComponent - picking one arbitrarily
[2015.11.26-00.37.12:456][652]LogActor:Warning: GameNetworkManager /Game/Maps/UEDPIE_0_GeoMap.GeoMap:PersistentLevel.GameNetworkManager_3 has natively added scene component(s), but none of them were set as the actor's RootComponent - picking one arbitrarily
[2015.11.26-00.37.12:456][652]LogWorld: Bringing up level for play took: 0.006578
[2015.11.26-00.37.12:458][652]PIE: Info Play in editor start time for /Game/Maps/UEDPIE_0_GeoMap 0.289
[2015.11.26-00.37.12:458][652]LogBlueprintUserMessages: Late PlayInEditor Detection: Level '/Game/Maps/GeoMap.GeoMap:PersistentLevel' has LevelScriptBlueprint '/Game/Maps/GeoMap.GeoMap:PersistentLevel.GeoMap' with GeneratedClass '/Game/Maps/GeoMap.GeoMap_C' with ClassGeneratedBy '/Game/Maps/GeoMap.GeoMap:PersistentLevel.GeoMap'
[2015.11.26-00.37.32:517][ 49]LogBlueprintUserMessages: Early EndPlayMap Detection: Level '/Game/Maps/GeoMap.GeoMap:PersistentLevel' has LevelScriptBlueprint '/Game/Maps/GeoMap.GeoMap:PersistentLevel.GeoMap' with GeneratedClass '/Game/Maps/GeoMap.GeoMap_C' with ClassGeneratedBy '/Game/Maps/GeoMap.GeoMap:PersistentLevel.GeoMap'
[2015.11.26-00.37.32:553][ 49]LogBlueprintUserMessages: Late EndPlayMap Detection: Level '/Game/Maps/GeoMap.GeoMap:PersistentLevel' has LevelScriptBlueprint '/Game/Maps/GeoMap.GeoMap:PersistentLevel.GeoMap' with GeneratedClass '/Game/Maps/GeoMap.GeoMap_C' with ClassGeneratedBy '/Game/Maps/GeoMap.GeoMap:PersistentLevel.GeoMap'
[2015.11.26-00.37.32:587][ 50]LogParticles: Destroying 0 GPU particle simulations for FXSystem 0x000001DCAC3816C0
[2015.11.26-00.37.42:061][167]Cmd: OBJ SAVEPACKAGE PACKAGE="/Game/Background" FILE="C:/Users/Wade Meyers/Documents/Unreal Projects/SillyGeo/Content/Background.uasset" SILENT=true
[2015.11.26-00.37.42:070][167]LogSavePackage: Save=6.567221ms
[2015.11.26-00.37.42:070][167]LogSavePackage: Moving 'C:/Users/Wade Meyers/Documents/Unreal Projects/SillyGeo/Saved/Background004A9CDC4300BF9C764D28B4E3495EA6.tmp' to 'C:/Users/Wade Meyers/Documents/Unreal Projects/SillyGeo/Content/Background.uasset'
[2015.11.26-00.37.42:073][167]LogSavePackage: Total save time: 11.585552ms
[2015.11.26-00.37.42:073][167]LogSavePackage:Display: Finished SavePackage C:/Users/Wade Meyers/Documents/Unreal Projects/SillyGeo/Content/Background.uasset
[2015.11.26-00.38.09:477][430]Cmd: OBJ SAVEPACKAGE PACKAGE="/Game/Maps/GeoMap" FILE="C:/Users/Wade Meyers/Documents/Unreal Projects/SillyGeo/Saved/Autosaves/Game/Maps/GeoMap_Auto1.umap" SILENT=true AUTOSAVING=true KEEPDIRTY=false
[2015.11.26-00.38.09:577][430]LogSavePackage: Save=90.743965ms
[2015.11.26-00.38.09:577][430]LogSavePackage: Moving 'C:/Users/Wade Meyers/Documents/Unreal Projects/SillyGeo/Saved/GeoMap_Auto11B558C804375CB318E38238030C55FA3.tmp' to 'C:/Users/Wade Meyers/Documents/Unreal Projects/SillyGeo/Saved/Autosaves/Game/Maps/GeoMap_Auto1.umap'
[2015.11.26-00.38.09:578][430]LogSavePackage: Total save time: 100.413319ms
[2015.11.26-00.38.09:578][430]LogSavePackage:Display: Finished SavePackage C:/Users/Wade Meyers/Documents/Unreal Projects/SillyGeo/Saved/Autosaves/Game/Maps/GeoMap_Auto1.umap
[2015.11.26-00.38.09:583][430]LogFileHelpers: Editor autosave (incl. sublevels) for '/Game/Maps/GeoMap' took 0.123
[2015.11.26-00.38.09:583][430]LogFileHelpers: Editor autosave (incl. sublevels) for all levels took 0.123
[2015.11.26-00.38.09:586][430]Cmd: OBJ SAVEPACKAGE PACKAGE="/Game/NewPaperSprite" FILE="C:/Users/Wade Meyers/Documents/Unreal Projects/SillyGeo/Saved/Autosaves/Game/NewPaperSprite_Auto1.uasset" SILENT=false AUTOSAVING=true
[2015.11.26-00.38.09:590][430]LogSavePackage: Save=2.618491ms
[2015.11.26-00.38.09:590][430]LogSavePackage: Moving 'C:/Users/Wade Meyers/Documents/Unreal Projects/SillyGeo/Saved/NewPaperSprite_Auto16F1E02AA4FEE52C70EC76DB890800C37.tmp' to 'C:/Users/Wade Meyers/Documents/Unreal Projects/SillyGeo/Saved/Autosaves/Game/NewPaperSprite_Auto1.uasset'
[2015.11.26-00.38.09:591][430]LogSavePackage: Total save time: 3.440212ms
[2015.11.26-00.38.09:591][430]LogSavePackage:Display: Finished SavePackage C:/Users/Wade Meyers/Documents/Unreal Projects/SillyGeo/Saved/Autosaves/Game/NewPaperSprite_Auto1.uasset
[2015.11.26-00.38.09:591][430]LogFileHelpers: Auto-saving content packages took 0.007
[2015.11.26-00.40.47:167][558]LogLinker:Warning: Asset '../../../Engine/Content/ArtTools/RenderToTexture/Macros/RenderToTextureMacros.uasset' has been saved with empty engine version. The asset will be loaded but may be incompatible.
[2015.11.26-00.40.47:488][558]LogContentBrowser: Native class hierarchy updated for 'BlueprintGraph' in 0.0007 seconds. Added 107 classes and 0 folders.
[2015.11.26-00.42.18:407][276]LogBlueprintUserMessages: Early PlayInEditor Detection: Level '/Game/Maps/GeoMap.GeoMap:PersistentLevel' has LevelScriptBlueprint '/Game/Maps/GeoMap.GeoMap:PersistentLevel.GeoMap' with GeneratedClass '/Game/Maps/GeoMap.GeoMap_C' with ClassGeneratedBy '/Game/Maps/GeoMap.GeoMap:PersistentLevel.GeoMap'
[2015.11.26-00.42.18:407][276]LogPlayLevel: PlayLevel: No blueprints needed recompiling
[2015.11.26-00.42.18:407][276]PIE: New page: PIE session: GeoMap (Nov 25, 2015, 10:42:18 AM)
[2015.11.26-00.42.18:407][276]LogPlayLevel: Creating play world package: /Game/Maps/UEDPIE_0_GeoMap
[2015.11.26-00.42.18:435][276]LogPlayLevel: PIE: StaticDuplicateObject took: (0.028058s)
[2015.11.26-00.42.18:436][276]LogAIModule: Creating AISystem for world GeoMap
[2015.11.26-00.42.18:436][276]LogPlayLevel: PIE: World Init took: (0.000868s)
[2015.11.26-00.42.18:436][276]LogPlayLevel: PIE: Created PIE world by copying editor world from /Game/Maps/GeoMap.GeoMap to /Game/Maps/UEDPIE_0_GeoMap.GeoMap (0.029113s)
[2015.11.26-00.42.18:457][276]LogParticles: Destroying 0 GPU particle simulations for FXSystem 0x000001DCE696A2A0
[2015.11.26-00.42.18:464][276]LogInit: XAudio2 using 'Headphones (High Definition Audio Device)' : 2 channels at 44.1 kHz using 16 bits per sample (channel mask 0x3)
[2015.11.26-00.42.18:470][276]LogInit: FAudioDevice initialized.
[2015.11.26-00.42.18:503][276]LogWorld: Game class is 'SillyGeoGameMode_C'
[2015.11.26-00.42.18:510][276]LogWorld: Bringing World /Game/Maps/UEDPIE_0_GeoMap.GeoMap up for play (max tick rate 0) at 2015.11.25-17.42.18
[2015.11.26-00.42.18:510][276]LogActor:Warning: GameSession /Game/Maps/UEDPIE_0_GeoMap.GeoMap:PersistentLevel.GameSession_4 has natively added scene component(s), but none of them were set as the actor's RootComponent - picking one arbitrarily
[2015.11.26-00.42.18:510][276]LogActor:Warning: GameNetworkManager /Game/Maps/UEDPIE_0_GeoMap.GeoMap:PersistentLevel.GameNetworkManager_4 has natively added scene component(s), but none of them were set as the actor's RootComponent - picking one arbitrarily
[2015.11.26-00.42.18:511][276]LogWorld: Bringing up level for play took: 0.007137
[2015.11.26-00.42.18:513][276]PIE: Info Play in editor start time for /Game/Maps/UEDPIE_0_GeoMap 0.344
[2015.11.26-00.42.18:513][276]LogBlueprintUserMessages: Late PlayInEditor Detection: Level '/Game/Maps/GeoMap.GeoMap:PersistentLevel' has LevelScriptBlueprint '/Game/Maps/GeoMap.GeoMap:PersistentLevel.GeoMap' with GeneratedClass '/Game/Maps/GeoMap.GeoMap_C' with ClassGeneratedBy '/Game/Maps/GeoMap.GeoMap:PersistentLevel.GeoMap'
[2015.11.26-00.42.33:296][ 41]LogPrimitiveComponent: Zero scaling not supported (/Game/Maps/UEDPIE_0_GeoMap.GeoMap:PersistentLevel.BP_Player_C_1.WeaponWings)
[2015.11.26-00.42.45:720][531]LogBlueprintUserMessages: Early EndPlayMap Detection: Level '/Game/Maps/GeoMap.GeoMap:PersistentLevel' has LevelScriptBlueprint '/Game/Maps/GeoMap.GeoMap:PersistentLevel.GeoMap' with GeneratedClass '/Game/Maps/GeoMap.GeoMap_C' with ClassGeneratedBy '/Game/Maps/GeoMap.GeoMap:PersistentLevel.GeoMap'
[2015.11.26-00.42.45:757][531]LogBlueprintUserMessages: Late EndPlayMap Detection: Level '/Game/Maps/GeoMap.GeoMap:PersistentLevel' has LevelScriptBlueprint '/Game/Maps/GeoMap.GeoMap:PersistentLevel.GeoMap' with GeneratedClass '/Game/Maps/GeoMap.GeoMap_C' with ClassGeneratedBy '/Game/Maps/GeoMap.GeoMap:PersistentLevel.GeoMap'
[2015.11.26-00.42.45:780][531]LogParticles: Destroying 0 GPU particle simulations for FXSystem 0x000001DC9311B240
[2015.11.26-00.43.03:845][913]LogBlueprintUserMessages: Early PlayInEditor Detection: Level '/Game/Maps/GeoMap.GeoMap:PersistentLevel' has LevelScriptBlueprint '/Game/Maps/GeoMap.GeoMap:PersistentLevel.GeoMap' with GeneratedClass '/Game/Maps/GeoMap.GeoMap_C' with ClassGeneratedBy '/Game/Maps/GeoMap.GeoMap:PersistentLevel.GeoMap'
[2015.11.26-00.43.03:845][913]LogPlayLevel: PlayLevel: No blueprints needed recompiling
[2015.11.26-00.43.03:845][913]PIE: New page: PIE session: GeoMap (Nov 25, 2015, 10:43:03 AM)
[2015.11.26-00.43.03:845][913]LogPlayLevel: Creating play world package: /Game/Maps/UEDPIE_0_GeoMap
[2015.11.26-00.43.03:870][913]LogPlayLevel: PIE: StaticDuplicateObject took: (0.024361s)
[2015.11.26-00.43.03:870][913]LogAIModule: Creating AISystem for world GeoMap
[2015.11.26-00.43.03:871][913]LogPlayLevel: PIE: World Init took: (0.000942s)
[2015.11.26-00.43.03:871][913]LogPlayLevel: PIE: Created PIE world by copying editor world from /Game/Maps/GeoMap.GeoMap to /Game/Maps/UEDPIE_0_GeoMap.GeoMap (0.025529s)
[2015.11.26-00.43.03:895][913]LogInit: XAudio2 using 'Headphones (High Definition Audio Device)' : 2 channels at 44.1 kHz using 16 bits per sample (channel mask 0x3)
[2015.11.26-00.43.03:900][913]LogInit: FAudioDevice initialized.
[2015.11.26-00.43.03:935][913]LogWorld: Game class is 'SillyGeoGameMode_C'
[2015.11.26-00.43.03:942][913]LogWorld: Bringing World /Game/Maps/UEDPIE_0_GeoMap.GeoMap up for play (max tick rate 0) at 2015.11.25-17.43.03
[2015.11.26-00.43.03:942][913]LogActor:Warning: GameSession /Game/Maps/UEDPIE_0_GeoMap.GeoMap:PersistentLevel.GameSession_5 has natively added scene component(s), but none of them were set as the actor's RootComponent - picking one arbitrarily
[2015.11.26-00.43.03:942][913]LogActor:Warning: GameNetworkManager /Game/Maps/UEDPIE_0_GeoMap.GeoMap:PersistentLevel.GameNetworkManager_5 has natively added scene component(s), but none of them were set as the actor's RootComponent - picking one arbitrarily
[2015.11.26-00.43.03:943][913]LogWorld: Bringing up level for play took: 0.007075
[2015.11.26-00.43.03:944][913]PIE: Info Play in editor start time for /Game/Maps/UEDPIE_0_GeoMap -0.225
[2015.11.26-00.43.03:945][913]LogBlueprintUserMessages: Late PlayInEditor Detection: Level '/Game/Maps/GeoMap.GeoMap:PersistentLevel' has LevelScriptBlueprint '/Game/Maps/GeoMap.GeoMap:PersistentLevel.GeoMap' with GeneratedClass '/Game/Maps/GeoMap.GeoMap_C' with ClassGeneratedBy '/Game/Maps/GeoMap.GeoMap:PersistentLevel.GeoMap'
[2015.11.26-00.43.07:945][387]LogBlueprintUserMessages: Early EndPlayMap Detection: Level '/Game/Maps/GeoMap.GeoMap:PersistentLevel' has LevelScriptBlueprint '/Game/Maps/GeoMap.GeoMap:PersistentLevel.GeoMap' with GeneratedClass '/Game/Maps/GeoMap.GeoMap_C' with ClassGeneratedBy '/Game/Maps/GeoMap.GeoMap:PersistentLevel.GeoMap'
[2015.11.26-00.43.07:980][387]LogBlueprintUserMessages: Late EndPlayMap Detection: Level '/Game/Maps/GeoMap.GeoMap:PersistentLevel' has LevelScriptBlueprint '/Game/Maps/GeoMap.GeoMap:PersistentLevel.GeoMap' with GeneratedClass '/Game/Maps/GeoMap.GeoMap_C' with ClassGeneratedBy '/Game/Maps/GeoMap.GeoMap:PersistentLevel.GeoMap'
[2015.11.26-00.43.08:021][388]LogParticles: Destroying 0 GPU particle simulations for FXSystem 0x000001DC8AAB8CC0
[2015.11.26-00.47.33:937][  7]LogEditorViewport: Clicking on Actor (LMB): StaticMeshActor (Shape_Plane3)
[2015.11.26-00.47.40:385][542]LogEditorViewport: Clicking on Actor (LMB): StaticMeshActor (Shape_Plane3)
[2015.11.26-00.47.41:044][607]LogEditorViewport: Clicking on Actor (LMB): BlockingVolume (BlockingVolume13)
[2015.11.26-00.47.44:856][984]LogEditorViewport: Clicking on Actor (LMB): StaticMeshActor (Shape_Plane3)
[2015.11.26-00.47.47:938][293]LogEditorViewport: Clicking on Actor (LMB): StaticMeshActor (Shape_Plane3)
[2015.11.26-00.47.48:528][352]LogEditorViewport: Clicking on Actor (LMB): StaticMeshActor (Shape_Plane3)
[2015.11.26-00.47.48:974][396]LogEditorViewport: Clicking on Actor (LMB): BlockingVolume (BlockingVolume5)
[2015.11.26-00.47.51:746][676]LogEditorViewport: Clicking on Actor (LMB): BlockingVolume (BlockingVolume10)
[2015.11.26-00.47.57:567][264]LogEditorViewport: Clicking on Actor (LMB): NavMeshBoundsVolume (NavMeshBoundsVolume1)
[2015.11.26-00.49.08:036][285]LogBlueprintUserMessages: Early PlayInEditor Detection: Level '/Game/Maps/GeoMap.GeoMap:PersistentLevel' has LevelScriptBlueprint '/Game/Maps/GeoMap.GeoMap:PersistentLevel.GeoMap' with GeneratedClass '/Game/Maps/GeoMap.GeoMap_C' with ClassGeneratedBy '/Game/Maps/GeoMap.GeoMap:PersistentLevel.GeoMap'
[2015.11.26-00.49.08:036][285]LogPlayLevel: PlayLevel: No blueprints needed recompiling
[2015.11.26-00.49.08:036][285]PIE: New page: PIE session: GeoMap (Nov 25, 2015, 10:49:08 AM)
[2015.11.26-00.49.08:036][285]LogPlayLevel: Creating play world package: /Game/Maps/UEDPIE_0_GeoMap
[2015.11.26-00.49.08:066][285]LogPlayLevel: PIE: StaticDuplicateObject took: (0.029749s)
[2015.11.26-00.49.08:067][285]LogAIModule: Creating AISystem for world GeoMap
[2015.11.26-00.49.08:067][285]LogPlayLevel: PIE: World Init took: (0.000775s)
[2015.11.26-00.49.08:067][285]LogPlayLevel: PIE: Created PIE world by copying editor world from /Game/Maps/GeoMap.GeoMap to /Game/Maps/UEDPIE_0_GeoMap.GeoMap (0.030756s)
[2015.11.26-00.49.08:096][285]LogInit: XAudio2 using 'Headphones (High Definition Audio Device)' : 2 channels at 44.1 kHz using 16 bits per sample (channel mask 0x3)
[2015.11.26-00.49.08:103][285]LogInit: FAudioDevice initialized.
[2015.11.26-00.49.08:137][285]LogWorld: Game class is 'SillyGeoGameMode_C'
[2015.11.26-00.49.08:143][285]LogWorld: Bringing World /Game/Maps/UEDPIE_0_GeoMap.GeoMap up for play (max tick rate 0) at 2015.11.25-17.49.08
[2015.11.26-00.49.08:143][285]LogActor:Warning: GameSession /Game/Maps/UEDPIE_0_GeoMap.GeoMap:PersistentLevel.GameSession_6 has natively added scene component(s), but none of them were set as the actor's RootComponent - picking one arbitrarily
[2015.11.26-00.49.08:144][285]LogActor:Warning: GameNetworkManager /Game/Maps/UEDPIE_0_GeoMap.GeoMap:PersistentLevel.GameNetworkManager_6 has natively added scene component(s), but none of them were set as the actor's RootComponent - picking one arbitrarily
[2015.11.26-00.49.08:144][285]LogWorld: Bringing up level for play took: 0.007001
[2015.11.26-00.49.08:146][285]PIE: Info Play in editor start time for /Game/Maps/UEDPIE_0_GeoMap -0.023
[2015.11.26-00.49.08:146][285]LogBlueprintUserMessages: Late PlayInEditor Detection: Level '/Game/Maps/GeoMap.GeoMap:PersistentLevel' has LevelScriptBlueprint '/Game/Maps/GeoMap.GeoMap:PersistentLevel.GeoMap' with GeneratedClass '/Game/Maps/GeoMap.GeoMap_C' with ClassGeneratedBy '/Game/Maps/GeoMap.GeoMap:PersistentLevel.GeoMap'
[2015.11.26-00.49.43:067][688]LogPrimitiveComponent: Zero scaling not supported (/Game/Maps/UEDPIE_0_GeoMap.GeoMap:PersistentLevel.BP_Player_C_1.WeaponWings)
[2015.11.26-00.49.58:029][132]LogPrimitiveComponent: Zero scaling not supported (/Game/Maps/UEDPIE_0_GeoMap.GeoMap:PersistentLevel.PlayerProjectile_C_224.Proj_Source)
[2015.11.26-00.50.04:293][770]LogBlueprintUserMessages: Early EndPlayMap Detection: Level '/Game/Maps/GeoMap.GeoMap:PersistentLevel' has LevelScriptBlueprint '/Game/Maps/GeoMap.GeoMap:PersistentLevel.GeoMap' with GeneratedClass '/Game/Maps/GeoMap.GeoMap_C' with ClassGeneratedBy '/Game/Maps/GeoMap.GeoMap:PersistentLevel.GeoMap'
[2015.11.26-00.50.04:345][770]LogBlueprintUserMessages: Late EndPlayMap Detection: Level '/Game/Maps/GeoMap.GeoMap:PersistentLevel' has LevelScriptBlueprint '/Game/Maps/GeoMap.GeoMap:PersistentLevel.GeoMap' with GeneratedClass '/Game/Maps/GeoMap.GeoMap_C' with ClassGeneratedBy '/Game/Maps/GeoMap.GeoMap:PersistentLevel.GeoMap'
[2015.11.26-00.50.04:373][770]LogParticles: Destroying 0 GPU particle simulations for FXSystem 0x000001DD0007EFC0
[2015.11.26-00.50.30:283][212]LogEditorViewport: Clicking on Actor (LMB): StaticMeshActor (Shape_Plane3)
[2015.11.26-00.50.43:962][532]LogEditorViewport: Clicking on Actor (LMB): BP_Player_C (BP_Player)
[2015.11.26-00.50.51:202][217]LogEditorViewport: Clicking on Actor (LMB): StaticMeshActor (Shape_Plane3)
[2015.11.26-00.50.54:209][476]LogEditorViewport: Clicking on Actor (LMB): SphereReflectionCapture (SphereReflectionCapture_11)
[2015.11.26-00.51.05:274][552]LogBlueprintUserMessages: Early PlayInEditor Detection: Level '/Game/Maps/GeoMap.GeoMap:PersistentLevel' has LevelScriptBlueprint '/Game/Maps/GeoMap.GeoMap:PersistentLevel.GeoMap' with GeneratedClass '/Game/Maps/GeoMap.GeoMap_C' with ClassGeneratedBy '/Game/Maps/GeoMap.GeoMap:PersistentLevel.GeoMap'
[2015.11.26-00.51.05:274][552]LogPlayLevel: PlayLevel: No blueprints needed recompiling
[2015.11.26-00.51.05:274][552]PIE: New page: PIE session: GeoMap (Nov 25, 2015, 10:51:05 AM)
[2015.11.26-00.51.05:274][552]LogPlayLevel: Creating play world package: /Game/Maps/UEDPIE_0_GeoMap
[2015.11.26-00.51.05:302][552]LogPlayLevel: PIE: StaticDuplicateObject took: (0.028090s)
[2015.11.26-00.51.05:303][552]LogAIModule: Creating AISystem for world GeoMap
[2015.11.26-00.51.05:303][552]LogPlayLevel: PIE: World Init took: (0.000883s)
[2015.11.26-00.51.05:303][552]LogPlayLevel: PIE: Created PIE world by copying editor world from /Game/Maps/GeoMap.GeoMap to /Game/Maps/UEDPIE_0_GeoMap.GeoMap (0.029208s)
[2015.11.26-00.51.05:329][552]LogInit: XAudio2 using 'Headphones (High Definition Audio Device)' : 2 channels at 44.1 kHz using 16 bits per sample (channel mask 0x3)
[2015.11.26-00.51.05:335][552]LogInit: FAudioDevice initialized.
[2015.11.26-00.51.05:370][552]LogWorld: Game class is 'SillyGeoGameMode_C'
[2015.11.26-00.51.05:377][552]LogWorld: Bringing World /Game/Maps/UEDPIE_0_GeoMap.GeoMap up for play (max tick rate 0) at 2015.11.25-17.51.05
[2015.11.26-00.51.05:377][552]LogActor:Warning: GameSession /Game/Maps/UEDPIE_0_GeoMap.GeoMap:PersistentLevel.GameSession_7 has natively added scene component(s), but none of them were set as the actor's RootComponent - picking one arbitrarily
[2015.11.26-00.51.05:377][552]LogActor:Warning: GameNetworkManager /Game/Maps/UEDPIE_0_GeoMap.GeoMap:PersistentLevel.GameNetworkManager_7 has natively added scene component(s), but none of them were set as the actor's RootComponent - picking one arbitrarily
[2015.11.26-00.51.05:378][552]LogWorld: Bringing up level for play took: 0.006933
[2015.11.26-00.51.05:379][552]PIE: Info Play in editor start time for /Game/Maps/UEDPIE_0_GeoMap -0.79
[2015.11.26-00.51.05:379][552]LogBlueprintUserMessages: Late PlayInEditor Detection: Level '/Game/Maps/GeoMap.GeoMap:PersistentLevel' has LevelScriptBlueprint '/Game/Maps/GeoMap.GeoMap:PersistentLevel.GeoMap' with GeneratedClass '/Game/Maps/GeoMap.GeoMap_C' with ClassGeneratedBy '/Game/Maps/GeoMap.GeoMap:PersistentLevel.GeoMap'
[2015.11.26-00.51.13:337][278]LogBlueprintUserMessages: [BP_Player_C_1] YOU DIED
[2015.11.26-00.51.14:820][419]LogBlueprintUserMessages: Early EndPlayMap Detection: Level '/Game/Maps/GeoMap.GeoMap:PersistentLevel' has LevelScriptBlueprint '/Game/Maps/GeoMap.GeoMap:PersistentLevel.GeoMap' with GeneratedClass '/Game/Maps/GeoMap.GeoMap_C' with ClassGeneratedBy '/Game/Maps/GeoMap.GeoMap:PersistentLevel.GeoMap'
[2015.11.26-00.51.14:866][419]LogBlueprintUserMessages: Late EndPlayMap Detection: Level '/Game/Maps/GeoMap.GeoMap:PersistentLevel' has LevelScriptBlueprint '/Game/Maps/GeoMap.GeoMap:PersistentLevel.GeoMap' with GeneratedClass '/Game/Maps/GeoMap.GeoMap_C' with ClassGeneratedBy '/Game/Maps/GeoMap.GeoMap:PersistentLevel.GeoMap'
[2015.11.26-00.51.15:023][420]LogParticles: Destroying 0 GPU particle simulations for FXSystem 0x000001DD0E553880
[2015.11.26-00.51.43:548][999]Cmd: OBJ SAVEPACKAGE PACKAGE="/Game/Maps/GeoMap" FILE="C:/Users/Wade Meyers/Documents/Unreal Projects/SillyGeo/Content/Maps/GeoMap.umap" SILENT=true AUTOSAVING=false KEEPDIRTY=false
[2015.11.26-00.51.43:675][999]LogSavePackage: Save=97.676323ms
[2015.11.26-00.51.43:675][999]LogSavePackage: Moving 'C:/Users/Wade Meyers/Documents/Unreal Projects/SillyGeo/Saved/GeoMap0F6887A6470CC89DD11C758D4F26569F.tmp' to 'C:/Users/Wade Meyers/Documents/Unreal Projects/SillyGeo/Content/Maps/GeoMap.umap'
[2015.11.26-00.51.43:679][999]LogSavePackage: Total save time: 107.996646ms
[2015.11.26-00.51.43:679][999]LogSavePackage:Display: Finished SavePackage C:/Users/Wade Meyers/Documents/Unreal Projects/SillyGeo/Content/Maps/GeoMap.umap
[2015.11.26-00.51.43:713][999]LogFileHelpers: Saving map 'GeoMap' took 0.215
[2015.11.26-00.51.43:727][999]Cmd: OBJ SAVEPACKAGE PACKAGE="/Game/Enemies/Blueprints/BP_EnemySpawner" FILE="C:/Users/Wade Meyers/Documents/Unreal Projects/SillyGeo/Content/Enemies/Blueprints/BP_EnemySpawner.uasset" SILENT=true
[2015.11.26-00.51.43:872][999]LogSavePackage: Save=140.585175ms
[2015.11.26-00.51.43:872][999]LogSavePackage: Moving 'C:/Users/Wade Meyers/Documents/Unreal Projects/SillyGeo/Saved/BP_EnemySpawner9A66A9344ED6BD4C1DFAFFA93AC881ED.tmp' to 'C:/Users/Wade Meyers/Documents